{"meta": {"format": 3, "version": "7.10.2", "timestamp": "2025-08-11T01:26:45.657891", "branch_coverage": true, "show_contexts": false}, "files": {"src/shared_context_server/__init__.py": {"executed_lines": [1, 8, 9, 11, 12, 20], "summary": {"covered_lines": 5, "num_statements": 5, "percent_covered": 100.0, "percent_covered_display": "100", "missing_lines": 0, "excluded_lines": 0, "num_branches": 0, "num_partial_branches": 0, "covered_branches": 0, "missing_branches": 0}, "missing_lines": [], "excluded_lines": [], "executed_branches": [], "missing_branches": [], "functions": {"": {"executed_lines": [1, 8, 9, 11, 12, 20], "summary": {"covered_lines": 5, "num_statements": 5, "percent_covered": 100.0, "percent_covered_display": "100", "missing_lines": 0, "excluded_lines": 0, "num_branches": 0, "num_partial_branches": 0, "covered_branches": 0, "missing_branches": 0}, "missing_lines": [], "excluded_lines": [], "executed_branches": [], "missing_branches": []}}, "classes": {"": {"executed_lines": [1, 8, 9, 11, 12, 20], "summary": {"covered_lines": 5, "num_statements": 5, "percent_covered": 100.0, "percent_covered_display": "100", "missing_lines": 0, "excluded_lines": 0, "num_branches": 0, "num_partial_branches": 0, "covered_branches": 0, "missing_branches": 0}, "missing_lines": [], "excluded_lines": [], "executed_branches": [], "missing_branches": []}}}, "src/shared_context_server/auth.py": {"executed_lines": [1, 15, 17, 18, 19, 20, 21, 22, 23, 25, 26, 28, 29, 31, 34, 35, 36, 43, 44, 45, 46, 47, 48, 49, 50, 53, 63, 66, 74, 77, 78, 85, 88, 89, 90, 91, 95, 96, 101, 103, 104, 107, 110, 112, 114, 128, 130, 141, 142, 146, 148, 158, 159, 169, 170, 171, 173, 174, 177, 180, 181, 185, 195, 196, 197, 198, 199, 200, 201, 202, 203, 205, 219, 229, 232, 242, 243, 245, 246, 250, 253, 264, 265, 266, 268, 269, 271, 272, 273, 275, 276, 281, 282, 283, 285, 286, 289, 299, 301, 303, 306, 317, 320, 321, 332, 333, 334, 336, 339, 341, 351, 366, 367, 368, 382, 383, 384, 388, 401, 402, 403, 405, 407, 408, 410, 411, 413, 415, 424, 427, 437, 439, 441, 446, 449, 455, 458, 460, 462, 465, 466, 473, 474, 479, 481, 484, 485, 492, 500, 502, 503, 510, 511, 514, 522], "summary": {"covered_lines": 152, "num_statements": 153, "percent_covered": 97.88359788359789, "percent_covered_display": "98", "missing_lines": 1, "excluded_lines": 0, "num_branches": 36, "num_partial_branches": 3, "covered_branches": 33, "missing_branches": 3}, "missing_lines": [471], "excluded_lines": [], "executed_branches": [[89, 90], [89, 101], [90, 91], [90, 95], [173, 174], [173, 177], [180, 181], [180, 185], [242, 243], [242, 245], [269, 271], [269, 275], [271, 269], [271, 272], [275, 276], [275, 281], [285, 286], [285, 299], [320, 321], [320, 332], [333, 334], [333, 336], [405, 407], [405, 465], [413, 415], [413, 439], [439, 441], [439, 465], [460, 462], [466, 473], [473, 474], [502, -388], [502, 503]], "missing_branches": [[460, 465], [466, 471], [473, -388]], "functions": {"get_auth_info": {"executed_lines": [63], "summary": {"covered_lines": 1, "num_statements": 1, "percent_covered": 100.0, "percent_covered_display": "100", "missing_lines": 0, "excluded_lines": 0, "num_branches": 0, "num_partial_branches": 0, "covered_branches": 0, "missing_branches": 0}, "missing_lines": [], "excluded_lines": [], "executed_branches": [], "missing_branches": []}, "set_auth_info": {"executed_lines": [74], "summary": {"covered_lines": 1, "num_statements": 1, "percent_covered": 100.0, "percent_covered_display": "100", "missing_lines": 0, "excluded_lines": 0, "num_branches": 0, "num_partial_branches": 0, "covered_branches": 0, "missing_branches": 0}, "missing_lines": [], "excluded_lines": [], "executed_branches": [], "missing_branches": []}, "JWTAuthenticationManager.__init__": {"executed_lines": [88, 89, 90, 91, 95, 96, 101, 103, 104, 107, 110, 112], "summary": {"covered_lines": 12, "num_statements": 12, "percent_covered": 100.0, "percent_covered_display": "100", "missing_lines": 0, "excluded_lines": 0, "num_branches": 4, "num_partial_branches": 0, "covered_branches": 4, "missing_branches": 0}, "missing_lines": [], "excluded_lines": [], "executed_branches": [[89, 90], [89, 101], [90, 91], [90, 95]], "missing_branches": []}, "JWTAuthenticationManager.generate_token": {"executed_lines": [128, 130, 141, 142, 146], "summary": {"covered_lines": 5, "num_statements": 5, "percent_covered": 100.0, "percent_covered_display": "100", "missing_lines": 0, "excluded_lines": 0, "num_branches": 0, "num_partial_branches": 0, "covered_branches": 0, "missing_branches": 0}, "missing_lines": [], "excluded_lines": [], "executed_branches": [], "missing_branches": []}, "JWTAuthenticationManager.validate_token": {"executed_lines": [158, 159, 169, 170, 171, 173, 174, 177, 180, 181, 185, 195, 196, 197, 198, 199, 200, 201, 202, 203], "summary": {"covered_lines": 20, "num_statements": 20, "percent_covered": 100.0, "percent_covered_display": "100", "missing_lines": 0, "excluded_lines": 0, "num_branches": 4, "num_partial_branches": 0, "covered_branches": 4, "missing_branches": 0}, "missing_lines": [], "excluded_lines": [], "executed_branches": [[173, 174], [173, 177], [180, 181], [180, 185]], "missing_branches": []}, "JWTAuthenticationManager.determine_permissions": {"executed_lines": [219, 229, 232, 242, 243, 245, 246], "summary": {"covered_lines": 7, "num_statements": 7, "percent_covered": 100.0, "percent_covered_display": "100", "missing_lines": 0, "excluded_lines": 0, "num_branches": 2, "num_partial_branches": 0, "covered_branches": 2, "missing_branches": 0}, "missing_lines": [], "excluded_lines": [], "executed_branches": [[242, 243], [242, 245]], "missing_branches": []}, "require_permission": {"executed_lines": [264, 265, 303], "summary": {"covered_lines": 3, "num_statements": 3, "percent_covered": 100.0, "percent_covered_display": "100", "missing_lines": 0, "excluded_lines": 0, "num_branches": 0, "num_partial_branches": 0, "covered_branches": 0, "missing_branches": 0}, "missing_lines": [], "excluded_lines": [], "executed_branches": [], "missing_branches": []}, "require_permission.decorator": {"executed_lines": [266, 301], "summary": {"covered_lines": 2, "num_statements": 2, "percent_covered": 100.0, "percent_covered_display": "100", "missing_lines": 0, "excluded_lines": 0, "num_branches": 0, "num_partial_branches": 0, "covered_branches": 0, "missing_branches": 0}, "missing_lines": [], "excluded_lines": [], "executed_branches": [], "missing_branches": []}, "require_permission.decorator.wrapper": {"executed_lines": [268, 269, 271, 272, 273, 275, 276, 281, 282, 283, 285, 286, 289, 299], "summary": {"covered_lines": 14, "num_statements": 14, "percent_covered": 100.0, "percent_covered_display": "100", "missing_lines": 0, "excluded_lines": 0, "num_branches": 8, "num_partial_branches": 0, "covered_branches": 8, "missing_branches": 0}, "missing_lines": [], "excluded_lines": [], "executed_branches": [[269, 271], [269, 275], [271, 269], [271, 272], [275, 276], [275, 281], [285, 286], [285, 299]], "missing_branches": []}, "extract_agent_context": {"executed_lines": [317, 320, 321, 332, 333, 334, 336, 339, 341], "summary": {"covered_lines": 9, "num_statements": 9, "percent_covered": 100.0, "percent_covered_display": "100", "missing_lines": 0, "excluded_lines": 0, "num_branches": 4, "num_partial_branches": 0, "covered_branches": 4, "missing_branches": 0}, "missing_lines": [], "excluded_lines": [], "executed_branches": [[320, 321], [320, 332], [333, 334], [333, 336]], "missing_branches": []}, "audit_log_auth_event": {"executed_lines": [366, 367, 368, 382, 383, 384], "summary": {"covered_lines": 6, "num_statements": 6, "percent_covered": 100.0, "percent_covered_display": "100", "missing_lines": 0, "excluded_lines": 0, "num_branches": 0, "num_partial_branches": 0, "covered_branches": 0, "missing_branches": 0}, "missing_lines": [], "excluded_lines": [], "executed_branches": [], "missing_branches": []}, "enhance_context_with_auth": {"executed_lines": [401, 402, 403, 405, 407, 408, 410, 411, 413, 415, 424, 427, 437, 439, 441, 446, 449, 455, 458, 460, 462, 465, 466, 473, 474, 479, 481, 484, 485, 492, 500, 502, 503, 510, 511, 514, 522], "summary": {"covered_lines": 37, "num_statements": 38, "percent_covered": 92.3076923076923, "percent_covered_display": "92", "missing_lines": 1, "excluded_lines": 0, "num_branches": 14, "num_partial_branches": 3, "covered_branches": 11, "missing_branches": 3}, "missing_lines": [471], "excluded_lines": [], "executed_branches": [[405, 407], [405, 465], [413, 415], [413, 439], [439, 441], [439, 465], [460, 462], [466, 473], [473, 474], [502, -388], [502, 503]], "missing_branches": [[460, 465], [466, 471], [473, -388]]}, "": {"executed_lines": [1, 15, 17, 18, 19, 20, 21, 22, 23, 25, 26, 28, 29, 31, 34, 35, 36, 43, 44, 45, 46, 47, 48, 49, 50, 53, 66, 77, 78, 85, 114, 148, 205, 250, 253, 306, 351, 388], "summary": {"covered_lines": 35, "num_statements": 35, "percent_covered": 100.0, "percent_covered_display": "100", "missing_lines": 0, "excluded_lines": 0, "num_branches": 0, "num_partial_branches": 0, "covered_branches": 0, "missing_branches": 0}, "missing_lines": [], "excluded_lines": [], "executed_branches": [], "missing_branches": []}}, "classes": {"AuthInfo": {"executed_lines": [], "summary": {"covered_lines": 0, "num_statements": 0, "percent_covered": 100.0, "percent_covered_display": "100", "missing_lines": 0, "excluded_lines": 0, "num_branches": 0, "num_partial_branches": 0, "covered_branches": 0, "missing_branches": 0}, "missing_lines": [], "excluded_lines": [], "executed_branches": [], "missing_branches": []}, "JWTAuthenticationManager": {"executed_lines": [88, 89, 90, 91, 95, 96, 101, 103, 104, 107, 110, 112, 128, 130, 141, 142, 146, 158, 159, 169, 170, 171, 173, 174, 177, 180, 181, 185, 195, 196, 197, 198, 199, 200, 201, 202, 203, 219, 229, 232, 242, 243, 245, 246], "summary": {"covered_lines": 44, "num_statements": 44, "percent_covered": 100.0, "percent_covered_display": "100", "missing_lines": 0, "excluded_lines": 0, "num_branches": 10, "num_partial_branches": 0, "covered_branches": 10, "missing_branches": 0}, "missing_lines": [], "excluded_lines": [], "executed_branches": [[89, 90], [89, 101], [90, 91], [90, 95], [173, 174], [173, 177], [180, 181], [180, 185], [242, 243], [242, 245]], "missing_branches": []}, "": {"executed_lines": [1, 15, 17, 18, 19, 20, 21, 22, 23, 25, 26, 28, 29, 31, 34, 35, 36, 43, 44, 45, 46, 47, 48, 49, 50, 53, 63, 66, 74, 77, 78, 85, 114, 148, 205, 250, 253, 264, 265, 266, 268, 269, 271, 272, 273, 275, 276, 281, 282, 283, 285, 286, 289, 299, 301, 303, 306, 317, 320, 321, 332, 333, 334, 336, 339, 341, 351, 366, 367, 368, 382, 383, 384, 388, 401, 402, 403, 405, 407, 408, 410, 411, 413, 415, 424, 427, 437, 439, 441, 446, 449, 455, 458, 460, 462, 465, 466, 473, 474, 479, 481, 484, 485, 492, 500, 502, 503, 510, 511, 514, 522], "summary": {"covered_lines": 108, "num_statements": 109, "percent_covered": 97.03703703703704, "percent_covered_display": "97", "missing_lines": 1, "excluded_lines": 0, "num_branches": 26, "num_partial_branches": 3, "covered_branches": 23, "missing_branches": 3}, "missing_lines": [471], "excluded_lines": [], "executed_branches": [[269, 271], [269, 275], [271, 269], [271, 272], [275, 276], [275, 281], [285, 286], [285, 299], [320, 321], [320, 332], [333, 334], [333, 336], [405, 407], [405, 465], [413, 415], [413, 439], [439, 441], [439, 465], [460, 462], [466, 473], [473, 474], [502, -388], [502, 503]], "missing_branches": [[460, 465], [466, 471], [473, -388]]}}}, "src/shared_context_server/config.py": {"executed_lines": [1, 16, 18, 19, 20, 21, 23, 24, 25, 27, 30, 33, 34, 37, 40, 43, 46, 51, 54, 59, 62, 66, 67, 68, 70, 71, 72, 74, 75, 76, 78, 80, 82, 83, 84, 86, 88, 91, 92, 95, 98, 104, 107, 108, 110, 111, 112, 114, 115, 116, 119, 120, 123, 124, 127, 132, 135, 140, 141, 145, 146, 147, 149, 151, 152, 154, 156, 157, 158, 160, 170, 171, 173, 174, 183, 185, 189, 192, 195, 196, 199, 202, 206, 211, 214, 219, 222, 225, 228, 231, 236, 239, 244, 245, 248, 251, 252, 257, 260, 263, 269, 270, 273, 274, 275, 276, 277, 279, 286, 289, 290, 291, 292, 293, 294, 297, 298, 299, 300, 302, 304, 306, 308, 312, 316, 322, 323, 326, 327, 328, 330, 332, 334, 336, 342, 345, 349, 352, 356, 359, 364, 373, 374, 376, 379, 393, 395, 398, 401, 404, 405, 406, 409, 413, 414, 415, 417, 420, 433, 435, 438, 443, 448, 453, 459, 492], "summary": {"covered_lines": 159, "num_statements": 190, "percent_covered": 77.27272727272727, "percent_covered_display": "77", "missing_lines": 31, "excluded_lines": 0, "num_branches": 52, "num_partial_branches": 16, "covered_branches": 28, "missing_branches": 24}, "missing_lines": [79, 87, 161, 175, 310, 314, 340, 343, 346, 350, 361, 396, 407, 428, 429, 440, 445, 450, 455, 466, 470, 471, 472, 473, 475, 476, 489, 499, 502, 503, 504], "excluded_lines": [], "executed_branches": [[78, 80], [86, 88], [114, 115], [114, 116], [160, 170], [170, 171], [170, 185], [174, 183], [185, 189], [185, 192], [289, 290], [291, 292], [293, 294], [297, 298], [299, 300], [326, -316], [326, 327], [334, 336], [336, 342], [342, 345], [345, 349], [349, 352], [373, 374], [373, 376], [395, 398], [404, 405], [404, 409], [406, 409]], "missing_branches": [[78, 79], [86, 87], [160, 161], [174, 175], [289, 291], [291, 293], [293, 297], [297, 299], [299, 302], [334, 352], [336, 340], [342, 343], [345, 346], [349, 350], [395, 396], [406, 407], [471, 472], [471, 475], [472, 471], [472, 473], [475, -459], [475, 476], [502, 503], [502, 504]], "functions": {"DatabaseConfig.validate_database_path": {"executed_lines": [70, 71, 72], "summary": {"covered_lines": 3, "num_statements": 3, "percent_covered": 100.0, "percent_covered_display": "100", "missing_lines": 0, "excluded_lines": 0, "num_branches": 0, "num_partial_branches": 0, "covered_branches": 0, "missing_branches": 0}, "missing_lines": [], "excluded_lines": [], "executed_branches": [], "missing_branches": []}, "DatabaseConfig.validate_timeouts": {"executed_lines": [78, 80], "summary": {"covered_lines": 2, "num_statements": 3, "percent_covered": 60.0, "percent_covered_display": "60", "missing_lines": 1, "excluded_lines": 0, "num_branches": 2, "num_partial_branches": 1, "covered_branches": 1, "missing_branches": 1}, "missing_lines": [79], "excluded_lines": [], "executed_branches": [[78, 80]], "missing_branches": [[78, 79]]}, "DatabaseConfig.validate_max_connections": {"executed_lines": [86, 88], "summary": {"covered_lines": 2, "num_statements": 3, "percent_covered": 60.0, "percent_covered_display": "60", "missing_lines": 1, "excluded_lines": 0, "num_branches": 2, "num_partial_branches": 1, "covered_branches": 1, "missing_branches": 1}, "missing_lines": [87], "excluded_lines": [], "executed_branches": [[86, 88]], "missing_branches": [[86, 87]]}, "MCPServerConfig.validate_port": {"executed_lines": [114, 115, 116], "summary": {"covered_lines": 3, "num_statements": 3, "percent_covered": 100.0, "percent_covered_display": "100", "missing_lines": 0, "excluded_lines": 0, "num_branches": 2, "num_partial_branches": 0, "covered_branches": 2, "missing_branches": 0}, "missing_lines": [], "excluded_lines": [], "executed_branches": [[114, 115], [114, 116]], "missing_branches": []}, "SecurityConfig.parse_cors_origins": {"executed_lines": [149], "summary": {"covered_lines": 1, "num_statements": 1, "percent_covered": 100.0, "percent_covered_display": "100", "missing_lines": 0, "excluded_lines": 0, "num_branches": 0, "num_partial_branches": 0, "covered_branches": 0, "missing_branches": 0}, "missing_lines": [], "excluded_lines": [], "executed_branches": [], "missing_branches": []}, "SecurityConfig.serialize_cors_origins": {"executed_lines": [154], "summary": {"covered_lines": 1, "num_statements": 1, "percent_covered": 100.0, "percent_covered_display": "100", "missing_lines": 0, "excluded_lines": 0, "num_branches": 0, "num_partial_branches": 0, "covered_branches": 0, "missing_branches": 0}, "missing_lines": [], "excluded_lines": [], "executed_branches": [], "missing_branches": []}, "SecurityConfig.validate_api_key": {"executed_lines": [160, 170, 171, 173, 174, 183, 185, 189, 192], "summary": {"covered_lines": 9, "num_statements": 11, "percent_covered": 78.94736842105263, "percent_covered_display": "79", "missing_lines": 2, "excluded_lines": 0, "num_branches": 8, "num_partial_branches": 2, "covered_branches": 6, "missing_branches": 2}, "missing_lines": [161, 175], "excluded_lines": [], "executed_branches": [[160, 170], [170, 171], [170, 185], [174, 183], [185, 189], [185, 192]], "missing_branches": [[160, 161], [174, 175]]}, "SharedContextServerConfig.__init__": {"executed_lines": [289, 290, 291, 292, 293, 294, 297, 298, 299, 300, 302], "summary": {"covered_lines": 11, "num_statements": 11, "percent_covered": 76.19047619047619, "percent_covered_display": "76", "missing_lines": 0, "excluded_lines": 0, "num_branches": 10, "num_partial_branches": 5, "covered_branches": 5, "missing_branches": 5}, "missing_lines": [], "excluded_lines": [], "executed_branches": [[289, 290], [291, 292], [293, 294], [297, 298], [299, 300]], "missing_branches": [[289, 291], [291, 293], [293, 297], [297, 299], [299, 302]]}, "SharedContextServerConfig.is_production": {"executed_lines": [306], "summary": {"covered_lines": 1, "num_statements": 1, "percent_covered": 100.0, "percent_covered_display": "100", "missing_lines": 0, "excluded_lines": 0, "num_branches": 0, "num_partial_branches": 0, "covered_branches": 0, "missing_branches": 0}, "missing_lines": [], "excluded_lines": [], "executed_branches": [], "missing_branches": []}, "SharedContextServerConfig.is_development": {"executed_lines": [], "summary": {"covered_lines": 0, "num_statements": 1, "percent_covered": 0.0, "percent_covered_display": "0", "missing_lines": 1, "excluded_lines": 0, "num_branches": 0, "num_partial_branches": 0, "covered_branches": 0, "missing_branches": 0}, "missing_lines": [310], "excluded_lines": [], "executed_branches": [], "missing_branches": []}, "SharedContextServerConfig.is_testing": {"executed_lines": [], "summary": {"covered_lines": 0, "num_statements": 1, "percent_covered": 0.0, "percent_covered_display": "0", "missing_lines": 1, "excluded_lines": 0, "num_branches": 0, "num_partial_branches": 0, "covered_branches": 0, "missing_branches": 0}, "missing_lines": [314], "excluded_lines": [], "executed_branches": [], "missing_branches": []}, "SharedContextServerConfig.configure_logging": {"executed_lines": [322, 323, 326, 327, 328], "summary": {"covered_lines": 5, "num_statements": 5, "percent_covered": 100.0, "percent_covered_display": "100", "missing_lines": 0, "excluded_lines": 0, "num_branches": 2, "num_partial_branches": 0, "covered_branches": 2, "missing_branches": 0}, "missing_lines": [], "excluded_lines": [], "executed_branches": [[326, -316], [326, 327]], "missing_branches": []}, "SharedContextServerConfig.validate_production_settings": {"executed_lines": [332, 334, 336, 342, 345, 349, 352], "summary": {"covered_lines": 7, "num_statements": 11, "percent_covered": 57.142857142857146, "percent_covered_display": "57", "missing_lines": 4, "excluded_lines": 0, "num_branches": 10, "num_partial_branches": 5, "covered_branches": 5, "missing_branches": 5}, "missing_lines": [340, 343, 346, 350], "excluded_lines": [], "executed_branches": [[334, 336], [336, 342], [342, 345], [345, 349], [349, 352]], "missing_branches": [[334, 352], [336, 340], [342, 343], [345, 346], [349, 350]]}, "_raise_production_config_error": {"executed_lines": [], "summary": {"covered_lines": 0, "num_statements": 1, "percent_covered": 0.0, "percent_covered_display": "0", "missing_lines": 1, "excluded_lines": 0, "num_branches": 0, "num_partial_branches": 0, "covered_branches": 0, "missing_branches": 0}, "missing_lines": [361], "excluded_lines": [], "executed_branches": [], "missing_branches": []}, "get_config": {"executed_lines": [373, 374, 376], "summary": {"covered_lines": 3, "num_statements": 3, "percent_covered": 100.0, "percent_covered_display": "100", "missing_lines": 0, "excluded_lines": 0, "num_branches": 2, "num_partial_branches": 0, "covered_branches": 2, "missing_branches": 0}, "missing_lines": [], "excluded_lines": [], "executed_branches": [[373, 374], [373, 376]], "missing_branches": []}, "load_config": {"executed_lines": [393, 395, 398, 401, 404, 405, 406, 409, 413, 414, 415, 417], "summary": {"covered_lines": 12, "num_statements": 14, "percent_covered": 80.0, "percent_covered_display": "80", "missing_lines": 2, "excluded_lines": 0, "num_branches": 6, "num_partial_branches": 2, "covered_branches": 4, "missing_branches": 2}, "missing_lines": [396, 407], "excluded_lines": [], "executed_branches": [[395, 398], [404, 405], [404, 409], [406, 409]], "missing_branches": [[395, 396], [406, 407]]}, "reload_config": {"executed_lines": [], "summary": {"covered_lines": 0, "num_statements": 2, "percent_covered": 0.0, "percent_covered_display": "0", "missing_lines": 2, "excluded_lines": 0, "num_branches": 0, "num_partial_branches": 0, "covered_branches": 0, "missing_branches": 0}, "missing_lines": [428, 429], "excluded_lines": [], "executed_branches": [], "missing_branches": []}, "get_database_config": {"executed_lines": [435], "summary": {"covered_lines": 1, "num_statements": 1, "percent_covered": 100.0, "percent_covered_display": "100", "missing_lines": 0, "excluded_lines": 0, "num_branches": 0, "num_partial_branches": 0, "covered_branches": 0, "missing_branches": 0}, "missing_lines": [], "excluded_lines": [], "executed_branches": [], "missing_branches": []}, "get_security_config": {"executed_lines": [], "summary": {"covered_lines": 0, "num_statements": 1, "percent_covered": 0.0, "percent_covered_display": "0", "missing_lines": 1, "excluded_lines": 0, "num_branches": 0, "num_partial_branches": 0, "covered_branches": 0, "missing_branches": 0}, "missing_lines": [440], "excluded_lines": [], "executed_branches": [], "missing_branches": []}, "get_operational_config": {"executed_lines": [], "summary": {"covered_lines": 0, "num_statements": 1, "percent_covered": 0.0, "percent_covered_display": "0", "missing_lines": 1, "excluded_lines": 0, "num_branches": 0, "num_partial_branches": 0, "covered_branches": 0, "missing_branches": 0}, "missing_lines": [445], "excluded_lines": [], "executed_branches": [], "missing_branches": []}, "is_production": {"executed_lines": [], "summary": {"covered_lines": 0, "num_statements": 1, "percent_covered": 0.0, "percent_covered_display": "0", "missing_lines": 1, "excluded_lines": 0, "num_branches": 0, "num_partial_branches": 0, "covered_branches": 0, "missing_branches": 0}, "missing_lines": [450], "excluded_lines": [], "executed_branches": [], "missing_branches": []}, "is_development": {"executed_lines": [], "summary": {"covered_lines": 0, "num_statements": 1, "percent_covered": 0.0, "percent_covered_display": "0", "missing_lines": 1, "excluded_lines": 0, "num_branches": 0, "num_partial_branches": 0, "covered_branches": 0, "missing_branches": 0}, "missing_lines": [455], "excluded_lines": [], "executed_branches": [], "missing_branches": []}, "validate_required_env_vars": {"executed_lines": [], "summary": {"covered_lines": 0, "num_statements": 8, "percent_covered": 0.0, "percent_covered_display": "0", "missing_lines": 8, "excluded_lines": 0, "num_branches": 6, "num_partial_branches": 0, "covered_branches": 0, "missing_branches": 6}, "missing_lines": [466, 470, 471, 472, 473, 475, 476, 489], "excluded_lines": [], "executed_branches": [], "missing_branches": [[471, 472], [471, 475], [472, 471], [472, 473], [475, -459], [475, 476]]}, "get_database_url": {"executed_lines": [], "summary": {"covered_lines": 0, "num_statements": 4, "percent_covered": 0.0, "percent_covered_display": "0", "missing_lines": 4, "excluded_lines": 0, "num_branches": 2, "num_partial_branches": 0, "covered_branches": 0, "missing_branches": 2}, "missing_lines": [499, 502, 503, 504], "excluded_lines": [], "executed_branches": [], "missing_branches": [[502, 503], [502, 504]]}, "": {"executed_lines": [1, 16, 18, 19, 20, 21, 23, 24, 25, 27, 30, 33, 34, 37, 40, 43, 46, 51, 54, 59, 62, 66, 67, 68, 74, 75, 76, 82, 83, 84, 91, 92, 95, 98, 104, 107, 108, 110, 111, 112, 119, 120, 123, 124, 127, 132, 135, 140, 141, 145, 146, 147, 151, 152, 156, 157, 158, 195, 196, 199, 202, 206, 211, 214, 219, 222, 225, 228, 231, 236, 239, 244, 245, 248, 251, 252, 257, 260, 263, 269, 270, 273, 274, 275, 276, 277, 279, 286, 304, 308, 312, 316, 330, 356, 359, 364, 379, 420, 433, 438, 443, 448, 453, 459, 492], "summary": {"covered_lines": 98, "num_statements": 98, "percent_covered": 100.0, "percent_covered_display": "100", "missing_lines": 0, "excluded_lines": 0, "num_branches": 0, "num_partial_branches": 0, "covered_branches": 0, "missing_branches": 0}, "missing_lines": [], "excluded_lines": [], "executed_branches": [], "missing_branches": []}}, "classes": {"DatabaseConfig": {"executed_lines": [70, 71, 72, 78, 80, 86, 88], "summary": {"covered_lines": 7, "num_statements": 9, "percent_covered": 69.23076923076923, "percent_covered_display": "69", "missing_lines": 2, "excluded_lines": 0, "num_branches": 4, "num_partial_branches": 2, "covered_branches": 2, "missing_branches": 2}, "missing_lines": [79, 87], "excluded_lines": [], "executed_branches": [[78, 80], [86, 88]], "missing_branches": [[78, 79], [86, 87]]}, "MCPServerConfig": {"executed_lines": [114, 115, 116], "summary": {"covered_lines": 3, "num_statements": 3, "percent_covered": 100.0, "percent_covered_display": "100", "missing_lines": 0, "excluded_lines": 0, "num_branches": 2, "num_partial_branches": 0, "covered_branches": 2, "missing_branches": 0}, "missing_lines": [], "excluded_lines": [], "executed_branches": [[114, 115], [114, 116]], "missing_branches": []}, "SecurityConfig": {"executed_lines": [149, 154, 160, 170, 171, 173, 174, 183, 185, 189, 192], "summary": {"covered_lines": 11, "num_statements": 13, "percent_covered": 80.95238095238095, "percent_covered_display": "81", "missing_lines": 2, "excluded_lines": 0, "num_branches": 8, "num_partial_branches": 2, "covered_branches": 6, "missing_branches": 2}, "missing_lines": [161, 175], "excluded_lines": [], "executed_branches": [[160, 170], [170, 171], [170, 185], [174, 183], [185, 189], [185, 192]], "missing_branches": [[160, 161], [174, 175]]}, "OperationalConfig": {"executed_lines": [], "summary": {"covered_lines": 0, "num_statements": 0, "percent_covered": 100.0, "percent_covered_display": "100", "missing_lines": 0, "excluded_lines": 0, "num_branches": 0, "num_partial_branches": 0, "covered_branches": 0, "missing_branches": 0}, "missing_lines": [], "excluded_lines": [], "executed_branches": [], "missing_branches": []}, "DevelopmentConfig": {"executed_lines": [], "summary": {"covered_lines": 0, "num_statements": 0, "percent_covered": 100.0, "percent_covered_display": "100", "missing_lines": 0, "excluded_lines": 0, "num_branches": 0, "num_partial_branches": 0, "covered_branches": 0, "missing_branches": 0}, "missing_lines": [], "excluded_lines": [], "executed_branches": [], "missing_branches": []}, "SharedContextServerConfig": {"executed_lines": [289, 290, 291, 292, 293, 294, 297, 298, 299, 300, 302, 306, 322, 323, 326, 327, 328, 332, 334, 336, 342, 345, 349, 352], "summary": {"covered_lines": 24, "num_statements": 30, "percent_covered": 69.23076923076923, "percent_covered_display": "69", "missing_lines": 6, "excluded_lines": 0, "num_branches": 22, "num_partial_branches": 10, "covered_branches": 12, "missing_branches": 10}, "missing_lines": [310, 314, 340, 343, 346, 350], "excluded_lines": [], "executed_branches": [[289, 290], [291, 292], [293, 294], [297, 298], [299, 300], [326, -316], [326, 327], [334, 336], [336, 342], [342, 345], [345, 349], [349, 352]], "missing_branches": [[289, 291], [291, 293], [293, 297], [297, 299], [299, 302], [334, 352], [336, 340], [342, 343], [345, 346], [349, 350]]}, "": {"executed_lines": [1, 16, 18, 19, 20, 21, 23, 24, 25, 27, 30, 33, 34, 37, 40, 43, 46, 51, 54, 59, 62, 66, 67, 68, 74, 75, 76, 82, 83, 84, 91, 92, 95, 98, 104, 107, 108, 110, 111, 112, 119, 120, 123, 124, 127, 132, 135, 140, 141, 145, 146, 147, 151, 152, 156, 157, 158, 195, 196, 199, 202, 206, 211, 214, 219, 222, 225, 228, 231, 236, 239, 244, 245, 248, 251, 252, 257, 260, 263, 269, 270, 273, 274, 275, 276, 277, 279, 286, 304, 308, 312, 316, 330, 356, 359, 364, 373, 374, 376, 379, 393, 395, 398, 401, 404, 405, 406, 409, 413, 414, 415, 417, 420, 433, 435, 438, 443, 448, 453, 459, 492], "summary": {"covered_lines": 114, "num_statements": 135, "percent_covered": 79.47019867549669, "percent_covered_display": "79", "missing_lines": 21, "excluded_lines": 0, "num_branches": 16, "num_partial_branches": 2, "covered_branches": 6, "missing_branches": 10}, "missing_lines": [361, 396, 407, 428, 429, 440, 445, 450, 455, 466, 470, 471, 472, 473, 475, 476, 489, 499, 502, 503, 504], "excluded_lines": [], "executed_branches": [[373, 374], [373, 376], [395, 398], [404, 405], [404, 409], [406, 409]], "missing_branches": [[395, 396], [406, 407], [471, 472], [471, 475], [472, 471], [472, 473], [475, -459], [475, 476], [502, 503], [502, 504]]}}}, "src/shared_context_server/database.py": {"executed_lines": [1, 12, 14, 15, 16, 17, 18, 19, 20, 22, 24, 27, 31, 43, 44, 46, 49, 50, 52, 55, 56, 58, 61, 66, 71, 76, 81, 86, 87, 94, 101, 102, 103, 105, 113, 114, 117, 120, 121, 122, 123, 125, 126, 128, 129, 131, 132, 142, 143, 145, 153, 156, 157, 158, 160, 161, 162, 166, 168, 170, 171, 172, 175, 176, 177, 179, 186, 187, 188, 191, 192, 193, 195, 196, 197, 204, 208, 215, 217, 224, 227, 228, 229, 231, 232, 233, 236, 237, 245, 255, 257, 265, 266, 274, 278, 281, 282, 283, 285, 286, 288, 291, 297, 305, 311, 312, 313, 315, 318, 325, 339, 342, 354, 356, 358, 359, 360, 367, 370, 376, 377, 380, 381, 388, 390, 391, 393, 394, 398, 411, 412, 413, 414, 415, 418, 429, 430, 431, 432, 435, 446, 447, 448, 449, 453, 455, 458, 460, 463, 473, 475, 477, 481, 484, 487, 494, 498, 508, 510, 513, 523, 524, 526, 527, 528, 529, 531, 535, 542, 543, 545, 546, 549, 550, 551, 553, 557, 559, 568, 569, 570, 574, 581, 582, 583, 584, 585, 591, 598, 600, 602, 610, 613, 614, 616, 620, 621, 629, 631, 636], "summary": {"covered_lines": 195, "num_statements": 236, "percent_covered": 80.63380281690141, "percent_covered_display": "81", "missing_lines": 41, "excluded_lines": 0, "num_branches": 48, "num_partial_branches": 14, "covered_branches": 34, "missing_branches": 14}, "missing_lines": [25, 63, 68, 73, 78, 83, 159, 163, 194, 198, 200, 201, 202, 206, 239, 241, 242, 243, 275, 284, 289, 293, 294, 295, 316, 361, 363, 364, 365, 476, 479, 485, 489, 490, 554, 587, 588, 617, 618, 633, 634], "excluded_lines": [], "executed_branches": [[24, 27], [113, 114], [113, 117], [158, 160], [162, 166], [175, -131], [175, 176], [187, 188], [187, 191], [193, 195], [197, -179], [224, -208], [224, 227], [231, 232], [265, 266], [265, 278], [274, 265], [283, 285], [288, 291], [311, -297], [311, 312], [315, 311], [354, 356], [354, 367], [390, 391], [390, 393], [475, 477], [477, 481], [484, 487], [523, 524], [523, 526], [545, 546], [545, 549], [553, 557]], "missing_branches": [[24, 25], [158, 159], [162, 163], [193, 194], [197, 198], [231, 239], [274, 275], [283, 284], [288, 289], [315, 316], [475, 476], [477, 479], [484, 485], [553, 554]], "functions": {"_raise_wal_mode_error": {"executed_lines": [], "summary": {"covered_lines": 0, "num_statements": 1, "percent_covered": 0.0, "percent_covered_display": "0", "missing_lines": 1, "excluded_lines": 0, "num_branches": 0, "num_partial_branches": 0, "covered_branches": 0, "missing_branches": 0}, "missing_lines": [63], "excluded_lines": [], "executed_branches": [], "missing_branches": []}, "_raise_journal_mode_check_error": {"executed_lines": [], "summary": {"covered_lines": 0, "num_statements": 1, "percent_covered": 0.0, "percent_covered_display": "0", "missing_lines": 1, "excluded_lines": 0, "num_branches": 0, "num_partial_branches": 0, "covered_branches": 0, "missing_branches": 0}, "missing_lines": [68], "excluded_lines": [], "executed_branches": [], "missing_branches": []}, "_raise_table_not_found_error": {"executed_lines": [], "summary": {"covered_lines": 0, "num_statements": 1, "percent_covered": 0.0, "percent_covered_display": "0", "missing_lines": 1, "excluded_lines": 0, "num_branches": 0, "num_partial_branches": 0, "covered_branches": 0, "missing_branches": 0}, "missing_lines": [73], "excluded_lines": [], "executed_branches": [], "missing_branches": []}, "_raise_no_schema_version_error": {"executed_lines": [], "summary": {"covered_lines": 0, "num_statements": 1, "percent_covered": 0.0, "percent_covered_display": "0", "missing_lines": 1, "excluded_lines": 0, "num_branches": 0, "num_partial_branches": 0, "covered_branches": 0, "missing_branches": 0}, "missing_lines": [78], "excluded_lines": [], "executed_branches": [], "missing_branches": []}, "_raise_basic_query_error": {"executed_lines": [], "summary": {"covered_lines": 0, "num_statements": 1, "percent_covered": 0.0, "percent_covered_display": "0", "missing_lines": 1, "excluded_lines": 0, "num_branches": 0, "num_partial_branches": 0, "covered_branches": 0, "missing_branches": 0}, "missing_lines": [83], "excluded_lines": [], "executed_branches": [], "missing_branches": []}, "DatabaseManager.__init__": {"executed_lines": [101, 102, 103], "summary": {"covered_lines": 3, "num_statements": 3, "percent_covered": 100.0, "percent_covered_display": "100", "missing_lines": 0, "excluded_lines": 0, "num_branches": 0, "num_partial_branches": 0, "covered_branches": 0, "missing_branches": 0}, "missing_lines": [], "excluded_lines": [], "executed_branches": [], "missing_branches": []}, "DatabaseManager.initialize": {"executed_lines": [113, 114, 117, 120, 121, 122, 123, 125, 126, 128, 129], "summary": {"covered_lines": 11, "num_statements": 11, "percent_covered": 100.0, "percent_covered_display": "100", "missing_lines": 0, "excluded_lines": 0, "num_branches": 2, "num_partial_branches": 0, "covered_branches": 2, "missing_branches": 0}, "missing_lines": [], "excluded_lines": [], "executed_branches": [[113, 114], [113, 117]], "missing_branches": []}, "DatabaseManager.get_connection": {"executed_lines": [142, 143, 145, 153, 156, 157, 158, 160, 161, 162, 166, 168, 170, 171, 172, 175, 176, 177], "summary": {"covered_lines": 18, "num_statements": 20, "percent_covered": 84.61538461538461, "percent_covered_display": "85", "missing_lines": 2, "excluded_lines": 0, "num_branches": 6, "num_partial_branches": 2, "covered_branches": 4, "missing_branches": 2}, "missing_lines": [159, 163], "excluded_lines": [], "executed_branches": [[158, 160], [162, 166], [175, -131], [175, 176]], "missing_branches": [[158, 159], [162, 163]]}, "DatabaseManager._apply_pragmas": {"executed_lines": [186, 187, 188, 191, 192, 193, 195, 196, 197], "summary": {"covered_lines": 9, "num_statements": 14, "percent_covered": 65.0, "percent_covered_display": "65", "missing_lines": 5, "excluded_lines": 0, "num_branches": 6, "num_partial_branches": 2, "covered_branches": 4, "missing_branches": 2}, "missing_lines": [194, 198, 200, 201, 202], "excluded_lines": [], "executed_branches": [[187, 188], [187, 191], [193, 195], [197, -179]], "missing_branches": [[193, 194], [197, 198]]}, "DatabaseManager._raise_schema_not_found_error": {"executed_lines": [], "summary": {"covered_lines": 0, "num_statements": 1, "percent_covered": 0.0, "percent_covered_display": "0", "missing_lines": 1, "excluded_lines": 0, "num_branches": 0, "num_partial_branches": 0, "covered_branches": 0, "missing_branches": 0}, "missing_lines": [206], "excluded_lines": [], "executed_branches": [], "missing_branches": []}, "DatabaseManager._ensure_schema_applied": {"executed_lines": [215, 217, 224, 227, 228, 229, 231, 232, 233, 236, 237], "summary": {"covered_lines": 11, "num_statements": 15, "percent_covered": 73.6842105263158, "percent_covered_display": "74", "missing_lines": 4, "excluded_lines": 0, "num_branches": 4, "num_partial_branches": 1, "covered_branches": 3, "missing_branches": 1}, "missing_lines": [239, 241, 242, 243], "excluded_lines": [], "executed_branches": [[224, -208], [224, 227], [231, 232]], "missing_branches": [[231, 239]]}, "DatabaseManager._validate_schema": {"executed_lines": [255, 257, 265, 266, 274, 278, 281, 282, 283, 285, 286, 288, 291], "summary": {"covered_lines": 13, "num_statements": 19, "percent_covered": 66.66666666666667, "percent_covered_display": "67", "missing_lines": 6, "excluded_lines": 0, "num_branches": 8, "num_partial_branches": 3, "covered_branches": 5, "missing_branches": 3}, "missing_lines": [275, 284, 289, 293, 294, 295], "excluded_lines": [], "executed_branches": [[265, 266], [265, 278], [274, 265], [283, 285], [288, 291]], "missing_branches": [[274, 275], [283, 284], [288, 289]]}, "DatabaseManager._validate_pragmas": {"executed_lines": [305, 311, 312, 313, 315], "summary": {"covered_lines": 5, "num_statements": 6, "percent_covered": 80.0, "percent_covered_display": "80", "missing_lines": 1, "excluded_lines": 0, "num_branches": 4, "num_partial_branches": 1, "covered_branches": 3, "missing_branches": 1}, "missing_lines": [316], "excluded_lines": [], "executed_branches": [[311, -297], [311, 312], [315, 311]], "missing_branches": [[315, 316]]}, "DatabaseManager.get_stats": {"executed_lines": [325], "summary": {"covered_lines": 1, "num_statements": 1, "percent_covered": 100.0, "percent_covered_display": "100", "missing_lines": 0, "excluded_lines": 0, "num_branches": 0, "num_partial_branches": 0, "covered_branches": 0, "missing_branches": 0}, "missing_lines": [], "excluded_lines": [], "executed_branches": [], "missing_branches": []}, "get_database_manager": {"executed_lines": [354, 356, 358, 359, 360, 367], "summary": {"covered_lines": 6, "num_statements": 10, "percent_covered": 66.66666666666667, "percent_covered_display": "67", "missing_lines": 4, "excluded_lines": 0, "num_branches": 2, "num_partial_branches": 0, "covered_branches": 2, "missing_branches": 0}, "missing_lines": [361, 363, 364, 365], "excluded_lines": [], "executed_branches": [[354, 356], [354, 367]], "missing_branches": []}, "initialize_database": {"executed_lines": [376, 377], "summary": {"covered_lines": 2, "num_statements": 2, "percent_covered": 100.0, "percent_covered_display": "100", "missing_lines": 0, "excluded_lines": 0, "num_branches": 0, "num_partial_branches": 0, "covered_branches": 0, "missing_branches": 0}, "missing_lines": [], "excluded_lines": [], "executed_branches": [], "missing_branches": []}, "get_db_connection": {"executed_lines": [388, 390, 391, 393, 394], "summary": {"covered_lines": 5, "num_statements": 5, "percent_covered": 100.0, "percent_covered_display": "100", "missing_lines": 0, "excluded_lines": 0, "num_branches": 2, "num_partial_branches": 0, "covered_branches": 2, "missing_branches": 0}, "missing_lines": [], "excluded_lines": [], "executed_branches": [[390, 391], [390, 393]], "missing_branches": []}, "execute_query": {"executed_lines": [411, 412, 413, 414, 415], "summary": {"covered_lines": 5, "num_statements": 5, "percent_covered": 100.0, "percent_covered_display": "100", "missing_lines": 0, "excluded_lines": 0, "num_branches": 0, "num_partial_branches": 0, "covered_branches": 0, "missing_branches": 0}, "missing_lines": [], "excluded_lines": [], "executed_branches": [], "missing_branches": []}, "execute_update": {"executed_lines": [429, 430, 431, 432], "summary": {"covered_lines": 4, "num_statements": 4, "percent_covered": 100.0, "percent_covered_display": "100", "missing_lines": 0, "excluded_lines": 0, "num_branches": 0, "num_partial_branches": 0, "covered_branches": 0, "missing_branches": 0}, "missing_lines": [], "excluded_lines": [], "executed_branches": [], "missing_branches": []}, "execute_insert": {"executed_lines": [446, 447, 448, 449], "summary": {"covered_lines": 4, "num_statements": 4, "percent_covered": 100.0, "percent_covered_display": "100", "missing_lines": 0, "excluded_lines": 0, "num_branches": 0, "num_partial_branches": 0, "covered_branches": 0, "missing_branches": 0}, "missing_lines": [], "excluded_lines": [], "executed_branches": [], "missing_branches": []}, "utc_now": {"executed_lines": [455], "summary": {"covered_lines": 1, "num_statements": 1, "percent_covered": 100.0, "percent_covered_display": "100", "missing_lines": 0, "excluded_lines": 0, "num_branches": 0, "num_partial_branches": 0, "covered_branches": 0, "missing_branches": 0}, "missing_lines": [], "excluded_lines": [], "executed_branches": [], "missing_branches": []}, "utc_timestamp": {"executed_lines": [460], "summary": {"covered_lines": 1, "num_statements": 1, "percent_covered": 100.0, "percent_covered_display": "100", "missing_lines": 0, "excluded_lines": 0, "num_branches": 0, "num_partial_branches": 0, "covered_branches": 0, "missing_branches": 0}, "missing_lines": [], "excluded_lines": [], "executed_branches": [], "missing_branches": []}, "parse_utc_timestamp": {"executed_lines": [473, 475, 477, 481, 484, 487, 494], "summary": {"covered_lines": 7, "num_statements": 12, "percent_covered": 55.55555555555556, "percent_covered_display": "56", "missing_lines": 5, "excluded_lines": 0, "num_branches": 6, "num_partial_branches": 3, "covered_branches": 3, "missing_branches": 3}, "missing_lines": [476, 479, 485, 489, 490], "excluded_lines": [], "executed_branches": [[475, 477], [477, 481], [484, 487]], "missing_branches": [[475, 476], [477, 479], [484, 485]]}, "validate_session_id": {"executed_lines": [508, 510], "summary": {"covered_lines": 2, "num_statements": 2, "percent_covered": 100.0, "percent_covered_display": "100", "missing_lines": 0, "excluded_lines": 0, "num_branches": 0, "num_partial_branches": 0, "covered_branches": 0, "missing_branches": 0}, "missing_lines": [], "excluded_lines": [], "executed_branches": [], "missing_branches": []}, "validate_json_string": {"executed_lines": [523, 524, 526, 527, 528, 529, 531], "summary": {"covered_lines": 7, "num_statements": 7, "percent_covered": 100.0, "percent_covered_display": "100", "missing_lines": 0, "excluded_lines": 0, "num_branches": 2, "num_partial_branches": 0, "covered_branches": 2, "missing_branches": 0}, "missing_lines": [], "excluded_lines": [], "executed_branches": [[523, 524], [523, 526]], "missing_branches": []}, "health_check": {"executed_lines": [542, 543, 545, 546, 549, 550, 551, 553, 557, 559, 568, 569, 570], "summary": {"covered_lines": 13, "num_statements": 14, "percent_covered": 88.88888888888889, "percent_covered_display": "89", "missing_lines": 1, "excluded_lines": 0, "num_branches": 4, "num_partial_branches": 1, "covered_branches": 3, "missing_branches": 1}, "missing_lines": [554], "excluded_lines": [], "executed_branches": [[545, 546], [545, 549], [553, 557]], "missing_branches": [[553, 554]]}, "get_schema_version": {"executed_lines": [581, 582, 583, 584, 585], "summary": {"covered_lines": 5, "num_statements": 7, "percent_covered": 71.42857142857143, "percent_covered_display": "71", "missing_lines": 2, "excluded_lines": 0, "num_branches": 0, "num_partial_branches": 0, "covered_branches": 0, "missing_branches": 0}, "missing_lines": [587, 588], "excluded_lines": [], "executed_branches": [], "missing_branches": []}, "cleanup_expired_data": {"executed_lines": [598, 600, 602, 610, 613, 614, 616, 620, 621, 629, 631, 636], "summary": {"covered_lines": 12, "num_statements": 16, "percent_covered": 75.0, "percent_covered_display": "75", "missing_lines": 4, "excluded_lines": 0, "num_branches": 0, "num_partial_branches": 0, "covered_branches": 0, "missing_branches": 0}, "missing_lines": [617, 618, 633, 634], "excluded_lines": [], "executed_branches": [], "missing_branches": []}, "": {"executed_lines": [1, 12, 14, 15, 16, 17, 18, 19, 20, 22, 24, 27, 31, 43, 44, 46, 49, 50, 52, 55, 56, 58, 61, 66, 71, 76, 81, 86, 87, 94, 105, 131, 132, 179, 204, 208, 245, 297, 318, 339, 342, 370, 380, 381, 398, 418, 435, 453, 458, 463, 498, 513, 535, 574, 591], "summary": {"covered_lines": 50, "num_statements": 51, "percent_covered": 96.22641509433963, "percent_covered_display": "96", "missing_lines": 1, "excluded_lines": 0, "num_branches": 2, "num_partial_branches": 1, "covered_branches": 1, "missing_branches": 1}, "missing_lines": [25], "excluded_lines": [], "executed_branches": [[24, 27]], "missing_branches": [[24, 25]]}}, "classes": {"DatabaseError": {"executed_lines": [], "summary": {"covered_lines": 0, "num_statements": 0, "percent_covered": 100.0, "percent_covered_display": "100", "missing_lines": 0, "excluded_lines": 0, "num_branches": 0, "num_partial_branches": 0, "covered_branches": 0, "missing_branches": 0}, "missing_lines": [], "excluded_lines": [], "executed_branches": [], "missing_branches": []}, "DatabaseConnectionError": {"executed_lines": [], "summary": {"covered_lines": 0, "num_statements": 0, "percent_covered": 100.0, "percent_covered_display": "100", "missing_lines": 0, "excluded_lines": 0, "num_branches": 0, "num_partial_branches": 0, "covered_branches": 0, "missing_branches": 0}, "missing_lines": [], "excluded_lines": [], "executed_branches": [], "missing_branches": []}, "DatabaseSchemaError": {"executed_lines": [], "summary": {"covered_lines": 0, "num_statements": 0, "percent_covered": 100.0, "percent_covered_display": "100", "missing_lines": 0, "excluded_lines": 0, "num_branches": 0, "num_partial_branches": 0, "covered_branches": 0, "missing_branches": 0}, "missing_lines": [], "excluded_lines": [], "executed_branches": [], "missing_branches": []}, "DatabaseManager": {"executed_lines": [101, 102, 103, 113, 114, 117, 120, 121, 122, 123, 125, 126, 128, 129, 142, 143, 145, 153, 156, 157, 158, 160, 161, 162, 166, 168, 170, 171, 172, 175, 176, 177, 186, 187, 188, 191, 192, 193, 195, 196, 197, 215, 217, 224, 227, 228, 229, 231, 232, 233, 236, 237, 255, 257, 265, 266, 274, 278, 281, 282, 283, 285, 286, 288, 291, 305, 311, 312, 313, 315, 325], "summary": {"covered_lines": 71, "num_statements": 90, "percent_covered": 76.66666666666667, "percent_covered_display": "77", "missing_lines": 19, "excluded_lines": 0, "num_branches": 30, "num_partial_branches": 9, "covered_branches": 21, "missing_branches": 9}, "missing_lines": [159, 163, 194, 198, 200, 201, 202, 206, 239, 241, 242, 243, 275, 284, 289, 293, 294, 295, 316], "excluded_lines": [], "executed_branches": [[113, 114], [113, 117], [158, 160], [162, 166], [175, -131], [175, 176], [187, 188], [187, 191], [193, 195], [197, -179], [224, -208], [224, 227], [231, 232], [265, 266], [265, 278], [274, 265], [283, 285], [288, 291], [311, -297], [311, 312], [315, 311]], "missing_branches": [[158, 159], [162, 163], [193, 194], [197, 198], [231, 239], [274, 275], [283, 284], [288, 289], [315, 316]]}, "": {"executed_lines": [1, 12, 14, 15, 16, 17, 18, 19, 20, 22, 24, 27, 31, 43, 44, 46, 49, 50, 52, 55, 56, 58, 61, 66, 71, 76, 81, 86, 87, 94, 105, 131, 132, 179, 204, 208, 245, 297, 318, 339, 342, 354, 356, 358, 359, 360, 367, 370, 376, 377, 380, 381, 388, 390, 391, 393, 394, 398, 411, 412, 413, 414, 415, 418, 429, 430, 431, 432, 435, 446, 447, 448, 449, 453, 455, 458, 460, 463, 473, 475, 477, 481, 484, 487, 494, 498, 508, 510, 513, 523, 524, 526, 527, 528, 529, 531, 535, 542, 543, 545, 546, 549, 550, 551, 553, 557, 559, 568, 569, 570, 574, 581, 582, 583, 584, 585, 591, 598, 600, 602, 610, 613, 614, 616, 620, 621, 629, 631, 636], "summary": {"covered_lines": 124, "num_statements": 146, "percent_covered": 83.53658536585365, "percent_covered_display": "84", "missing_lines": 22, "excluded_lines": 0, "num_branches": 18, "num_partial_branches": 5, "covered_branches": 13, "missing_branches": 5}, "missing_lines": [25, 63, 68, 73, 78, 83, 361, 363, 364, 365, 476, 479, 485, 489, 490, 554, 587, 588, 617, 618, 633, 634], "excluded_lines": [], "executed_branches": [[24, 27], [354, 356], [354, 367], [390, 391], [390, 393], [475, 477], [477, 481], [484, 487], [523, 524], [523, 526], [545, 546], [545, 549], [553, 557]], "missing_branches": [[24, 25], [475, 476], [477, 479], [484, 485], [553, 554]]}}}, "src/shared_context_server/models.py": {"executed_lines": [1, 11, 13, 14, 15, 16, 17, 19, 33, 36, 39, 40, 41, 42, 43, 46, 47, 49, 50, 51, 52, 55, 56, 58, 59, 60, 61, 62, 70, 72, 74, 77, 79, 81, 84, 91, 94, 98, 101, 102, 105, 109, 112, 113, 116, 117, 119, 120, 122, 125, 127, 130, 132, 133, 137, 140, 145, 148, 151, 192, 193, 199, 200, 203, 204, 205, 206, 212, 216, 217, 218, 219, 221, 222, 223, 224, 226, 227, 228, 229, 230, 232, 234, 235, 236, 237, 239, 241, 243, 244, 248, 249, 253, 254, 255, 258, 261, 264, 267, 270, 271, 275, 276, 277, 280, 281, 282, 285, 286, 287, 293, 294, 295, 300, 301, 302, 307, 309, 310, 314, 315, 319, 320, 323, 326, 329, 330, 331, 332, 333, 335, 336, 337, 340, 341, 342, 347, 348, 349, 360, 361, 362, 371, 372, 373, 378, 379, 380, 388, 389, 398, 400, 401, 405, 406, 410, 411, 412, 415, 418, 419, 420, 421, 422, 424, 425, 426, 429, 430, 431, 436, 437, 438, 445, 446, 447, 452, 454, 455, 464, 465, 467, 468, 470, 471, 472, 479, 480, 482, 483, 484, 485, 486, 487, 489, 491, 492, 496, 497, 499, 500, 501, 502, 503, 505, 506, 507, 510, 511, 512, 518, 521, 522, 524, 525, 526, 527, 528, 530, 532, 533, 537, 538, 540, 541, 542, 543, 546, 547, 549, 550, 551, 556, 557, 558, 568, 569, 570, 580, 581, 583, 584, 586, 587, 588, 594, 595, 597, 598, 599, 600, 601, 602, 604, 605, 606, 609, 610, 611, 618, 619, 621, 622, 623, 624, 625, 626, 627, 628, 629, 631, 632, 636, 637, 639, 640, 641, 643, 644, 645, 648, 649, 650, 654, 655, 657, 658, 659, 660, 662, 663, 664, 667, 668, 669, 679, 680, 682, 683, 684, 685, 686, 687, 688, 689, 692, 693, 695, 696, 697, 698, 699, 700, 701, 702, 703, 704, 707, 708, 710, 713, 716, 718, 719, 720, 725, 726, 727, 735, 736, 738, 739, 740, 741, 742, 744, 745, 749, 750, 752, 753, 754, 755, 756, 757, 758, 760, 761, 762, 768, 769, 773, 774, 776, 777, 778, 781, 784, 785, 787, 788, 789, 790, 791, 793, 794, 803, 805, 806, 807, 810, 812, 815, 828, 831, 841, 844, 845, 850, 872, 907, 938, 959, 975], "summary": {"covered_lines": 360, "num_statements": 529, "percent_covered": 60.192616372391655, "percent_covered_display": "60", "missing_lines": 169, "excluded_lines": 0, "num_branches": 94, "num_partial_branches": 11, "covered_branches": 15, "missing_branches": 79}, "missing_lines": [73, 80, 92, 95, 99, 103, 106, 110, 134, 135, 164, 166, 167, 168, 169, 171, 174, 175, 177, 179, 180, 184, 231, 238, 245, 278, 283, 288, 289, 290, 291, 296, 297, 298, 303, 304, 305, 311, 338, 343, 344, 345, 350, 351, 352, 355, 356, 358, 364, 365, 366, 367, 369, 374, 375, 376, 381, 382, 383, 385, 386, 390, 395, 396, 402, 427, 432, 433, 434, 439, 440, 441, 442, 443, 448, 449, 450, 456, 473, 474, 475, 476, 493, 508, 513, 514, 515, 516, 534, 552, 553, 554, 559, 560, 561, 563, 564, 566, 572, 573, 574, 575, 577, 589, 590, 591, 607, 612, 613, 614, 615, 633, 646, 651, 665, 671, 672, 673, 674, 676, 721, 722, 723, 728, 729, 730, 731, 732, 746, 764, 765, 766, 770, 795, 842, 846, 847, 866, 867, 868, 869, 889, 892, 895, 898, 899, 901, 902, 904, 922, 924, 925, 928, 930, 931, 935, 951, 952, 953, 954, 956, 972, 985, 988, 989, 990, 991, 1001, 1010], "excluded_lines": [], "executed_branches": [[72, 74], [79, 81], [91, 94], [94, 98], [98, 101], [101, 102], [101, 112], [102, 105], [105, 109], [109, 101], [116, 117], [116, 122], [230, 232], [237, 239], [841, 844]], "missing_branches": [[72, 73], [79, 80], [91, 92], [94, 95], [98, 99], [102, 103], [105, 106], [109, 110], [166, 167], [166, 168], [168, 169], [168, 171], [174, 175], [174, 177], [230, 231], [237, 238], [289, 290], [289, 291], [296, 297], [296, 298], [303, 304], [303, 305], [343, 344], [343, 345], [351, 352], [351, 355], [355, 356], [355, 358], [374, 375], [374, 376], [381, 382], [381, 386], [382, 383], [382, 385], [390, 395], [390, 396], [432, 433], [432, 434], [439, 440], [439, 443], [441, 442], [441, 443], [448, 449], [448, 450], [474, 475], [474, 476], [514, 515], [514, 516], [552, 553], [552, 554], [560, 561], [560, 563], [563, 564], [563, 566], [589, 590], [589, 591], [613, 614], [613, 615], [721, 722], [721, 723], [728, 729], [728, 732], [730, 731], [730, 732], [764, 765], [764, 766], [841, 842], [898, 899], [898, 901], [901, 902], [901, 904], [924, 925], [924, 928], [930, 931], [930, 935], [988, 989], [988, 1001], [989, 990], [989, 1010]], "functions": {"validate_session_id": {"executed_lines": [72, 74], "summary": {"covered_lines": 2, "num_statements": 3, "percent_covered": 60.0, "percent_covered_display": "60", "missing_lines": 1, "excluded_lines": 0, "num_branches": 2, "num_partial_branches": 1, "covered_branches": 1, "missing_branches": 1}, "missing_lines": [73], "excluded_lines": [], "executed_branches": [[72, 74]], "missing_branches": [[72, 73]]}, "validate_agent_id": {"executed_lines": [79, 81], "summary": {"covered_lines": 2, "num_statements": 3, "percent_covered": 60.0, "percent_covered_display": "60", "missing_lines": 1, "excluded_lines": 0, "num_branches": 2, "num_partial_branches": 1, "covered_branches": 1, "missing_branches": 1}, "missing_lines": [80], "excluded_lines": [], "executed_branches": [[79, 81]], "missing_branches": [[79, 80]]}, "validate_json_metadata": {"executed_lines": [91, 94, 98, 101, 102, 105, 109, 112, 113, 116, 117, 119, 120, 122], "summary": {"covered_lines": 14, "num_statements": 20, "percent_covered": 66.66666666666667, "percent_covered_display": "67", "missing_lines": 6, "excluded_lines": 0, "num_branches": 16, "num_partial_branches": 6, "covered_branches": 10, "missing_branches": 6}, "missing_lines": [92, 95, 99, 103, 106, 110], "excluded_lines": [], "executed_branches": [[91, 94], [94, 98], [98, 101], [101, 102], [101, 112], [102, 105], [105, 109], [109, 101], [116, 117], [116, 122]], "missing_branches": [[91, 92], [94, 95], [98, 99], [102, 103], [105, 106], [109, 110]]}, "_raise_metadata_too_large_error": {"executed_lines": [127], "summary": {"covered_lines": 1, "num_statements": 1, "percent_covered": 100.0, "percent_covered_display": "100", "missing_lines": 0, "excluded_lines": 0, "num_branches": 0, "num_partial_branches": 0, "covered_branches": 0, "missing_branches": 0}, "missing_lines": [], "excluded_lines": [], "executed_branches": [], "missing_branches": []}, "_is_json_serializable": {"executed_lines": [132, 133, 137], "summary": {"covered_lines": 3, "num_statements": 5, "percent_covered": 60.0, "percent_covered_display": "60", "missing_lines": 2, "excluded_lines": 0, "num_branches": 0, "num_partial_branches": 0, "covered_branches": 0, "missing_branches": 0}, "missing_lines": [134, 135], "excluded_lines": [], "executed_branches": [], "missing_branches": []}, "sanitize_text_input": {"executed_lines": [145, 148], "summary": {"covered_lines": 2, "num_statements": 2, "percent_covered": 100.0, "percent_covered_display": "100", "missing_lines": 0, "excluded_lines": 0, "num_branches": 0, "num_partial_branches": 0, "covered_branches": 0, "missing_branches": 0}, "missing_lines": [], "excluded_lines": [], "executed_branches": [], "missing_branches": []}, "validate_utc_timestamp": {"executed_lines": [], "summary": {"covered_lines": 0, "num_statements": 12, "percent_covered": 0.0, "percent_covered_display": "0", "missing_lines": 12, "excluded_lines": 0, "num_branches": 6, "num_partial_branches": 0, "covered_branches": 0, "missing_branches": 6}, "missing_lines": [164, 166, 167, 168, 169, 171, 174, 175, 177, 179, 180, 184], "excluded_lines": [], "executed_branches": [], "missing_branches": [[166, 167], [166, 168], [168, 169], [168, 171], [174, 175], [174, 177]]}, "SessionModel.validate_session_id_format": {"executed_lines": [219], "summary": {"covered_lines": 1, "num_statements": 1, "percent_covered": 100.0, "percent_covered_display": "100", "missing_lines": 0, "excluded_lines": 0, "num_branches": 0, "num_partial_branches": 0, "covered_branches": 0, "missing_branches": 0}, "missing_lines": [], "excluded_lines": [], "executed_branches": [], "missing_branches": []}, "SessionModel.validate_created_by_format": {"executed_lines": [224], "summary": {"covered_lines": 1, "num_statements": 1, "percent_covered": 100.0, "percent_covered_display": "100", "missing_lines": 0, "excluded_lines": 0, "num_branches": 0, "num_partial_branches": 0, "covered_branches": 0, "missing_branches": 0}, "missing_lines": [], "excluded_lines": [], "executed_branches": [], "missing_branches": []}, "SessionModel.sanitize_purpose": {"executed_lines": [229, 230, 232], "summary": {"covered_lines": 3, "num_statements": 4, "percent_covered": 66.66666666666667, "percent_covered_display": "67", "missing_lines": 1, "excluded_lines": 0, "num_branches": 2, "num_partial_branches": 1, "covered_branches": 1, "missing_branches": 1}, "missing_lines": [231], "excluded_lines": [], "executed_branches": [[230, 232]], "missing_branches": [[230, 231]]}, "SessionModel.ensure_utc_timezone": {"executed_lines": [237, 239], "summary": {"covered_lines": 2, "num_statements": 3, "percent_covered": 60.0, "percent_covered_display": "60", "missing_lines": 1, "excluded_lines": 0, "num_branches": 2, "num_partial_branches": 1, "covered_branches": 1, "missing_branches": 1}, "missing_lines": [238], "excluded_lines": [], "executed_branches": [[237, 239]], "missing_branches": [[237, 238]]}, "SessionModel.serialize_datetime": {"executed_lines": [], "summary": {"covered_lines": 0, "num_statements": 1, "percent_covered": 0.0, "percent_covered_display": "0", "missing_lines": 1, "excluded_lines": 0, "num_branches": 0, "num_partial_branches": 0, "covered_branches": 0, "missing_branches": 0}, "missing_lines": [245], "excluded_lines": [], "executed_branches": [], "missing_branches": []}, "MessageModel.validate_session_id_format": {"executed_lines": [], "summary": {"covered_lines": 0, "num_statements": 1, "percent_covered": 0.0, "percent_covered_display": "0", "missing_lines": 1, "excluded_lines": 0, "num_branches": 0, "num_partial_branches": 0, "covered_branches": 0, "missing_branches": 0}, "missing_lines": [278], "excluded_lines": [], "executed_branches": [], "missing_branches": []}, "MessageModel.validate_sender_format": {"executed_lines": [], "summary": {"covered_lines": 0, "num_statements": 1, "percent_covered": 0.0, "percent_covered_display": "0", "missing_lines": 1, "excluded_lines": 0, "num_branches": 0, "num_partial_branches": 0, "covered_branches": 0, "missing_branches": 0}, "missing_lines": [283], "excluded_lines": [], "executed_branches": [], "missing_branches": []}, "MessageModel.sanitize_content": {"executed_lines": [], "summary": {"covered_lines": 0, "num_statements": 4, "percent_covered": 0.0, "percent_covered_display": "0", "missing_lines": 4, "excluded_lines": 0, "num_branches": 2, "num_partial_branches": 0, "covered_branches": 0, "missing_branches": 2}, "missing_lines": [288, 289, 290, 291], "excluded_lines": [], "executed_branches": [], "missing_branches": [[289, 290], [289, 291]]}, "MessageModel.ensure_utc_timezone": {"executed_lines": [], "summary": {"covered_lines": 0, "num_statements": 3, "percent_covered": 0.0, "percent_covered_display": "0", "missing_lines": 3, "excluded_lines": 0, "num_branches": 2, "num_partial_branches": 0, "covered_branches": 0, "missing_branches": 2}, "missing_lines": [296, 297, 298], "excluded_lines": [], "executed_branches": [], "missing_branches": [[296, 297], [296, 298]]}, "MessageModel.validate_parent_message_id": {"executed_lines": [], "summary": {"covered_lines": 0, "num_statements": 3, "percent_covered": 0.0, "percent_covered_display": "0", "missing_lines": 3, "excluded_lines": 0, "num_branches": 2, "num_partial_branches": 0, "covered_branches": 0, "missing_branches": 2}, "missing_lines": [303, 304, 305], "excluded_lines": [], "executed_branches": [], "missing_branches": [[303, 304], [303, 305]]}, "MessageModel.serialize_datetime": {"executed_lines": [], "summary": {"covered_lines": 0, "num_statements": 1, "percent_covered": 0.0, "percent_covered_display": "0", "missing_lines": 1, "excluded_lines": 0, "num_branches": 0, "num_partial_branches": 0, "covered_branches": 0, "missing_branches": 0}, "missing_lines": [311], "excluded_lines": [], "executed_branches": [], "missing_branches": []}, "AgentMemoryModel.validate_agent_id_format": {"executed_lines": [], "summary": {"covered_lines": 0, "num_statements": 1, "percent_covered": 0.0, "percent_covered_display": "0", "missing_lines": 1, "excluded_lines": 0, "num_branches": 0, "num_partial_branches": 0, "covered_branches": 0, "missing_branches": 0}, "missing_lines": [338], "excluded_lines": [], "executed_branches": [], "missing_branches": []}, "AgentMemoryModel.validate_session_id_format": {"executed_lines": [], "summary": {"covered_lines": 0, "num_statements": 3, "percent_covered": 0.0, "percent_covered_display": "0", "missing_lines": 3, "excluded_lines": 0, "num_branches": 2, "num_partial_branches": 0, "covered_branches": 0, "missing_branches": 2}, "missing_lines": [343, 344, 345], "excluded_lines": [], "executed_branches": [], "missing_branches": [[343, 344], [343, 345]]}, "AgentMemoryModel.validate_memory_key": {"executed_lines": [], "summary": {"covered_lines": 0, "num_statements": 6, "percent_covered": 0.0, "percent_covered_display": "0", "missing_lines": 6, "excluded_lines": 0, "num_branches": 4, "num_partial_branches": 0, "covered_branches": 0, "missing_branches": 4}, "missing_lines": [350, 351, 352, 355, 356, 358], "excluded_lines": [], "executed_branches": [], "missing_branches": [[351, 352], [351, 355], [355, 356], [355, 358]]}, "AgentMemoryModel.validate_json_value": {"executed_lines": [], "summary": {"covered_lines": 0, "num_statements": 5, "percent_covered": 0.0, "percent_covered_display": "0", "missing_lines": 5, "excluded_lines": 0, "num_branches": 0, "num_partial_branches": 0, "covered_branches": 0, "missing_branches": 0}, "missing_lines": [364, 365, 366, 367, 369], "excluded_lines": [], "executed_branches": [], "missing_branches": []}, "AgentMemoryModel.ensure_utc_timezone": {"executed_lines": [], "summary": {"covered_lines": 0, "num_statements": 3, "percent_covered": 0.0, "percent_covered_display": "0", "missing_lines": 3, "excluded_lines": 0, "num_branches": 2, "num_partial_branches": 0, "covered_branches": 0, "missing_branches": 2}, "missing_lines": [374, 375, 376], "excluded_lines": [], "executed_branches": [], "missing_branches": [[374, 375], [374, 376]]}, "AgentMemoryModel.validate_expiration_timezone": {"executed_lines": [], "summary": {"covered_lines": 0, "num_statements": 5, "percent_covered": 0.0, "percent_covered_display": "0", "missing_lines": 5, "excluded_lines": 0, "num_branches": 4, "num_partial_branches": 0, "covered_branches": 0, "missing_branches": 4}, "missing_lines": [381, 382, 383, 385, 386], "excluded_lines": [], "executed_branches": [], "missing_branches": [[381, 382], [381, 386], [382, 383], [382, 385]]}, "AgentMemoryModel.validate_expiration_time": {"executed_lines": [], "summary": {"covered_lines": 0, "num_statements": 3, "percent_covered": 0.0, "percent_covered_display": "0", "missing_lines": 3, "excluded_lines": 0, "num_branches": 2, "num_partial_branches": 0, "covered_branches": 0, "missing_branches": 2}, "missing_lines": [390, 395, 396], "excluded_lines": [], "executed_branches": [], "missing_branches": [[390, 395], [390, 396]]}, "AgentMemoryModel.serialize_datetime": {"executed_lines": [], "summary": {"covered_lines": 0, "num_statements": 1, "percent_covered": 0.0, "percent_covered_display": "0", "missing_lines": 1, "excluded_lines": 0, "num_branches": 0, "num_partial_branches": 0, "covered_branches": 0, "missing_branches": 0}, "missing_lines": [402], "excluded_lines": [], "executed_branches": [], "missing_branches": []}, "AuditLogModel.validate_agent_id_format": {"executed_lines": [], "summary": {"covered_lines": 0, "num_statements": 1, "percent_covered": 0.0, "percent_covered_display": "0", "missing_lines": 1, "excluded_lines": 0, "num_branches": 0, "num_partial_branches": 0, "covered_branches": 0, "missing_branches": 0}, "missing_lines": [427], "excluded_lines": [], "executed_branches": [], "missing_branches": []}, "AuditLogModel.validate_session_id_format": {"executed_lines": [], "summary": {"covered_lines": 0, "num_statements": 3, "percent_covered": 0.0, "percent_covered_display": "0", "missing_lines": 3, "excluded_lines": 0, "num_branches": 2, "num_partial_branches": 0, "covered_branches": 0, "missing_branches": 2}, "missing_lines": [432, 433, 434], "excluded_lines": [], "executed_branches": [], "missing_branches": [[432, 433], [432, 434]]}, "AuditLogModel.sanitize_text_fields": {"executed_lines": [], "summary": {"covered_lines": 0, "num_statements": 5, "percent_covered": 0.0, "percent_covered_display": "0", "missing_lines": 5, "excluded_lines": 0, "num_branches": 4, "num_partial_branches": 0, "covered_branches": 0, "missing_branches": 4}, "missing_lines": [439, 440, 441, 442, 443], "excluded_lines": [], "executed_branches": [], "missing_branches": [[439, 440], [439, 443], [441, 442], [441, 443]]}, "AuditLogModel.ensure_utc_timezone": {"executed_lines": [], "summary": {"covered_lines": 0, "num_statements": 3, "percent_covered": 0.0, "percent_covered_display": "0", "missing_lines": 3, "excluded_lines": 0, "num_branches": 2, "num_partial_branches": 0, "covered_branches": 0, "missing_branches": 2}, "missing_lines": [448, 449, 450], "excluded_lines": [], "executed_branches": [], "missing_branches": [[448, 449], [448, 450]]}, "AuditLogModel.serialize_datetime": {"executed_lines": [], "summary": {"covered_lines": 0, "num_statements": 1, "percent_covered": 0.0, "percent_covered_display": "0", "missing_lines": 1, "excluded_lines": 0, "num_branches": 0, "num_partial_branches": 0, "covered_branches": 0, "missing_branches": 0}, "missing_lines": [456], "excluded_lines": [], "executed_branches": [], "missing_branches": []}, "CreateSessionRequest.sanitize_purpose": {"executed_lines": [], "summary": {"covered_lines": 0, "num_statements": 4, "percent_covered": 0.0, "percent_covered_display": "0", "missing_lines": 4, "excluded_lines": 0, "num_branches": 2, "num_partial_branches": 0, "covered_branches": 0, "missing_branches": 2}, "missing_lines": [473, 474, 475, 476], "excluded_lines": [], "executed_branches": [], "missing_branches": [[474, 475], [474, 476]]}, "CreateSessionResponse.serialize_datetime": {"executed_lines": [], "summary": {"covered_lines": 0, "num_statements": 1, "percent_covered": 0.0, "percent_covered_display": "0", "missing_lines": 1, "excluded_lines": 0, "num_branches": 0, "num_partial_branches": 0, "covered_branches": 0, "missing_branches": 0}, "missing_lines": [493], "excluded_lines": [], "executed_branches": [], "missing_branches": []}, "AddMessageRequest.validate_session_id_format": {"executed_lines": [], "summary": {"covered_lines": 0, "num_statements": 1, "percent_covered": 0.0, "percent_covered_display": "0", "missing_lines": 1, "excluded_lines": 0, "num_branches": 0, "num_partial_branches": 0, "covered_branches": 0, "missing_branches": 0}, "missing_lines": [508], "excluded_lines": [], "executed_branches": [], "missing_branches": []}, "AddMessageRequest.sanitize_content": {"executed_lines": [], "summary": {"covered_lines": 0, "num_statements": 4, "percent_covered": 0.0, "percent_covered_display": "0", "missing_lines": 4, "excluded_lines": 0, "num_branches": 2, "num_partial_branches": 0, "covered_branches": 0, "missing_branches": 2}, "missing_lines": [513, 514, 515, 516], "excluded_lines": [], "executed_branches": [], "missing_branches": [[514, 515], [514, 516]]}, "AddMessageResponse.serialize_datetime": {"executed_lines": [], "summary": {"covered_lines": 0, "num_statements": 1, "percent_covered": 0.0, "percent_covered_display": "0", "missing_lines": 1, "excluded_lines": 0, "num_branches": 0, "num_partial_branches": 0, "covered_branches": 0, "missing_branches": 0}, "missing_lines": [534], "excluded_lines": [], "executed_branches": [], "missing_branches": []}, "SetMemoryRequest.validate_session_id_format": {"executed_lines": [], "summary": {"covered_lines": 0, "num_statements": 3, "percent_covered": 0.0, "percent_covered_display": "0", "missing_lines": 3, "excluded_lines": 0, "num_branches": 2, "num_partial_branches": 0, "covered_branches": 0, "missing_branches": 2}, "missing_lines": [552, 553, 554], "excluded_lines": [], "executed_branches": [], "missing_branches": [[552, 553], [552, 554]]}, "SetMemoryRequest.validate_memory_key": {"executed_lines": [], "summary": {"covered_lines": 0, "num_statements": 6, "percent_covered": 0.0, "percent_covered_display": "0", "missing_lines": 6, "excluded_lines": 0, "num_branches": 4, "num_partial_branches": 0, "covered_branches": 0, "missing_branches": 4}, "missing_lines": [559, 560, 561, 563, 564, 566], "excluded_lines": [], "executed_branches": [], "missing_branches": [[560, 561], [560, 563], [563, 564], [563, 566]]}, "SetMemoryRequest.validate_json_serializable": {"executed_lines": [], "summary": {"covered_lines": 0, "num_statements": 5, "percent_covered": 0.0, "percent_covered_display": "0", "missing_lines": 5, "excluded_lines": 0, "num_branches": 0, "num_partial_branches": 0, "covered_branches": 0, "missing_branches": 0}, "missing_lines": [572, 573, 574, 575, 577], "excluded_lines": [], "executed_branches": [], "missing_branches": []}, "GetMemoryRequest.validate_session_id_format": {"executed_lines": [], "summary": {"covered_lines": 0, "num_statements": 3, "percent_covered": 0.0, "percent_covered_display": "0", "missing_lines": 3, "excluded_lines": 0, "num_branches": 2, "num_partial_branches": 0, "covered_branches": 0, "missing_branches": 2}, "missing_lines": [589, 590, 591], "excluded_lines": [], "executed_branches": [], "missing_branches": [[589, 590], [589, 591]]}, "SearchContextRequest.validate_session_id_format": {"executed_lines": [], "summary": {"covered_lines": 0, "num_statements": 1, "percent_covered": 0.0, "percent_covered_display": "0", "missing_lines": 1, "excluded_lines": 0, "num_branches": 0, "num_partial_branches": 0, "covered_branches": 0, "missing_branches": 0}, "missing_lines": [607], "excluded_lines": [], "executed_branches": [], "missing_branches": []}, "SearchContextRequest.sanitize_query": {"executed_lines": [], "summary": {"covered_lines": 0, "num_statements": 4, "percent_covered": 0.0, "percent_covered_display": "0", "missing_lines": 4, "excluded_lines": 0, "num_branches": 2, "num_partial_branches": 0, "covered_branches": 0, "missing_branches": 2}, "missing_lines": [612, 613, 614, 615], "excluded_lines": [], "executed_branches": [], "missing_branches": [[613, 614], [613, 615]]}, "SearchResponse.serialize_datetime": {"executed_lines": [], "summary": {"covered_lines": 0, "num_statements": 1, "percent_covered": 0.0, "percent_covered_display": "0", "missing_lines": 1, "excluded_lines": 0, "num_branches": 0, "num_partial_branches": 0, "covered_branches": 0, "missing_branches": 0}, "missing_lines": [633], "excluded_lines": [], "executed_branches": [], "missing_branches": []}, "SearchBySenderRequest.validate_session_id_format": {"executed_lines": [], "summary": {"covered_lines": 0, "num_statements": 1, "percent_covered": 0.0, "percent_covered_display": "0", "missing_lines": 1, "excluded_lines": 0, "num_branches": 0, "num_partial_branches": 0, "covered_branches": 0, "missing_branches": 0}, "missing_lines": [646], "excluded_lines": [], "executed_branches": [], "missing_branches": []}, "SearchBySenderRequest.validate_sender_format": {"executed_lines": [], "summary": {"covered_lines": 0, "num_statements": 1, "percent_covered": 0.0, "percent_covered_display": "0", "missing_lines": 1, "excluded_lines": 0, "num_branches": 0, "num_partial_branches": 0, "covered_branches": 0, "missing_branches": 0}, "missing_lines": [651], "excluded_lines": [], "executed_branches": [], "missing_branches": []}, "SearchByTimerangeRequest.validate_session_id_format": {"executed_lines": [], "summary": {"covered_lines": 0, "num_statements": 1, "percent_covered": 0.0, "percent_covered_display": "0", "missing_lines": 1, "excluded_lines": 0, "num_branches": 0, "num_partial_branches": 0, "covered_branches": 0, "missing_branches": 0}, "missing_lines": [665], "excluded_lines": [], "executed_branches": [], "missing_branches": []}, "SearchByTimerangeRequest.validate_timestamp_format": {"executed_lines": [], "summary": {"covered_lines": 0, "num_statements": 5, "percent_covered": 0.0, "percent_covered_display": "0", "missing_lines": 5, "excluded_lines": 0, "num_branches": 0, "num_partial_branches": 0, "covered_branches": 0, "missing_branches": 0}, "missing_lines": [671, 672, 673, 674, 676], "excluded_lines": [], "executed_branches": [], "missing_branches": []}, "MemoryListRequest.validate_session_id_format": {"executed_lines": [], "summary": {"covered_lines": 0, "num_statements": 3, "percent_covered": 0.0, "percent_covered_display": "0", "missing_lines": 3, "excluded_lines": 0, "num_branches": 2, "num_partial_branches": 0, "covered_branches": 0, "missing_branches": 2}, "missing_lines": [721, 722, 723], "excluded_lines": [], "executed_branches": [], "missing_branches": [[721, 722], [721, 723]]}, "MemoryListRequest.validate_prefix": {"executed_lines": [], "summary": {"covered_lines": 0, "num_statements": 5, "percent_covered": 0.0, "percent_covered_display": "0", "missing_lines": 5, "excluded_lines": 0, "num_branches": 4, "num_partial_branches": 0, "covered_branches": 0, "missing_branches": 4}, "missing_lines": [728, 729, 730, 731, 732], "excluded_lines": [], "executed_branches": [], "missing_branches": [[728, 729], [728, 732], [730, 731], [730, 732]]}, "MemoryListResponse.serialize_datetime": {"executed_lines": [], "summary": {"covered_lines": 0, "num_statements": 1, "percent_covered": 0.0, "percent_covered_display": "0", "missing_lines": 1, "excluded_lines": 0, "num_branches": 0, "num_partial_branches": 0, "covered_branches": 0, "missing_branches": 0}, "missing_lines": [746], "excluded_lines": [], "executed_branches": [], "missing_branches": []}, "ResourceModel.validate_uri_format": {"executed_lines": [], "summary": {"covered_lines": 0, "num_statements": 3, "percent_covered": 0.0, "percent_covered_display": "0", "missing_lines": 3, "excluded_lines": 0, "num_branches": 2, "num_partial_branches": 0, "covered_branches": 0, "missing_branches": 2}, "missing_lines": [764, 765, 766], "excluded_lines": [], "executed_branches": [], "missing_branches": [[764, 765], [764, 766]]}, "ResourceModel.serialize_datetime": {"executed_lines": [], "summary": {"covered_lines": 0, "num_statements": 1, "percent_covered": 0.0, "percent_covered_display": "0", "missing_lines": 1, "excluded_lines": 0, "num_branches": 0, "num_partial_branches": 0, "covered_branches": 0, "missing_branches": 0}, "missing_lines": [770], "excluded_lines": [], "executed_branches": [], "missing_branches": []}, "ValidationErrorResponse.serialize_datetime": {"executed_lines": [], "summary": {"covered_lines": 0, "num_statements": 1, "percent_covered": 0.0, "percent_covered_display": "0", "missing_lines": 1, "excluded_lines": 0, "num_branches": 0, "num_partial_branches": 0, "covered_branches": 0, "missing_branches": 0}, "missing_lines": [795], "excluded_lines": [], "executed_branches": [], "missing_branches": []}, "create_standard_response": {"executed_lines": [805, 806, 807], "summary": {"covered_lines": 3, "num_statements": 3, "percent_covered": 100.0, "percent_covered_display": "100", "missing_lines": 0, "excluded_lines": 0, "num_branches": 0, "num_partial_branches": 0, "covered_branches": 0, "missing_branches": 0}, "missing_lines": [], "excluded_lines": [], "executed_branches": [], "missing_branches": []}, "create_error_response": {"executed_lines": [812], "summary": {"covered_lines": 1, "num_statements": 1, "percent_covered": 100.0, "percent_covered_display": "100", "missing_lines": 0, "excluded_lines": 0, "num_branches": 0, "num_partial_branches": 0, "covered_branches": 0, "missing_branches": 0}, "missing_lines": [], "excluded_lines": [], "executed_branches": [], "missing_branches": []}, "serialize_metadata": {"executed_lines": [828], "summary": {"covered_lines": 1, "num_statements": 1, "percent_covered": 100.0, "percent_covered_display": "100", "missing_lines": 0, "excluded_lines": 0, "num_branches": 0, "num_partial_branches": 0, "covered_branches": 0, "missing_branches": 0}, "missing_lines": [], "excluded_lines": [], "executed_branches": [], "missing_branches": []}, "deserialize_metadata": {"executed_lines": [841, 844, 845], "summary": {"covered_lines": 3, "num_statements": 6, "percent_covered": 50.0, "percent_covered_display": "50", "missing_lines": 3, "excluded_lines": 0, "num_branches": 2, "num_partial_branches": 1, "covered_branches": 1, "missing_branches": 1}, "missing_lines": [842, 846, 847], "excluded_lines": [], "executed_branches": [[841, 844]], "missing_branches": [[841, 842]]}, "validate_model_dict": {"executed_lines": [], "summary": {"covered_lines": 0, "num_statements": 4, "percent_covered": 0.0, "percent_covered_display": "0", "missing_lines": 4, "excluded_lines": 0, "num_branches": 0, "num_partial_branches": 0, "covered_branches": 0, "missing_branches": 0}, "missing_lines": [866, 867, 868, 869], "excluded_lines": [], "executed_branches": [], "missing_branches": []}, "sanitize_search_input": {"executed_lines": [], "summary": {"covered_lines": 0, "num_statements": 8, "percent_covered": 0.0, "percent_covered_display": "0", "missing_lines": 8, "excluded_lines": 0, "num_branches": 4, "num_partial_branches": 0, "covered_branches": 0, "missing_branches": 4}, "missing_lines": [889, 892, 895, 898, 899, 901, 902, 904], "excluded_lines": [], "executed_branches": [], "missing_branches": [[898, 899], [898, 901], [901, 902], [901, 904]]}, "sanitize_memory_key": {"executed_lines": [], "summary": {"covered_lines": 0, "num_statements": 7, "percent_covered": 0.0, "percent_covered_display": "0", "missing_lines": 7, "excluded_lines": 0, "num_branches": 4, "num_partial_branches": 0, "covered_branches": 0, "missing_branches": 4}, "missing_lines": [922, 924, 925, 928, 930, 931, 935], "excluded_lines": [], "executed_branches": [], "missing_branches": [[924, 925], [924, 928], [930, 931], [930, 935]]}, "validate_json_serializable_value": {"executed_lines": [], "summary": {"covered_lines": 0, "num_statements": 5, "percent_covered": 0.0, "percent_covered_display": "0", "missing_lines": 5, "excluded_lines": 0, "num_branches": 0, "num_partial_branches": 0, "covered_branches": 0, "missing_branches": 0}, "missing_lines": [951, 952, 953, 954, 956], "excluded_lines": [], "executed_branches": [], "missing_branches": []}, "create_validation_error_response": {"executed_lines": [], "summary": {"covered_lines": 0, "num_statements": 1, "percent_covered": 0.0, "percent_covered_display": "0", "missing_lines": 1, "excluded_lines": 0, "num_branches": 0, "num_partial_branches": 0, "covered_branches": 0, "missing_branches": 0}, "missing_lines": [972], "excluded_lines": [], "executed_branches": [], "missing_branches": []}, "extract_pydantic_validation_errors": {"executed_lines": [], "summary": {"covered_lines": 0, "num_statements": 7, "percent_covered": 0.0, "percent_covered_display": "0", "missing_lines": 7, "excluded_lines": 0, "num_branches": 4, "num_partial_branches": 0, "covered_branches": 0, "missing_branches": 4}, "missing_lines": [985, 988, 989, 990, 991, 1001, 1010], "excluded_lines": [], "executed_branches": [], "missing_branches": [[988, 989], [988, 1001], [989, 990], [989, 1010]]}, "": {"executed_lines": [1, 11, 13, 14, 15, 16, 17, 19, 33, 36, 39, 40, 41, 42, 43, 46, 47, 49, 50, 51, 52, 55, 56, 58, 59, 60, 61, 62, 70, 77, 84, 125, 130, 140, 151, 192, 193, 199, 200, 203, 204, 205, 206, 212, 216, 217, 218, 221, 222, 223, 226, 227, 228, 234, 235, 236, 241, 243, 244, 248, 249, 253, 254, 255, 258, 261, 264, 267, 270, 271, 275, 276, 277, 280, 281, 282, 285, 286, 287, 293, 294, 295, 300, 301, 302, 307, 309, 310, 314, 315, 319, 320, 323, 326, 329, 330, 331, 332, 333, 335, 336, 337, 340, 341, 342, 347, 348, 349, 360, 361, 362, 371, 372, 373, 378, 379, 380, 388, 389, 398, 400, 401, 405, 406, 410, 411, 412, 415, 418, 419, 420, 421, 422, 424, 425, 426, 429, 430, 431, 436, 437, 438, 445, 446, 447, 452, 454, 455, 464, 465, 467, 468, 470, 471, 472, 479, 480, 482,
[...]
, "num_branches": 2, "num_partial_branches": 0, "covered_branches": 2, "missing_branches": 0}, "missing_lines": [], "excluded_lines": [], "executed_branches": [[217, 218], [217, 226]], "missing_branches": []}, "create_enhanced_error_response": {"executed_lines": [430, 431, 432, 434, 436], "summary": {"covered_lines": 5, "num_statements": 5, "percent_covered": 100.0, "percent_covered_display": "100", "missing_lines": 0, "excluded_lines": 0, "num_branches": 2, "num_partial_branches": 0, "covered_branches": 2, "missing_branches": 0}, "missing_lines": [], "excluded_lines": [], "executed_branches": [[430, 431], [430, 434]], "missing_branches": []}, "validate_error_response": {"executed_lines": [456, 466, 467, 468, 471, 472, 475, 476, 479], "summary": {"covered_lines": 9, "num_statements": 9, "percent_covered": 100.0, "percent_covered_display": "100", "missing_lines": 0, "excluded_lines": 0, "num_branches": 8, "num_partial_branches": 0, "covered_branches": 8, "missing_branches": 0}, "missing_lines": [], "excluded_lines": [], "executed_branches": [[466, 467], [466, 471], [467, 466], [467, 468], [471, 472], [471, 475], [475, 476], [475, 479]], "missing_branches": []}, "enhance_legacy_error_response": {"executed_lines": [500, 503, 504, 506, 507, 509, 510, 511, 513], "summary": {"covered_lines": 9, "num_statements": 9, "percent_covered": 84.61538461538461, "percent_covered_display": "85", "missing_lines": 0, "excluded_lines": 0, "num_branches": 4, "num_partial_branches": 2, "covered_branches": 2, "missing_branches": 2}, "missing_lines": [], "excluded_lines": [], "executed_branches": [[503, 504], [506, 507]], "missing_branches": [[503, 506], [506, 509]]}, "create_llm_friendly_validation_error": {"executed_lines": [529, 530, 532, 533, 534, 536, 537, 546, 554], "summary": {"covered_lines": 9, "num_statements": 9, "percent_covered": 100.0, "percent_covered_display": "100", "missing_lines": 0, "excluded_lines": 0, "num_branches": 2, "num_partial_branches": 0, "covered_branches": 2, "missing_branches": 0}, "missing_lines": [], "excluded_lines": [], "executed_branches": [[532, 533], [532, 546]], "missing_branches": []}, "get_error_recovery_suggestions": {"executed_lines": [574, 602], "summary": {"covered_lines": 2, "num_statements": 2, "percent_covered": 100.0, "percent_covered_display": "100", "missing_lines": 0, "excluded_lines": 0, "num_branches": 0, "num_partial_branches": 0, "covered_branches": 0, "missing_branches": 0}, "missing_lines": [], "excluded_lines": [], "executed_branches": [], "missing_branches": []}, "": {"executed_lines": [1, 16, 18, 19, 20, 27, 28, 30, 31, 32, 35, 36, 38, 61, 93, 104, 133, 174, 212, 258, 426, 446, 482, 516, 564], "summary": {"covered_lines": 22, "num_statements": 22, "percent_covered": 100.0, "percent_covered_display": "100", "missing_lines": 0, "excluded_lines": 0, "num_branches": 0, "num_partial_branches": 0, "covered_branches": 0, "missing_branches": 0}, "missing_lines": [], "excluded_lines": [], "executed_branches": [], "missing_branches": []}}, "classes": {"ErrorSeverity": {"executed_lines": [], "summary": {"covered_lines": 0, "num_statements": 0, "percent_covered": 100.0, "percent_covered_display": "100", "missing_lines": 0, "excluded_lines": 0, "num_branches": 0, "num_partial_branches": 0, "covered_branches": 0, "missing_branches": 0}, "missing_lines": [], "excluded_lines": [], "executed_branches": [], "missing_branches": []}, "LLMOptimizedErrorResponse": {"executed_lines": [50, 51, 52, 53, 54, 55, 56, 57, 58, 59, 63, 72, 73, 75, 76, 78, 79, 81, 82, 84, 85], "summary": {"covered_lines": 21, "num_statements": 21, "percent_covered": 100.0, "percent_covered_display": "100", "missing_lines": 0, "excluded_lines": 0, "num_branches": 8, "num_partial_branches": 0, "covered_branches": 8, "missing_branches": 0}, "missing_lines": [], "excluded_lines": [], "executed_branches": [[72, 73], [72, 75], [75, 76], [75, 78], [78, 79], [78, 81], [81, 82], [81, 84]], "missing_branches": []}, "": {"executed_lines": [1, 16, 18, 19, 20, 27, 28, 30, 31, 32, 35, 36, 38, 61, 93, 98, 101, 104, 109, 115, 123, 133, 143, 144, 149, 150, 154, 159, 160, 164, 174, 183, 184, 190, 191, 195, 200, 212, 217, 218, 223, 224, 226, 231, 232, 234, 240, 258, 426, 430, 431, 432, 434, 436, 446, 456, 466, 467, 468, 471, 472, 475, 476, 479, 482, 500, 503, 504, 506, 507, 509, 510, 511, 513, 516, 529, 530, 532, 533, 534, 536, 537, 546, 554, 564, 574, 602], "summary": {"covered_lines": 84, "num_statements": 84, "percent_covered": 97.32142857142857, "percent_covered_display": "97", "missing_lines": 0, "excluded_lines": 0, "num_branches": 28, "num_partial_branches": 3, "covered_branches": 25, "missing_branches": 3}, "missing_lines": [], "excluded_lines": [], "executed_branches": [[143, 144], [143, 154], [149, 150], [149, 154], [159, 160], [159, 164], [183, 184], [183, 195], [190, 191], [217, 218], [217, 226], [430, 431], [430, 434], [466, 467], [466, 471], [467, 466], [467, 468], [471, 472], [471, 475], [475, 476], [475, 479], [503, 504], [506, 507], [532, 533], [532, 546]], "missing_branches": [[190, 195], [503, 506], [506, 509]]}}}, "src/shared_context_server/utils/performance.py": {"executed_lines": [1, 13, 15, 16, 17, 18, 19, 20, 23, 27, 29, 31, 33, 41, 42, 44, 45, 46, 47, 48, 49, 50, 51, 54, 66, 69, 70, 72, 81, 82, 83, 84, 86, 87, 88, 89, 92, 95, 96, 97, 98, 99, 103, 104, 108, 110, 113, 114, 115, 116, 117, 118, 119, 120, 122, 124, 127, 129, 136, 139, 140, 141, 143, 144, 145, 146, 148, 150, 154, 165, 166, 167, 168, 173, 176, 177, 182, 185, 186, 188, 189, 191, 193, 194, 197, 199, 200, 201, 204, 205, 207, 208, 211, 214, 215, 219, 223, 226, 228, 229, 230, 233, 234, 235, 240, 241, 242, 247, 248, 249, 250, 251, 253, 255, 263, 264, 265, 266, 268, 276, 277, 278, 279, 281, 289, 290, 291, 292, 294, 297, 308, 330, 333, 336, 337, 339, 342, 343, 345, 346, 348, 353, 355, 358, 361, 362, 363, 366, 373, 374, 375, 376, 377, 378, 381, 382, 383, 389, 392, 393, 395, 398, 399, 401, 402, 404, 405, 406, 407, 410, 411, 412, 413, 414, 419, 422, 423, 424, 426, 427, 429, 436, 437, 438, 443, 444, 445, 446, 447, 450, 460, 469, 477, 480, 482, 483, 484, 486, 487, 488, 489, 529, 532, 540, 543, 544, 550, 551, 554, 573, 574, 575], "summary": {"covered_lines": 210, "num_statements": 250, "percent_covered": 80.3125, "percent_covered_display": "80", "missing_lines": 40, "excluded_lines": 0, "num_branches": 70, "num_partial_branches": 13, "covered_branches": 47, "missing_branches": 23}, "missing_lines": [24, 111, 169, 170, 174, 183, 340, 351, 359, 385, 386, 390, 415, 416, 420, 439, 440, 491, 492, 493, 495, 496, 499, 500, 504, 505, 506, 510, 511, 512, 515, 516, 518, 519, 520, 522, 523, 524, 525, 526], "excluded_lines": [], "executed_branches": [[23, 27], [82, 83], [82, 86], [96, 97], [96, 103], [98, 96], [98, 99], [110, 113], [166, 167], [166, 173], [173, -150], [182, 185], [185, 186], [185, 188], [200, 201], [200, 207], [215, 219], [215, 223], [226, -176], [226, 228], [240, 241], [240, 247], [248, 249], [336, 337], [336, 339], [339, 342], [342, 343], [342, 345], [345, 346], [345, 348], [348, 353], [358, 361], [374, 375], [374, 389], [376, 377], [389, 392], [392, 393], [398, 399], [398, 401], [405, 406], [410, 411], [410, 419], [419, 422], [437, 438], [437, 443], [543, 544], [543, 550]], "missing_branches": [[23, 24], [110, 111], [173, 174], [182, 183], [248, -176], [339, 340], [348, 351], [358, 359], [376, 374], [389, 390], [392, -355], [405, 426], [419, 420], [492, 493], [492, 495], [499, 500], [499, 504], [504, 505], [504, 510], [510, 511], [510, 515], [515, 483], [515, 516]], "functions": {"ConnectionPoolManager.__init__": {"executed_lines": [45, 46, 47, 48, 49, 50, 51, 54, 66, 69, 70], "summary": {"covered_lines": 11, "num_statements": 11, "percent_covered": 100.0, "percent_covered_display": "100", "missing_lines": 0, "excluded_lines": 0, "num_branches": 0, "num_partial_branches": 0, "covered_branches": 0, "missing_branches": 0}, "missing_lines": [], "excluded_lines": [], "executed_branches": [], "missing_branches": []}, "ConnectionPoolManager.initialize_pool": {"executed_lines": [81, 82, 83, 84, 86, 87, 88, 89, 92, 95, 96, 97, 98, 99, 103, 104], "summary": {"covered_lines": 16, "num_statements": 16, "percent_covered": 100.0, "percent_covered_display": "100", "missing_lines": 0, "excluded_lines": 0, "num_branches": 6, "num_partial_branches": 0, "covered_branches": 6, "missing_branches": 0}, "missing_lines": [], "excluded_lines": [], "executed_branches": [[82, 83], [82, 86], [96, 97], [96, 103], [98, 96], [98, 99]], "missing_branches": []}, "ConnectionPoolManager._try_create_pool_connection": {"executed_lines": [110, 113, 114, 115, 116, 117, 118, 119, 120, 122], "summary": {"covered_lines": 10, "num_statements": 11, "percent_covered": 84.61538461538461, "percent_covered_display": "85", "missing_lines": 1, "excluded_lines": 0, "num_branches": 2, "num_partial_branches": 1, "covered_branches": 1, "missing_branches": 1}, "missing_lines": [111], "excluded_lines": [], "executed_branches": [[110, 113]], "missing_branches": [[110, 111]]}, "ConnectionPoolManager._create_optimized_connection": {"executed_lines": [127, 129, 136, 139, 140, 141, 143, 144, 145, 146, 148], "summary": {"covered_lines": 11, "num_statements": 11, "percent_covered": 100.0, "percent_covered_display": "100", "missing_lines": 0, "excluded_lines": 0, "num_branches": 0, "num_partial_branches": 0, "covered_branches": 0, "missing_branches": 0}, "missing_lines": [], "excluded_lines": [], "executed_branches": [], "missing_branches": []}, "ConnectionPoolManager._optimize_connection": {"executed_lines": [154, 165, 166, 167, 168, 173], "summary": {"covered_lines": 6, "num_statements": 9, "percent_covered": 69.23076923076923, "percent_covered_display": "69", "missing_lines": 3, "excluded_lines": 0, "num_branches": 4, "num_partial_branches": 1, "covered_branches": 3, "missing_branches": 1}, "missing_lines": [169, 170, 174], "excluded_lines": [], "executed_branches": [[166, 167], [166, 173], [173, -150]], "missing_branches": [[173, 174]]}, "ConnectionPoolManager.get_connection": {"executed_lines": [182, 185, 186, 188, 189, 191, 193, 194, 197, 199, 200, 201, 204, 205, 207, 208, 211, 214, 215, 219, 223, 226, 228, 229, 230, 233, 234, 235, 240, 241, 242, 247, 248, 249, 250, 251, 253], "summary": {"covered_lines": 37, "num_statements": 38, "percent_covered": 94.23076923076923, "percent_covered_display": "94", "missing_lines": 1, "excluded_lines": 0, "num_branches": 14, "num_partial_branches": 2, "covered_branches": 12, "missing_branches": 2}, "missing_lines": [183], "excluded_lines": [], "executed_branches": [[182, 185], [185, 186], [185, 188], [200, 201], [200, 207], [215, 219], [215, 223], [226, -176], [226, 228], [240, 241], [240, 247], [248, 249]], "missing_branches": [[182, 183], [248, -176]]}, "ConnectionPoolManager.execute_query": {"executed_lines": [263, 264, 265, 266], "summary": {"covered_lines": 4, "num_statements": 4, "percent_covered": 100.0, "percent_covered_display": "100", "missing_lines": 0, "excluded_lines": 0, "num_branches": 0, "num_partial_branches": 0, "covered_branches": 0, "missing_branches": 0}, "missing_lines": [], "excluded_lines": [], "executed_branches": [], "missing_branches": []}, "ConnectionPoolManager.execute_write": {"executed_lines": [276, 277, 278, 279], "summary": {"covered_lines": 4, "num_statements": 4, "percent_covered": 100.0, "percent_covered_display": "100", "missing_lines": 0, "excluded_lines": 0, "num_branches": 0, "num_partial_branches": 0, "covered_branches": 0, "missing_branches": 0}, "missing_lines": [], "excluded_lines": [], "executed_branches": [], "missing_branches": []}, "ConnectionPoolManager.execute_many": {"executed_lines": [289, 290, 291, 292], "summary": {"covered_lines": 4, "num_statements": 4, "percent_covered": 100.0, "percent_covered_display": "100", "missing_lines": 0, "excluded_lines": 0, "num_branches": 0, "num_partial_branches": 0, "covered_branches": 0, "missing_branches": 0}, "missing_lines": [], "excluded_lines": [], "executed_branches": [], "missing_branches": []}, "ConnectionPoolManager.get_performance_stats": {"executed_lines": [297, 308], "summary": {"covered_lines": 2, "num_statements": 2, "percent_covered": 100.0, "percent_covered_display": "100", "missing_lines": 0, "excluded_lines": 0, "num_branches": 0, "num_partial_branches": 0, "covered_branches": 0, "missing_branches": 0}, "missing_lines": [], "excluded_lines": [], "executed_branches": [], "missing_branches": []}, "ConnectionPoolManager._get_health_status": {"executed_lines": [333, 336, 337, 339, 342, 343, 345, 346, 348, 353], "summary": {"covered_lines": 10, "num_statements": 12, "percent_covered": 81.81818181818181, "percent_covered_display": "82", "missing_lines": 2, "excluded_lines": 0, "num_branches": 10, "num_partial_branches": 2, "covered_branches": 8, "missing_branches": 2}, "missing_lines": [340, 351], "excluded_lines": [], "executed_branches": [[336, 337], [336, 339], [339, 342], [342, 343], [342, 345], [345, 346], [345, 348], [348, 353]], "missing_branches": [[339, 340], [348, 351]]}, "ConnectionPoolManager.cleanup_connections": {"executed_lines": [358, 361, 362, 363, 366, 373, 374, 375, 376, 377, 378, 381, 382, 383, 389, 392, 393], "summary": {"covered_lines": 17, "num_statements": 21, "percent_covered": 74.19354838709677, "percent_covered_display": "74", "missing_lines": 4, "excluded_lines": 0, "num_branches": 10, "num_partial_branches": 4, "covered_branches": 6, "missing_branches": 4}, "missing_lines": [359, 385, 386, 390], "excluded_lines": [], "executed_branches": [[358, 361], [374, 375], [374, 389], [376, 377], [389, 392], [392, 393]], "missing_branches": [[358, 359], [376, 374], [389, 390], [392, -355]]}, "ConnectionPoolManager.shutdown_pool": {"executed_lines": [398, 399, 401, 402, 404, 405, 406, 407, 410, 411, 412, 413, 414, 419, 422, 423, 424, 426, 427], "summary": {"covered_lines": 19, "num_statements": 22, "percent_covered": 83.33333333333333, "percent_covered_display": "83", "missing_lines": 3, "excluded_lines": 0, "num_branches": 8, "num_partial_branches": 2, "covered_branches": 6, "missing_branches": 2}, "missing_lines": [415, 416, 420], "excluded_lines": [], "executed_branches": [[398, 399], [398, 401], [405, 406], [410, 411], [410, 419], [419, 422]], "missing_branches": [[405, 426], [419, 420]]}, "ConnectionPoolManager.reset_for_testing": {"executed_lines": [436, 437, 438, 443, 444, 445, 446, 447, 450, 460], "summary": {"covered_lines": 10, "num_statements": 12, "percent_covered": 85.71428571428571, "percent_covered_display": "86", "missing_lines": 2, "excluded_lines": 0, "num_branches": 2, "num_partial_branches": 0, "covered_branches": 2, "missing_branches": 0}, "missing_lines": [439, 440], "excluded_lines": [], "executed_branches": [[437, 438], [437, 443]], "missing_branches": []}, "performance_monitoring_task": {"executed_lines": [480, 482, 483, 484, 486, 487, 488, 489], "summary": {"covered_lines": 8, "num_statements": 31, "percent_covered": 19.51219512195122, "percent_covered_display": "20", "missing_lines": 23, "excluded_lines": 0, "num_branches": 10, "num_partial_branches": 0, "covered_branches": 0, "missing_branches": 10}, "missing_lines": [491, 492, 493, 495, 496, 499, 500, 504, 505, 506, 510, 511, 512, 515, 516, 518, 519, 520, 522, 523, 524, 525, 526], "excluded_lines": [], "executed_branches": [], "missing_branches": [[492, 493], [492, 495], [499, 500], [499, 504], [504, 505], [504, 510], [510, 511], [510, 515], [515, 483], [515, 516]]}, "start_performance_monitoring": {"executed_lines": [532], "summary": {"covered_lines": 1, "num_statements": 1, "percent_covered": 100.0, "percent_covered_display": "100", "missing_lines": 0, "excluded_lines": 0, "num_branches": 0, "num_partial_branches": 0, "covered_branches": 0, "missing_branches": 0}, "missing_lines": [], "excluded_lines": [], "executed_branches": [], "missing_branches": []}, "get_performance_metrics_dict": {"executed_lines": [543, 544, 550, 551, 554, 573, 574, 575], "summary": {"covered_lines": 8, "num_statements": 8, "percent_covered": 100.0, "percent_covered_display": "100", "missing_lines": 0, "excluded_lines": 0, "num_branches": 2, "num_partial_branches": 0, "covered_branches": 2, "missing_branches": 0}, "missing_lines": [], "excluded_lines": [], "executed_branches": [[543, 544], [543, 550]], "missing_branches": []}, "": {"executed_lines": [1, 13, 15, 16, 17, 18, 19, 20, 23, 27, 29, 31, 33, 41, 42, 44, 72, 108, 124, 150, 176, 177, 255, 268, 281, 294, 330, 355, 395, 429, 469, 477, 529, 540], "summary": {"covered_lines": 32, "num_statements": 33, "percent_covered": 94.28571428571429, "percent_covered_display": "94", "missing_lines": 1, "excluded_lines": 0, "num_branches": 2, "num_partial_branches": 1, "covered_branches": 1, "missing_branches": 1}, "missing_lines": [24], "excluded_lines": [], "executed_branches": [[23, 27]], "missing_branches": [[23, 24]]}}, "classes": {"ConnectionPoolManager": {"executed_lines": [45, 46, 47, 48, 49, 50, 51, 54, 66, 69, 70, 81, 82, 83, 84, 86, 87, 88, 89, 92, 95, 96, 97, 98, 99, 103, 104, 110, 113, 114, 115, 116, 117, 118, 119, 120, 122, 127, 129, 136, 139, 140, 141, 143, 144, 145, 146, 148, 154, 165, 166, 167, 168, 173, 182, 185, 186, 188, 189, 191, 193, 194, 197, 199, 200, 201, 204, 205, 207, 208, 211, 214, 215, 219, 223, 226, 228, 229, 230, 233, 234, 235, 240, 241, 242, 247, 248, 249, 250, 251, 253, 263, 264, 265, 266, 276, 277, 278, 279, 289, 290, 291, 292, 297, 308, 333, 336, 337, 339, 342, 343, 345, 346, 348, 353, 358, 361, 362, 363, 366, 373, 374, 375, 376, 377, 378, 381, 382, 383, 389, 392, 393, 398, 399, 401, 402, 404, 405, 406, 407, 410, 411, 412, 413, 414, 419, 422, 423, 424, 426, 427, 436, 437, 438, 443, 444, 445, 446, 447, 450, 460], "summary": {"covered_lines": 161, "num_statements": 177, "percent_covered": 87.98283261802575, "percent_covered_display": "88", "missing_lines": 16, "excluded_lines": 0, "num_branches": 56, "num_partial_branches": 12, "covered_branches": 44, "missing_branches": 12}, "missing_lines": [111, 169, 170, 174, 183, 340, 351, 359, 385, 386, 390, 415, 416, 420, 439, 440], "excluded_lines": [], "executed_branches": [[82, 83], [82, 86], [96, 97], [96, 103], [98, 96], [98, 99], [110, 113], [166, 167], [166, 173], [173, -150], [182, 185], [185, 186], [185, 188], [200, 201], [200, 207], [215, 219], [215, 223], [226, -176], [226, 228], [240, 241], [240, 247], [248, 249], [336, 337], [336, 339], [339, 342], [342, 343], [342, 345], [345, 346], [345, 348], [348, 353], [358, 361], [374, 375], [374, 389], [376, 377], [389, 392], [392, 393], [398, 399], [398, 401], [405, 406], [410, 411], [410, 419], [419, 422], [437, 438], [437, 443]], "missing_branches": [[110, 111], [173, 174], [182, 183], [248, -176], [339, 340], [348, 351], [358, 359], [376, 374], [389, 390], [392, -355], [405, 426], [419, 420]]}, "": {"executed_lines": [1, 13, 15, 16, 17, 18, 19, 20, 23, 27, 29, 31, 33, 41, 42, 44, 72, 108, 124, 150, 176, 177, 255, 268, 281, 294, 330, 355, 395, 429, 469, 477, 480, 482, 483, 484, 486, 487, 488, 489, 529, 532, 540, 543, 544, 550, 551, 554, 573, 574, 575], "summary": {"covered_lines": 49, "num_statements": 73, "percent_covered": 59.770114942528735, "percent_covered_display": "60", "missing_lines": 24, "excluded_lines": 0, "num_branches": 14, "num_partial_branches": 1, "covered_branches": 3, "missing_branches": 11}, "missing_lines": [24, 491, 492, 493, 495, 496, 499, 500, 504, 505, 506, 510, 511, 512, 515, 516, 518, 519, 520, 522, 523, 524, 525, 526], "excluded_lines": [], "executed_branches": [[23, 27], [543, 544], [543, 550]], "missing_branches": [[23, 24], [492, 493], [492, 495], [499, 500], [499, 504], [504, 505], [504, 510], [510, 511], [510, 515], [515, 483], [515, 516]]}}}}, "totals": {"covered_lines": 1977, "num_statements": 2748, "percent_covered": 69.04481132075472, "percent_covered_display": "69", "missing_lines": 771, "excluded_lines": 4, "num_branches": 644, "num_partial_branches": 87, "covered_branches": 365, "missing_branches": 279}}
