<?xml version="1.0" ?>
<coverage version="7.10.2" timestamp="1756415490992" lines-valid="5470" lines-covered="3629" line-rate="0.6634" branches-valid="1502" branches-covered="808" branch-rate="0.5379" complexity="0">
	<!-- Generated by coverage.py: https://coverage.readthedocs.io/en/7.10.2 -->
	<!-- Based on https://raw.githubusercontent.com/cobertura/web/master/htdocs/xml/coverage-04.dtd -->
	<sources>
		<source>/Users/Ricardo_Leon1/TestIO/scs/shared-context-server/src</source>
	</sources>
	<packages>
		<package name="shared_context_server" line-rate="0.6593" branch-rate="0.5236" complexity="0">
			<classes>
				<class name="__init__.py" filename="shared_context_server/__init__.py" complexity="0" line-rate="0.7059" branch-rate="0.25">
					<methods/>
					<lines>
						<line number="8" hits="1"/>
						<line number="9" hits="1"/>
						<line number="11" hits="1"/>
						<line number="12" hits="1"/>
						<line number="20" hits="1"/>
						<line number="23" hits="1"/>
						<line number="25" hits="1"/>
						<line number="27" hits="1"/>
						<line number="28" hits="1" branch="true" condition-coverage="50% (1/2)" missing-branches="29"/>
						<line number="29" hits="0"/>
						<line number="30" hits="0" branch="true" condition-coverage="0% (0/2)" missing-branches="31,34"/>
						<line number="31" hits="0"/>
						<line number="34" hits="1"/>
						<line number="35" hits="0"/>
						<line number="37" hits="0"/>
						<line number="40" hits="1"/>
						<line number="42" hits="1"/>
					</lines>
				</class>
				<class name="admin_guidance.py" filename="shared_context_server/admin_guidance.py" complexity="0" line-rate="0.8972" branch-rate="0.8947">
					<methods/>
					<lines>
						<line number="11" hits="1"/>
						<line number="13" hits="1"/>
						<line number="14" hits="1"/>
						<line number="15" hits="1"/>
						<line number="17" hits="1"/>
						<line number="18" hits="1"/>
						<line number="20" hits="1"/>
						<line number="21" hits="1"/>
						<line number="22" hits="1"/>
						<line number="23" hits="1"/>
						<line number="29" hits="1"/>
						<line number="37" hits="1"/>
						<line number="39" hits="0"/>
						<line number="41" hits="0"/>
						<line number="42" hits="0"/>
						<line number="45" hits="1"/>
						<line number="47" hits="0"/>
						<line number="51" hits="1"/>
						<line number="59" hits="1"/>
						<line number="60" hits="1"/>
						<line number="62" hits="1"/>
						<line number="63" hits="0"/>
						<line number="64" hits="0"/>
						<line number="72" hits="1"/>
						<line number="73" hits="1"/>
						<line number="99" hits="1"/>
						<line number="101" hits="1"/>
						<line number="104" hits="1" branch="true" condition-coverage="100% (2/2)"/>
						<line number="108" hits="1"/>
						<line number="110" hits="1"/>
						<line number="111" hits="1"/>
						<line number="112" hits="1"/>
						<line number="115" hits="1"/>
						<line number="116" hits="1" branch="true" condition-coverage="100% (2/2)"/>
						<line number="117" hits="1"/>
						<line number="133" hits="1"/>
						<line number="134" hits="1" branch="true" condition-coverage="100% (2/2)"/>
						<line number="135" hits="1"/>
						<line number="136" hits="1" branch="true" condition-coverage="100% (2/2)"/>
						<line number="137" hits="1"/>
						<line number="138" hits="1"/>
						<line number="140" hits="1"/>
						<line number="143" hits="1"/>
						<line number="146" hits="1"/>
						<line number="147" hits="1"/>
						<line number="149" hits="1"/>
						<line number="166" hits="1"/>
						<line number="167" hits="1"/>
						<line number="179" hits="1"/>
						<line number="181" hits="1"/>
						<line number="182" hits="1"/>
						<line number="183" hits="1"/>
						<line number="188" hits="1"/>
						<line number="191" hits="1" branch="true" condition-coverage="100% (2/2)"/>
						<line number="192" hits="1"/>
						<line number="193" hits="1" branch="true" condition-coverage="100% (2/2)"/>
						<line number="194" hits="1"/>
						<line number="195" hits="1" branch="true" condition-coverage="100% (2/2)"/>
						<line number="196" hits="1"/>
						<line number="197" hits="1" branch="true" condition-coverage="50% (1/2)" missing-branches="199"/>
						<line number="198" hits="1"/>
						<line number="199" hits="0"/>
						<line number="202" hits="1"/>
						<line number="205" hits="1"/>
						<line number="215" hits="1"/>
						<line number="221" hits="1"/>
						<line number="223" hits="1"/>
						<line number="227" hits="1"/>
						<line number="232" hits="1" branch="true" condition-coverage="100% (2/2)"/>
						<line number="233" hits="1"/>
						<line number="234" hits="1"/>
						<line number="240" hits="1" branch="true" condition-coverage="100% (2/2)"/>
						<line number="241" hits="1"/>
						<line number="242" hits="1"/>
						<line number="249" hits="1"/>
						<line number="250" hits="1"/>
						<line number="257" hits="1"/>
						<line number="268" hits="1"/>
						<line number="271" hits="1" branch="true" condition-coverage="100% (2/2)"/>
						<line number="272" hits="1"/>
						<line number="292" hits="1" branch="true" condition-coverage="100% (2/2)"/>
						<line number="293" hits="1"/>
						<line number="315" hits="1"/>
						<line number="334" hits="1"/>
						<line number="337" hits="1"/>
						<line number="344" hits="1" branch="true" condition-coverage="100% (2/2)"/>
						<line number="345" hits="1"/>
						<line number="366" hits="1" branch="true" condition-coverage="50% (1/2)" missing-branches="389"/>
						<line number="367" hits="1"/>
						<line number="389" hits="1"/>
						<line number="412" hits="1"/>
						<line number="415" hits="1"/>
						<line number="436" hits="1" branch="true" condition-coverage="50% (1/2)" missing-branches="437"/>
						<line number="437" hits="0"/>
						<line number="438" hits="0"/>
						<line number="455" hits="0"/>
						<line number="470" hits="1" branch="true" condition-coverage="50% (1/2)" missing-branches="487"/>
						<line number="471" hits="1"/>
						<line number="487" hits="0"/>
						<line number="504" hits="1"/>
						<line number="509" hits="1" branch="true" condition-coverage="100% (2/2)"/>
						<line number="510" hits="1"/>
						<line number="522" hits="1" branch="true" condition-coverage="100% (2/2)"/>
						<line number="523" hits="1"/>
						<line number="535" hits="1" branch="true" condition-coverage="100% (2/2)"/>
						<line number="536" hits="1"/>
						<line number="547" hits="1"/>
					</lines>
				</class>
				<class name="admin_lifecycle.py" filename="shared_context_server/admin_lifecycle.py" complexity="0" line-rate="0.9111" branch-rate="0.8125">
					<methods/>
					<lines>
						<line number="13" hits="1"/>
						<line number="15" hits="1"/>
						<line number="16" hits="1"/>
						<line number="17" hits="1"/>
						<line number="18" hits="1"/>
						<line number="19" hits="1"/>
						<line number="21" hits="1"/>
						<line number="22" hits="1"/>
						<line number="24" hits="1"/>
						<line number="25" hits="1"/>
						<line number="26" hits="1"/>
						<line number="27" hits="1"/>
						<line number="32" hits="1"/>
						<line number="40" hits="1"/>
						<line number="41" hits="1"/>
						<line number="52" hits="1"/>
						<line number="54" hits="1"/>
						<line number="57" hits="1" branch="true" condition-coverage="100% (2/2)"/>
						<line number="61" hits="1"/>
						<line number="63" hits="1"/>
						<line number="66" hits="1" branch="true" condition-coverage="100% (2/2)"/>
						<line number="67" hits="1"/>
						<line number="70" hits="1"/>
						<line number="72" hits="1"/>
						<line number="75" hits="1" branch="true" condition-coverage="100% (2/2)"/>
						<line number="76" hits="1"/>
						<line number="77" hits="1"/>
						<line number="79" hits="1"/>
						<line number="81" hits="1"/>
						<line number="82" hits="1"/>
						<line number="83" hits="1"/>
						<line number="93" hits="1"/>
						<line number="95" hits="1"/>
						<line number="96" hits="1"/>
						<line number="98" hits="1"/>
						<line number="99" hits="1"/>
						<line number="107" hits="1"/>
						<line number="108" hits="1"/>
						<line number="110" hits="1" branch="true" condition-coverage="100% (2/2)"/>
						<line number="111" hits="1"/>
						<line number="113" hits="0"/>
						<line number="114" hits="0"/>
						<line number="117" hits="1"/>
						<line number="119" hits="1"/>
						<line number="120" hits="1"/>
						<line number="121" hits="0"/>
						<line number="129" hits="1"/>
						<line number="130" hits="1"/>
						<line number="134" hits="1"/>
						<line number="138" hits="1"/>
						<line number="139" hits="1"/>
						<line number="141" hits="1"/>
						<line number="142" hits="1" branch="true" condition-coverage="50% (1/2)" missing-branches="145"/>
						<line number="143" hits="1"/>
						<line number="145" hits="1"/>
						<line number="146" hits="1"/>
						<line number="149" hits="1"/>
						<line number="150" hits="1"/>
						<line number="154" hits="1"/>
						<line number="157" hits="1"/>
						<line number="158" hits="1"/>
						<line number="160" hits="1"/>
						<line number="161" hits="1"/>
						<line number="164" hits="1"/>
						<line number="165" hits="1"/>
						<line number="168" hits="1"/>
						<line number="171" hits="1"/>
						<line number="172" hits="1"/>
						<line number="175" hits="1"/>
						<line number="176" hits="1"/>
						<line number="178" hits="1"/>
						<line number="179" hits="0"/>
						<line number="180" hits="0"/>
						<line number="182" hits="1"/>
						<line number="184" hits="1"/>
						<line number="187" hits="1"/>
						<line number="191" hits="1"/>
						<line number="194" hits="1" branch="true" condition-coverage="100% (2/2)"/>
						<line number="195" hits="1" branch="true" condition-coverage="50% (1/2)" missing-branches="194"/>
						<line number="196" hits="1"/>
						<line number="197" hits="1"/>
						<line number="198" hits="1"/>
						<line number="201" hits="1"/>
						<line number="209" hits="1"/>
						<line number="211" hits="1"/>
						<line number="216" hits="1"/>
						<line number="218" hits="1" branch="true" condition-coverage="50% (1/2)" missing-branches="219"/>
						<line number="219" hits="0"/>
						<line number="220" hits="0"/>
						<line number="221" hits="0"/>
					</lines>
				</class>
				<class name="admin_resources.py" filename="shared_context_server/admin_resources.py" complexity="0" line-rate="0.9022" branch-rate="0.8333">
					<methods/>
					<lines>
						<line number="13" hits="1"/>
						<line number="15" hits="1"/>
						<line number="16" hits="1"/>
						<line number="17" hits="1"/>
						<line number="18" hits="1"/>
						<line number="19" hits="1"/>
						<line number="20" hits="1"/>
						<line number="21" hits="1"/>
						<line number="23" hits="1"/>
						<line number="24" hits="1"/>
						<line number="26" hits="1"/>
						<line number="27" hits="1"/>
						<line number="31" hits="1"/>
						<line number="34" hits="1"/>
						<line number="36" hits="1"/>
						<line number="38" hits="1"/>
						<line number="39" hits="1"/>
						<line number="42" hits="1"/>
						<line number="44" hits="1"/>
						<line number="52" hits="1"/>
						<line number="55" hits="1"/>
						<line number="56" hits="1"/>
						<line number="57" hits="1"/>
						<line number="58" hits="1"/>
						<line number="60" hits="1"/>
						<line number="62" hits="1" branch="true" condition-coverage="100% (2/2)"/>
						<line number="63" hits="1"/>
						<line number="64" hits="1"/>
						<line number="65" hits="1"/>
						<line number="67" hits="1"/>
						<line number="71" hits="1" branch="true" condition-coverage="100% (2/2)"/>
						<line number="72" hits="1" branch="true" condition-coverage="50% (1/2)" missing-branches="80"/>
						<line number="73" hits="1"/>
						<line number="76" hits="1" branch="true" condition-coverage="100% (2/2)"/>
						<line number="77" hits="1"/>
						<line number="80" hits="1" branch="true" condition-coverage="100% (2/2)"/>
						<line number="83" hits="1"/>
						<line number="85" hits="1"/>
						<line number="87" hits="1"/>
						<line number="88" hits="1"/>
						<line number="94" hits="1" branch="true" condition-coverage="100% (2/2)"/>
						<line number="95" hits="1"/>
						<line number="97" hits="1"/>
						<line number="99" hits="1"/>
						<line number="102" hits="1"/>
						<line number="104" hits="1"/>
						<line number="105" hits="0"/>
						<line number="107" hits="0"/>
						<line number="108" hits="0"/>
						<line number="110" hits="1"/>
						<line number="112" hits="1"/>
						<line number="116" hits="1" branch="true" condition-coverage="100% (2/2)"/>
						<line number="118" hits="1"/>
						<line number="121" hits="1"/>
						<line number="122" hits="1" branch="true" condition-coverage="100% (2/2)"/>
						<line number="123" hits="1" branch="true" condition-coverage="50% (1/2)" missing-branches="124"/>
						<line number="124" hits="0"/>
						<line number="127" hits="1" branch="true" condition-coverage="50% (1/2)" missing-branches="128"/>
						<line number="128" hits="0"/>
						<line number="132" hits="1"/>
						<line number="135" hits="1"/>
						<line number="136" hits="1"/>
						<line number="143" hits="1"/>
						<line number="145" hits="1" branch="true" condition-coverage="50% (1/2)" missing-branches="151"/>
						<line number="146" hits="1"/>
						<line number="147" hits="1" branch="true" condition-coverage="50% (1/2)" missing-branches="148"/>
						<line number="148" hits="0"/>
						<line number="151" hits="0"/>
						<line number="153" hits="1"/>
						<line number="154" hits="1"/>
						<line number="156" hits="1"/>
						<line number="159" hits="1"/>
						<line number="161" hits="1" branch="true" condition-coverage="100% (2/2)"/>
						<line number="162" hits="1"/>
						<line number="163" hits="1"/>
						<line number="166" hits="1"/>
						<line number="178" hits="1"/>
						<line number="181" hits="1"/>
						<line number="193" hits="1"/>
						<line number="194" hits="1"/>
						<line number="197" hits="1"/>
						<line number="232" hits="1"/>
						<line number="240" hits="1"/>
						<line number="241" hits="1"/>
						<line number="242" hits="1"/>
						<line number="245" hits="1"/>
						<line number="246" hits="1"/>
						<line number="253" hits="1"/>
						<line number="256" hits="1"/>
						<line number="257" hits="1" branch="true" condition-coverage="50% (1/2)" missing-branches="263"/>
						<line number="258" hits="1"/>
						<line number="259" hits="1" branch="true" condition-coverage="50% (1/2)" missing-branches="260"/>
						<line number="260" hits="0"/>
						<line number="263" hits="0"/>
						<line number="264" hits="0"/>
						<line number="266" hits="0"/>
						<line number="269" hits="1" branch="true" condition-coverage="100% (2/2)"/>
						<line number="270" hits="1"/>
						<line number="272" hits="1"/>
						<line number="274" hits="1"/>
						<line number="275" hits="1"/>
						<line number="277" hits="1"/>
						<line number="286" hits="1"/>
						<line number="297" hits="1"/>
						<line number="300" hits="1"/>
						<line number="302" hits="1" branch="true" condition-coverage="100% (2/2)"/>
						<line number="304" hits="1"/>
						<line number="305" hits="1"/>
						<line number="306" hits="0"/>
						<line number="307" hits="0"/>
						<line number="310" hits="1"/>
						<line number="311" hits="1" branch="true" condition-coverage="50% (1/2)" missing-branches="315"/>
						<line number="312" hits="1"/>
						<line number="313" hits="1"/>
						<line number="315" hits="1"/>
						<line number="323" hits="1" branch="true" condition-coverage="100% (2/2)"/>
						<line number="325" hits="1"/>
						<line number="328" hits="1"/>
						<line number="329" hits="1" branch="true" condition-coverage="50% (1/2)" missing-branches="331"/>
						<line number="330" hits="1"/>
						<line number="331" hits="1"/>
						<line number="334" hits="1"/>
						<line number="348" hits="1"/>
						<line number="356" hits="1"/>
						<line number="357" hits="1"/>
						<line number="358" hits="1"/>
						<line number="361" hits="1"/>
						<line number="364" hits="1"/>
						<line number="366" hits="1"/>
						<line number="372" hits="1"/>
						<line number="373" hits="1"/>
						<line number="376" hits="1"/>
						<line number="379" hits="1"/>
						<line number="382" hits="1"/>
						<line number="383" hits="1"/>
						<line number="385" hits="1"/>
						<line number="394" hits="0"/>
						<line number="395" hits="0"/>
						<line number="397" hits="0"/>
						<line number="398" hits="0"/>
						<line number="402" hits="1"/>
						<line number="404" hits="1"/>
						<line number="405" hits="1"/>
						<line number="406" hits="1"/>
						<line number="407" hits="1"/>
						<line number="410" hits="1"/>
						<line number="412" hits="1"/>
						<line number="413" hits="1"/>
						<line number="414" hits="0"/>
						<line number="417" hits="1"/>
						<line number="418" hits="1"/>
						<line number="433" hits="1"/>
						<line number="435" hits="1"/>
						<line number="436" hits="1"/>
						<line number="437" hits="1" branch="true" condition-coverage="100% (2/2)"/>
						<line number="438" hits="1"/>
						<line number="439" hits="1" branch="true" condition-coverage="100% (2/2)"/>
						<line number="440" hits="1"/>
						<line number="441" hits="1"/>
						<line number="442" hits="1"/>
						<line number="445" hits="1" branch="true" condition-coverage="100% (2/2)"/>
						<line number="446" hits="1"/>
						<line number="447" hits="1" branch="true" condition-coverage="100% (2/2)"/>
						<line number="448" hits="1"/>
						<line number="450" hits="1"/>
						<line number="452" hits="1"/>
						<line number="453" hits="1"/>
						<line number="456" hits="1"/>
						<line number="459" hits="1"/>
						<line number="461" hits="1" branch="true" condition-coverage="100% (2/2)"/>
						<line number="462" hits="1"/>
						<line number="472" hits="1"/>
						<line number="481" hits="1"/>
						<line number="485" hits="1"/>
						<line number="486" hits="1" branch="true" condition-coverage="100% (2/2)"/>
						<line number="487" hits="1"/>
						<line number="489" hits="1" branch="true" condition-coverage="100% (2/2)"/>
						<line number="493" hits="1"/>
						<line number="496" hits="1"/>
						<line number="515" hits="1"/>
						<line number="523" hits="1"/>
						<line number="524" hits="1"/>
						<line number="528" hits="1"/>
						<line number="536" hits="1"/>
					</lines>
				</class>
				<class name="admin_tools.py" filename="shared_context_server/admin_tools.py" complexity="0" line-rate="1" branch-rate="1">
					<methods/>
					<lines>
						<line number="20" hits="1"/>
						<line number="34" hits="1"/>
						<line number="42" hits="1"/>
						<line number="52" hits="1"/>
						<line number="53" hits="1"/>
						<line number="56" hits="1"/>
					</lines>
				</class>
				<class name="auth.py" filename="shared_context_server/auth.py" complexity="0" line-rate="1" branch-rate="1">
					<methods/>
					<lines>
						<line number="23" hits="1"/>
						<line number="24" hits="1"/>
						<line number="39" hits="1"/>
						<line number="48" hits="1"/>
						<line number="51" hits="1"/>
					</lines>
				</class>
				<class name="auth_context.py" filename="shared_context_server/auth_context.py" complexity="0" line-rate="1" branch-rate="1">
					<methods/>
					<lines>
						<line number="15" hits="1"/>
						<line number="16" hits="1"/>
						<line number="18" hits="1"/>
						<line number="22" hits="1"/>
						<line number="27" hits="1"/>
						<line number="41" hits="1"/>
						<line number="42" hits="1" branch="true" condition-coverage="100% (2/2)"/>
						<line number="43" hits="1"/>
						<line number="44" hits="1"/>
						<line number="45" hits="1"/>
						<line number="48" hits="1"/>
						<line number="62" hits="1"/>
						<line number="65" hits="1"/>
						<line number="77" hits="1"/>
						<line number="80" hits="1"/>
						<line number="91" hits="1"/>
					</lines>
				</class>
				<class name="auth_core.py" filename="shared_context_server/auth_core.py" complexity="0" line-rate="0.9774" branch-rate="0.9167">
					<methods/>
					<lines>
						<line number="11" hits="1"/>
						<line number="13" hits="1"/>
						<line number="14" hits="1"/>
						<line number="15" hits="1"/>
						<line number="16" hits="1"/>
						<line number="17" hits="1"/>
						<line number="18" hits="1"/>
						<line number="19" hits="1"/>
						<line number="21" hits="1"/>
						<line number="24" hits="1" branch="true" condition-coverage="50% (1/2)" missing-branches="25"/>
						<line number="25" hits="0"/>
						<line number="26" hits="0"/>
						<line number="28" hits="1"/>
						<line number="29" hits="1"/>
						<line number="31" hits="1"/>
						<line number="32" hits="1"/>
						<line number="34" hits="1"/>
						<line number="37" hits="1"/>
						<line number="38" hits="1"/>
						<line number="41" hits="1"/>
						<line number="42" hits="1"/>
						<line number="43" hits="1"/>
						<line number="44" hits="1"/>
						<line number="45" hits="1"/>
						<line number="46" hits="1"/>
						<line number="47" hits="1"/>
						<line number="48" hits="1"/>
						<line number="51" hits="1"/>
						<line number="53" hits="1"/>
						<line number="56" hits="1"/>
						<line number="58" hits="1"/>
						<line number="61" hits="1"/>
						<line number="64" hits="1"/>
						<line number="66" hits="1"/>
						<line number="67" hits="1" branch="true" condition-coverage="100% (2/2)"/>
						<line number="68" hits="1"/>
						<line number="70" hits="1"/>
						<line number="71" hits="1"/>
						<line number="72" hits="1"/>
						<line number="73" hits="1"/>
						<line number="74" hits="1"/>
						<line number="76" hits="1"/>
						<line number="78" hits="1"/>
						<line number="82" hits="1"/>
						<line number="84" hits="1"/>
						<line number="95" hits="1"/>
						<line number="96" hits="1"/>
						<line number="99" hits="1"/>
						<line number="101" hits="1"/>
						<line number="103" hits="1"/>
						<line number="104" hits="1"/>
						<line number="113" hits="1"/>
						<line number="114" hits="1"/>
						<line number="115" hits="1"/>
						<line number="117" hits="1" branch="true" condition-coverage="100% (2/2)"/>
						<line number="118" hits="1"/>
						<line number="121" hits="1"/>
						<line number="124" hits="1" branch="true" condition-coverage="100% (2/2)"/>
						<line number="125" hits="1"/>
						<line number="129" hits="1"/>
						<line number="139" hits="1"/>
						<line number="140" hits="1"/>
						<line number="141" hits="1"/>
						<line number="142" hits="1"/>
						<line number="143" hits="1"/>
						<line number="144" hits="1"/>
						<line number="146" hits="1"/>
						<line number="151" hits="1"/>
						<line number="153" hits="1"/>
						<line number="154" hits="1"/>
						<line number="156" hits="1"/>
						<line number="165" hits="1" branch="true" condition-coverage="100% (2/2)"/>
						<line number="166" hits="1"/>
						<line number="168" hits="1"/>
						<line number="169" hits="1"/>
						<line number="174" hits="1"/>
						<line number="183" hits="1"/>
						<line number="185" hits="1"/>
						<line number="187" hits="1"/>
						<line number="189" hits="1"/>
						<line number="191" hits="1"/>
						<line number="193" hits="1"/>
						<line number="195" hits="1"/>
						<line number="197" hits="1"/>
						<line number="204" hits="1"/>
						<line number="208" hits="1"/>
						<line number="211" hits="1"/>
						<line number="218" hits="1"/>
						<line number="220" hits="1"/>
						<line number="223" hits="1"/>
						<line number="226" hits="1"/>
						<line number="227" hits="1"/>
						<line number="228" hits="1"/>
						<line number="229" hits="1"/>
						<line number="230" hits="1" branch="true" condition-coverage="100% (2/2)"/>
						<line number="231" hits="1" branch="true" condition-coverage="100% (2/2)"/>
						<line number="234" hits="1"/>
						<line number="235" hits="1"/>
						<line number="237" hits="1" branch="true" condition-coverage="100% (2/2)"/>
						<line number="238" hits="1"/>
						<line number="242" hits="1"/>
						<line number="243" hits="1"/>
						<line number="244" hits="1"/>
						<line number="246" hits="1" branch="true" condition-coverage="100% (2/2)"/>
						<line number="247" hits="1"/>
						<line number="250" hits="1"/>
						<line number="260" hits="1"/>
						<line number="262" hits="1"/>
						<line number="264" hits="1"/>
						<line number="267" hits="1"/>
						<line number="274" hits="1"/>
						<line number="275" hits="1"/>
						<line number="276" hits="1"/>
						<line number="289" hits="1"/>
						<line number="290" hits="1"/>
						<line number="291" hits="1"/>
						<line number="294" hits="1"/>
						<line number="303" hits="1" branch="true" condition-coverage="50% (1/2)" missing-branches="304"/>
						<line number="304" hits="0"/>
						<line number="306" hits="1"/>
						<line number="310" hits="1"/>
						<line number="312" hits="1"/>
						<line number="323" hits="1"/>
						<line number="326" hits="1"/>
						<line number="334" hits="1"/>
						<line number="337" hits="1" branch="true" condition-coverage="100% (2/2)"/>
						<line number="339" hits="1"/>
						<line number="342" hits="1"/>
						<line number="345" hits="1"/>
						<line number="346" hits="1" branch="true" condition-coverage="100% (2/2)"/>
						<line number="347" hits="1"/>
						<line number="350" hits="1"/>
						<line number="351" hits="1"/>
					</lines>
				</class>
				<class name="auth_core_context.py" filename="shared_context_server/auth_core_context.py" complexity="0" line-rate="1" branch-rate="1">
					<methods/>
					<lines>
						<line number="15" hits="1"/>
						<line number="16" hits="1"/>
						<line number="18" hits="1"/>
						<line number="22" hits="1"/>
						<line number="27" hits="1"/>
						<line number="41" hits="1"/>
						<line number="42" hits="1" branch="true" condition-coverage="100% (2/2)"/>
						<line number="43" hits="1"/>
						<line number="44" hits="1"/>
						<line number="45" hits="1"/>
						<line number="48" hits="1"/>
						<line number="64" hits="1"/>
						<line number="67" hits="1"/>
						<line number="79" hits="1"/>
						<line number="82" hits="1"/>
						<line number="93" hits="1"/>
					</lines>
				</class>
				<class name="auth_secure.py" filename="shared_context_server/auth_secure.py" complexity="0" line-rate="0.7393" branch-rate="0.625">
					<methods/>
					<lines>
						<line number="11" hits="1"/>
						<line number="13" hits="1"/>
						<line number="14" hits="1"/>
						<line number="15" hits="1"/>
						<line number="16" hits="1"/>
						<line number="19" hits="1" branch="true" condition-coverage="50% (1/2)" missing-branches="20"/>
						<line number="20" hits="0"/>
						<line number="21" hits="0"/>
						<line number="23" hits="1"/>
						<line number="24" hits="1"/>
						<line number="26" hits="1"/>
						<line number="27" hits="1"/>
						<line number="31" hits="1"/>
						<line number="34" hits="1"/>
						<line number="43" hits="1" branch="true" condition-coverage="100% (2/2)"/>
						<line number="44" hits="1"/>
						<line number="46" hits="1"/>
						<line number="48" hits="1"/>
						<line number="50" hits="1" branch="true" condition-coverage="100% (2/2)"/>
						<line number="52" hits="1"/>
						<line number="54" hits="1"/>
						<line number="57" hits="1" branch="true" condition-coverage="100% (2/2)"/>
						<line number="59" hits="1"/>
						<line number="61" hits="1"/>
						<line number="62" hits="1"/>
						<line number="64" hits="1" branch="true" condition-coverage="100% (2/2)"/>
						<line number="66" hits="1"/>
						<line number="68" hits="1"/>
						<line number="71" hits="1"/>
						<line number="72" hits="1" branch="true" condition-coverage="100% (2/2)"/>
						<line number="73" hits="1"/>
						<line number="76" hits="1"/>
						<line number="85" hits="1"/>
						<line number="89" hits="1"/>
						<line number="93" hits="1"/>
						<line number="94" hits="1" branch="true" condition-coverage="100% (2/2)"/>
						<line number="96" hits="1"/>
						<line number="97" hits="1"/>
						<line number="106" hits="1"/>
						<line number="108" hits="1"/>
						<line number="111" hits="1"/>
						<line number="112" hits="1"/>
						<line number="113" hits="1"/>
						<line number="116" hits="1"/>
						<line number="122" hits="1"/>
						<line number="124" hits="1"/>
						<line number="127" hits="1"/>
						<line number="128" hits="1"/>
						<line number="132" hits="1"/>
						<line number="133" hits="1" branch="true" condition-coverage="50% (1/2)" missing-branches="145"/>
						<line number="134" hits="1"/>
						<line number="135" hits="1"/>
						<line number="136" hits="1"/>
						<line number="138" hits="0"/>
						<line number="139" hits="1"/>
						<line number="142" hits="1"/>
						<line number="143" hits="1"/>
						<line number="145" hits="1" branch="true" condition-coverage="100% (2/2)"/>
						<line number="146" hits="1"/>
						<line number="147" hits="1"/>
						<line number="149" hits="1" branch="true" condition-coverage="100% (2/2)"/>
						<line number="150" hits="1"/>
						<line number="152" hits="1"/>
						<line number="153" hits="1" branch="true" condition-coverage="100% (2/2)"/>
						<line number="154" hits="1"/>
						<line number="155" hits="1"/>
						<line number="157" hits="0"/>
						<line number="158" hits="0"/>
						<line number="159" hits="0"/>
						<line number="162" hits="1"/>
						<line number="171" hits="1"/>
						<line number="174" hits="1" branch="true" condition-coverage="100% (2/2)"/>
						<line number="175" hits="1"/>
						<line number="176" hits="1" branch="true" condition-coverage="50% (1/2)" missing-branches="210"/>
						<line number="178" hits="1" branch="true" condition-coverage="100% (2/2)"/>
						<line number="180" hits="1"/>
						<line number="192" hits="1" branch="true" condition-coverage="100% (2/2)"/>
						<line number="194" hits="1"/>
						<line number="206" hits="1"/>
						<line number="207" hits="1"/>
						<line number="210" hits="1"/>
						<line number="212" hits="1"/>
						<line number="215" hits="1" branch="true" condition-coverage="100% (2/2)"/>
						<line number="216" hits="1"/>
						<line number="227" hits="1"/>
						<line number="228" hits="1" branch="true" condition-coverage="100% (2/2)"/>
						<line number="229" hits="1"/>
						<line number="231" hits="1"/>
						<line number="244" hits="1"/>
						<line number="260" hits="1"/>
						<line number="263" hits="1" branch="true" condition-coverage="100% (2/2)"/>
						<line number="264" hits="1"/>
						<line number="266" hits="1"/>
						<line number="279" hits="1" branch="true" condition-coverage="100% (2/2)"/>
						<line number="280" hits="1"/>
						<line number="282" hits="1"/>
						<line number="298" hits="1"/>
						<line number="306" hits="1"/>
						<line number="317" hits="1"/>
						<line number="319" hits="1"/>
						<line number="321" hits="1"/>
						<line number="324" hits="1"/>
						<line number="325" hits="1"/>
						<line number="328" hits="1"/>
						<line number="329" hits="1" branch="true" condition-coverage="100% (2/2)"/>
						<line number="330" hits="1"/>
						<line number="343" hits="1"/>
						<line number="345" hits="1"/>
						<line number="347" hits="1"/>
						<line number="359" hits="1"/>
						<line number="362" hits="1"/>
						<line number="365" hits="1"/>
						<line number="367" hits="1"/>
						<line number="369" hits="1" branch="true" condition-coverage="50% (1/2)" missing-branches="372"/>
						<line number="370" hits="1"/>
						<line number="372" hits="1"/>
						<line number="373" hits="1"/>
						<line number="386" hits="1" branch="true" condition-coverage="50% (1/2)" missing-branches="394"/>
						<line number="387" hits="1"/>
						<line number="388" hits="0"/>
						<line number="389" hits="0" branch="true" condition-coverage="0% (0/2)" missing-branches="390,391"/>
						<line number="390" hits="0"/>
						<line number="391" hits="0"/>
						<line number="394" hits="1"/>
						<line number="395" hits="1"/>
						<line number="397" hits="1"/>
						<line number="410" hits="1"/>
						<line number="412" hits="0" branch="true" condition-coverage="0% (0/2)" missing-branches="413,414"/>
						<line number="413" hits="0"/>
						<line number="414" hits="0"/>
						<line number="417" hits="1"/>
						<line number="418" hits="1"/>
						<line number="420" hits="1"/>
						<line number="422" hits="1" branch="true" condition-coverage="50% (1/2)" missing-branches="425"/>
						<line number="423" hits="1"/>
						<line number="425" hits="1"/>
						<line number="427" hits="1"/>
						<line number="435" hits="1"/>
						<line number="436" hits="1" branch="true" condition-coverage="50% (1/2)" missing-branches="437"/>
						<line number="437" hits="0"/>
						<line number="440" hits="1"/>
						<line number="443" hits="1"/>
						<line number="444" hits="1" branch="true" condition-coverage="50% (1/2)" missing-branches="450"/>
						<line number="445" hits="1"/>
						<line number="447" hits="1" branch="true" condition-coverage="50% (1/2)" missing-branches="448"/>
						<line number="448" hits="0"/>
						<line number="450" hits="0"/>
						<line number="452" hits="0" branch="true" condition-coverage="0% (0/2)" missing-branches="453,455"/>
						<line number="453" hits="0"/>
						<line number="455" hits="1" branch="true" condition-coverage="50% (1/2)" missing-branches="456"/>
						<line number="456" hits="0"/>
						<line number="459" hits="1"/>
						<line number="460" hits="1"/>
						<line number="461" hits="0"/>
						<line number="462" hits="0" branch="true" condition-coverage="0% (0/2)" missing-branches="463,464"/>
						<line number="463" hits="0"/>
						<line number="464" hits="0"/>
						<line number="467" hits="1"/>
						<line number="468" hits="1"/>
						<line number="471" hits="1"/>
						<line number="484" hits="1"/>
						<line number="488" hits="1" branch="true" condition-coverage="50% (1/2)" missing-branches="492"/>
						<line number="489" hits="1"/>
						<line number="492" hits="1"/>
						<line number="493" hits="1"/>
						<line number="495" hits="0"/>
						<line number="497" hits="0" branch="true" condition-coverage="0% (0/2)" missing-branches="498,499"/>
						<line number="498" hits="0"/>
						<line number="499" hits="0"/>
						<line number="500" hits="0"/>
						<line number="501" hits="0" branch="true" condition-coverage="0% (0/2)" missing-branches="502,503"/>
						<line number="502" hits="0"/>
						<line number="503" hits="0"/>
						<line number="504" hits="0"/>
						<line number="506" hits="0"/>
						<line number="507" hits="0"/>
						<line number="509" hits="0"/>
						<line number="511" hits="1"/>
						<line number="521" hits="1" branch="true" condition-coverage="100% (2/2)"/>
						<line number="522" hits="1"/>
						<line number="524" hits="1"/>
						<line number="525" hits="1"/>
						<line number="533" hits="1"/>
						<line number="534" hits="1" branch="true" condition-coverage="100% (2/2)"/>
						<line number="535" hits="1"/>
						<line number="538" hits="1"/>
						<line number="539" hits="1" branch="true" condition-coverage="50% (1/2)" missing-branches="546"/>
						<line number="540" hits="1"/>
						<line number="542" hits="1" branch="true" condition-coverage="50% (1/2)" missing-branches="543"/>
						<line number="543" hits="0"/>
						<line number="546" hits="0"/>
						<line number="548" hits="0" branch="true" condition-coverage="0% (0/2)" missing-branches="549,550"/>
						<line number="549" hits="0"/>
						<line number="550" hits="1" branch="true" condition-coverage="50% (1/2)" missing-branches="551"/>
						<line number="551" hits="0"/>
						<line number="554" hits="1"/>
						<line number="555" hits="1"/>
						<line number="556" hits="0"/>
						<line number="558" hits="0"/>
						<line number="559" hits="0"/>
						<line number="561" hits="1"/>
						<line number="576" hits="1" branch="true" condition-coverage="100% (2/2)"/>
						<line number="577" hits="1"/>
						<line number="579" hits="1"/>
						<line number="580" hits="1"/>
						<line number="588" hits="1"/>
						<line number="589" hits="1" branch="true" condition-coverage="50% (1/2)" missing-branches="595"/>
						<line number="591" hits="1"/>
						<line number="592" hits="1"/>
						<line number="595" hits="0"/>
						<line number="596" hits="0"/>
						<line number="599" hits="0"/>
						<line number="600" hits="0" branch="true" condition-coverage="0% (0/2)" missing-branches="602,615"/>
						<line number="602" hits="0"/>
						<line number="615" hits="0"/>
						<line number="618" hits="0"/>
						<line number="620" hits="0"/>
						<line number="621" hits="0"/>
						<line number="624" hits="0"/>
						<line number="626" hits="1"/>
						<line number="633" hits="1"/>
						<line number="634" hits="1"/>
						<line number="635" hits="0"/>
						<line number="642" hits="0"/>
						<line number="643" hits="0"/>
						<line number="645" hits="0" branch="true" condition-coverage="0% (0/2)" missing-branches="647,649"/>
						<line number="647" hits="0"/>
						<line number="649" hits="0"/>
						<line number="650" hits="1"/>
						<line number="651" hits="1"/>
						<line number="652" hits="1"/>
						<line number="659" hits="1"/>
						<line number="661" hits="0"/>
						<line number="663" hits="0"/>
					</lines>
				</class>
				<class name="auth_tools.py" filename="shared_context_server/auth_tools.py" complexity="0" line-rate="0.9027" branch-rate="0.85">
					<methods/>
					<lines>
						<line number="8" hits="1"/>
						<line number="10" hits="1"/>
						<line number="11" hits="1"/>
						<line number="12" hits="1"/>
						<line number="13" hits="1"/>
						<line number="15" hits="1"/>
						<line number="16" hits="1"/>
						<line number="18" hits="1"/>
						<line number="25" hits="1"/>
						<line number="26" hits="1"/>
						<line number="27" hits="1"/>
						<line number="35" hits="1"/>
						<line number="43" hits="1"/>
						<line number="45" hits="1"/>
						<line number="46" hits="1"/>
						<line number="48" hits="1"/>
						<line number="49" hits="1"/>
						<line number="52" hits="1"/>
						<line number="59" hits="1"/>
						<line number="60" hits="1"/>
						<line number="62" hits="1" branch="true" condition-coverage="100% (2/2)"/>
						<line number="63" hits="1"/>
						<line number="64" hits="1" branch="true" condition-coverage="100% (2/2)"/>
						<line number="65" hits="1"/>
						<line number="69" hits="1"/>
						<line number="72" hits="1" branch="true" condition-coverage="100% (2/2)"/>
						<line number="73" hits="1"/>
						<line number="75" hits="1"/>
						<line number="77" hits="1"/>
						<line number="78" hits="1"/>
						<line number="81" hits="1"/>
						<line number="83" hits="1"/>
						<line number="84" hits="1"/>
						<line number="86" hits="1"/>
						<line number="89" hits="1"/>
						<line number="112" hits="1"/>
						<line number="113" hits="1" branch="true" condition-coverage="50% (1/2)" missing-branches="117"/>
						<line number="114" hits="1"/>
						<line number="117" hits="0"/>
						<line number="118" hits="0"/>
						<line number="124" hits="0"/>
						<line number="125" hits="0" branch="true" condition-coverage="0% (0/2)" missing-branches="126,127"/>
						<line number="126" hits="0"/>
						<line number="127" hits="0"/>
						<line number="129" hits="1"/>
						<line number="131" hits="1"/>
						<line number="132" hits="1"/>
						<line number="139" hits="1"/>
						<line number="150" hits="0"/>
						<line number="171" hits="1"/>
						<line number="175" hits="1"/>
						<line number="177" hits="1"/>
						<line number="180" hits="1"/>
						<line number="190" hits="1"/>
						<line number="194" hits="1"/>
						<line number="198" hits="1"/>
						<line number="201" hits="1"/>
						<line number="205" hits="1"/>
						<line number="207" hits="1"/>
						<line number="208" hits="1" branch="true" condition-coverage="100% (2/2)"/>
						<line number="209" hits="1"/>
						<line number="219" hits="1"/>
						<line number="222" hits="1"/>
						<line number="227" hits="1"/>
						<line number="228" hits="1"/>
						<line number="233" hits="1"/>
						<line number="238" hits="1"/>
						<line number="240" hits="1"/>
						<line number="252" hits="1"/>
						<line number="253" hits="1"/>
						<line number="254" hits="1"/>
						<line number="255" hits="1"/>
						<line number="261" hits="0"/>
						<line number="262" hits="0"/>
						<line number="264" hits="1"/>
						<line number="269" hits="1"/>
						<line number="270" hits="1"/>
						<line number="282" hits="1"/>
						<line number="284" hits="1"/>
						<line number="285" hits="1" branch="true" condition-coverage="100% (2/2)"/>
						<line number="286" hits="1"/>
						<line number="295" hits="1"/>
						<line number="298" hits="1"/>
						<line number="301" hits="1" branch="true" condition-coverage="100% (2/2)"/>
						<line number="303" hits="1" branch="true" condition-coverage="100% (2/2)"/>
						<line number="306" hits="1"/>
						<line number="311" hits="1"/>
						<line number="312" hits="1"/>
						<line number="316" hits="1" branch="true" condition-coverage="100% (2/2)"/>
						<line number="317" hits="1"/>
						<line number="318" hits="1"/>
						<line number="319" hits="1"/>
						<line number="324" hits="1"/>
						<line number="329" hits="1"/>
						<line number="334" hits="1"/>
						<line number="346" hits="1"/>
						<line number="361" hits="1"/>
						<line number="371" hits="1"/>
						<line number="391" hits="1"/>
						<line number="394" hits="1"/>
						<line number="395" hits="1"/>
						<line number="398" hits="1"/>
						<line number="409" hits="1"/>
						<line number="419" hits="1"/>
						<line number="421" hits="1"/>
						<line number="422" hits="1"/>
						<line number="435" hits="1"/>
						<line number="436" hits="1"/>
						<line number="437" hits="1"/>
						<line number="438" hits="1"/>
						<line number="447" hits="0"/>
						<line number="448" hits="0"/>
						<line number="450" hits="1"/>
					</lines>
				</class>
				<class name="config.py" filename="shared_context_server/config.py" complexity="0" line-rate="0.8731" branch-rate="0.7157">
					<methods/>
					<lines>
						<line number="16" hits="1"/>
						<line number="18" hits="1"/>
						<line number="19" hits="1"/>
						<line number="20" hits="1"/>
						<line number="21" hits="1"/>
						<line number="22" hits="1"/>
						<line number="24" hits="1"/>
						<line number="25" hits="1"/>
						<line number="26" hits="1"/>
						<line number="28" hits="1"/>
						<line number="32" hits="1"/>
						<line number="35" hits="1"/>
						<line number="38" hits="1"/>
						<line number="41" hits="1" branch="true" condition-coverage="100% (2/2)"/>
						<line number="42" hits="1"/>
						<line number="43" hits="1" branch="true" condition-coverage="100% (2/2)"/>
						<line number="44" hits="1"/>
						<line number="46" hits="1"/>
						<line number="48" hits="1" branch="true" condition-coverage="50% (1/2)" missing-branches="49"/>
						<line number="49" hits="0"/>
						<line number="50" hits="0" branch="true" condition-coverage="0% (0/2)" missing-branches="51,53"/>
						<line number="51" hits="0"/>
						<line number="53" hits="0"/>
						<line number="56" hits="1"/>
						<line number="59" hits="1"/>
						<line number="60" hits="1"/>
						<line number="63" hits="1"/>
						<line number="66" hits="1" branch="true" condition-coverage="100% (2/2)"/>
						<line number="67" hits="1"/>
						<line number="70" hits="1"/>
						<line number="71" hits="1"/>
						<line number="74" hits="1"/>
						<line number="78" hits="1"/>
						<line number="82" hits="1"/>
						<line number="85" hits="1"/>
						<line number="88" hits="1"/>
						<line number="93" hits="1"/>
						<line number="96" hits="1"/>
						<line number="101" hits="1"/>
						<line number="104" hits="1"/>
						<line number="107" hits="1"/>
						<line number="112" hits="1"/>
						<line number="117" hits="1"/>
						<line number="120" hits="1"/>
						<line number="124" hits="1"/>
						<line number="125" hits="1"/>
						<line number="126" hits="1"/>
						<line number="128" hits="1"/>
						<line number="129" hits="1"/>
						<line number="130" hits="1"/>
						<line number="132" hits="1"/>
						<line number="133" hits="1"/>
						<line number="134" hits="1"/>
						<line number="136" hits="1" branch="true" condition-coverage="100% (2/2)"/>
						<line number="137" hits="1"/>
						<line number="138" hits="1"/>
						<line number="140" hits="1"/>
						<line number="141" hits="1"/>
						<line number="142" hits="1"/>
						<line number="144" hits="1" branch="true" condition-coverage="100% (2/2)"/>
						<line number="145" hits="1"/>
						<line number="146" hits="1"/>
						<line number="149" hits="1"/>
						<line number="153" hits="1"/>
						<line number="156" hits="1"/>
						<line number="162" hits="1"/>
						<line number="165" hits="1"/>
						<line number="166" hits="1"/>
						<line number="169" hits="1"/>
						<line number="172" hits="1"/>
						<line number="175" hits="1"/>
						<line number="179" hits="1"/>
						<line number="180" hits="1"/>
						<line number="181" hits="1"/>
						<line number="183" hits="1" branch="true" condition-coverage="100% (2/2)"/>
						<line number="184" hits="1"/>
						<line number="185" hits="1"/>
						<line number="187" hits="1"/>
						<line number="188" hits="1"/>
						<line number="189" hits="1"/>
						<line number="191" hits="1" branch="true" condition-coverage="50% (1/2)" missing-branches="192"/>
						<line number="192" hits="0"/>
						<line number="193" hits="1"/>
						<line number="196" hits="1"/>
						<line number="200" hits="1"/>
						<line number="203" hits="1"/>
						<line number="206" hits="1"/>
						<line number="211" hits="1"/>
						<line number="214" hits="1"/>
						<line number="219" hits="1"/>
						<line number="220" hits="1"/>
						<line number="224" hits="1"/>
						<line number="225" hits="1"/>
						<line number="226" hits="1"/>
						<line number="228" hits="1"/>
						<line number="230" hits="1"/>
						<line number="231" hits="1"/>
						<line number="233" hits="1"/>
						<line number="235" hits="1"/>
						<line number="236" hits="1"/>
						<line number="237" hits="1"/>
						<line number="239" hits="1" branch="true" condition-coverage="100% (2/2)"/>
						<line number="240" hits="1"/>
						<line number="252" hits="1" branch="true" condition-coverage="100% (2/2)"/>
						<line number="256" hits="1"/>
						<line number="259" hits="1"/>
						<line number="261" hits="1"/>
						<line number="262" hits="1"/>
						<line number="263" hits="1"/>
						<line number="265" hits="1" branch="true" condition-coverage="100% (2/2)"/>
						<line number="267" hits="1"/>
						<line number="269" hits="1" branch="true" condition-coverage="50% (1/2)" missing-branches="270"/>
						<line number="270" hits="0"/>
						<line number="282" hits="1" branch="true" condition-coverage="100% (2/2)"/>
						<line number="283" hits="1"/>
						<line number="288" hits="1"/>
						<line number="291" hits="1"/>
						<line number="295" hits="1"/>
						<line number="300" hits="1"/>
						<line number="307" hits="1"/>
						<line number="320" hits="1"/>
						<line number="333" hits="1"/>
						<line number="339" hits="1"/>
						<line number="340" hits="1"/>
						<line number="341" hits="1"/>
						<line number="345" hits="1"/>
						<line number="349" hits="1" branch="true" condition-coverage="100% (2/2)"/>
						<line number="350" hits="1"/>
						<line number="351" hits="1" branch="true" condition-coverage="50% (1/2)" missing-branches="352"/>
						<line number="352" hits="0"/>
						<line number="356" hits="1"/>
						<line number="358" hits="1"/>
						<line number="359" hits="1"/>
						<line number="360" hits="1"/>
						<line number="362" hits="1"/>
						<line number="366" hits="1"/>
						<line number="367" hits="1" branch="true" condition-coverage="50% (1/2)" missing-branches="368"/>
						<line number="368" hits="0"/>
						<line number="372" hits="1"/>
						<line number="374" hits="1"/>
						<line number="375" hits="1"/>
						<line number="378" hits="1" branch="true" condition-coverage="50% (1/2)" missing-branches="379"/>
						<line number="379" hits="0"/>
						<line number="380" hits="0" branch="true" condition-coverage="0% (0/2)" missing-branches="382,385"/>
						<line number="382" hits="0"/>
						<line number="383" hits="0"/>
						<line number="385" hits="0" branch="true" condition-coverage="0% (0/2)" missing-branches="386,428"/>
						<line number="386" hits="0"/>
						<line number="387" hits="0"/>
						<line number="388" hits="0"/>
						<line number="391" hits="0" branch="true" condition-coverage="0% (0/2)" missing-branches="392,420"/>
						<line number="392" hits="0"/>
						<line number="395" hits="0" branch="true" condition-coverage="0% (0/2)" missing-branches="396,401"/>
						<line number="396" hits="0"/>
						<line number="401" hits="0" branch="true" condition-coverage="0% (0/2)" missing-branches="402,407"/>
						<line number="402" hits="0"/>
						<line number="407" hits="0" branch="true" condition-coverage="0% (0/2)" missing-branches="408,420"/>
						<line number="408" hits="0"/>
						<line number="409" hits="0"/>
						<line number="411" hits="0" branch="true" condition-coverage="0% (0/2)" missing-branches="414,417"/>
						<line number="414" hits="0"/>
						<line number="415" hits="0"/>
						<line number="417" hits="0"/>
						<line number="418" hits="0"/>
						<line number="420" hits="0"/>
						<line number="422" hits="0"/>
						<line number="423" hits="0"/>
						<line number="426" hits="0"/>
						<line number="428" hits="0"/>
						<line number="429" hits="0"/>
						<line number="432" hits="1"/>
						<line number="438" hits="1" branch="true" condition-coverage="50% (1/2)" missing-branches="439"/>
						<line number="439" hits="0"/>
						<line number="444" hits="1"/>
						<line number="446" hits="1"/>
						<line number="448" hits="1"/>
						<line number="452" hits="1"/>
						<line number="454" hits="1"/>
						<line number="459" hits="1"/>
						<line number="461" hits="1"/>
						<line number="463" hits="1" branch="true" condition-coverage="100% (2/2)"/>
						<line number="464" hits="1"/>
						<line number="465" hits="1"/>
						<line number="466" hits="1"/>
						<line number="467" hits="1"/>
						<line number="469" hits="1"/>
						<line number="470" hits="1"/>
						<line number="473" hits="1" branch="true" condition-coverage="50% (1/2)" missing-branches="479"/>
						<line number="474" hits="1"/>
						<line number="475" hits="1"/>
						<line number="479" hits="1"/>
						<line number="482" hits="1"/>
						<line number="486" hits="1"/>
						<line number="489" hits="1"/>
						<line number="493" hits="1"/>
						<line number="498" hits="1"/>
						<line number="501" hits="1"/>
						<line number="506" hits="1"/>
						<line number="509" hits="1"/>
						<line number="512" hits="1"/>
						<line number="515" hits="1"/>
						<line number="518" hits="1"/>
						<line number="523" hits="1"/>
						<line number="526" hits="1"/>
						<line number="531" hits="1"/>
						<line number="535" hits="1"/>
						<line number="538" hits="1"/>
						<line number="539" hits="1"/>
						<line number="544" hits="1"/>
						<line number="547" hits="1"/>
						<line number="550" hits="1"/>
						<line number="558" hits="1"/>
						<line number="562" hits="1"/>
						<line number="563" hits="1"/>
						<line number="564" hits="1"/>
						<line number="565" hits="1"/>
						<line number="566" hits="1"/>
						<line number="567" hits="1"/>
						<line number="569" hits="1"/>
						<line number="576" hits="1"/>
						<line number="579" hits="1" branch="true" condition-coverage="100% (2/2)"/>
						<line number="580" hits="1"/>
						<line number="581" hits="1" branch="true" condition-coverage="100% (2/2)"/>
						<line number="582" hits="1"/>
						<line number="583" hits="1" branch="true" condition-coverage="100% (2/2)"/>
						<line number="584" hits="1"/>
						<line number="587" hits="1" branch="true" condition-coverage="50% (1/2)" missing-branches="589"/>
						<line number="588" hits="1"/>
						<line number="589" hits="1" branch="true" condition-coverage="100% (2/2)"/>
						<line number="590" hits="1"/>
						<line number="591" hits="1" branch="true" condition-coverage="100% (2/2)"/>
						<line number="592" hits="1"/>
						<line number="594" hits="1"/>
						<line number="596" hits="1"/>
						<line number="597" hits="1"/>
						<line number="599" hits="1" branch="true" condition-coverage="100% (2/2)"/>
						<line number="603" hits="1"/>
						<line number="612" hits="1" branch="true" condition-coverage="100% (2/2)"/>
						<line number="616" hits="1"/>
						<line number="618" hits="1"/>
						<line number="620" hits="1"/>
						<line number="622" hits="1"/>
						<line number="624" hits="1"/>
						<line number="626" hits="1"/>
						<line number="628" hits="1"/>
						<line number="630" hits="1"/>
						<line number="632" hits="1"/>
						<line number="638" hits="1"/>
						<line number="639" hits="1"/>
						<line number="642" hits="1" branch="true" condition-coverage="100% (2/2)"/>
						<line number="643" hits="1"/>
						<line number="644" hits="1"/>
						<line number="646" hits="1"/>
						<line number="648" hits="1"/>
						<line number="650" hits="1" branch="true" condition-coverage="100% (2/2)"/>
						<line number="652" hits="1" branch="true" condition-coverage="50% (1/2)" missing-branches="656"/>
						<line number="656" hits="0"/>
						<line number="658" hits="1" branch="true" condition-coverage="100% (2/2)"/>
						<line number="659" hits="1"/>
						<line number="661" hits="1" branch="true" condition-coverage="100% (2/2)"/>
						<line number="662" hits="1"/>
						<line number="668" hits="1"/>
						<line number="673" hits="1"/>
						<line number="676" hits="1"/>
						<line number="678" hits="1"/>
						<line number="681" hits="1"/>
						<line number="692" hits="1"/>
						<line number="694" hits="1"/>
						<line number="697" hits="1"/>
						<line number="711" hits="1"/>
						<line number="713" hits="1" branch="true" condition-coverage="100% (2/2)"/>
						<line number="714" hits="1"/>
						<line number="716" hits="1"/>
						<line number="719" hits="1" branch="true" condition-coverage="100% (2/2)"/>
						<line number="722" hits="1"/>
						<line number="724" hits="1"/>
						<line number="725" hits="1"/>
						<line number="728" hits="1" branch="true" condition-coverage="50% (1/2)" missing-branches="729"/>
						<line number="729" hits="0"/>
						<line number="731" hits="1"/>
						<line number="734" hits="1"/>
						<line number="740" hits="1" branch="true" condition-coverage="50% (1/2)" missing-branches="743"/>
						<line number="741" hits="1"/>
						<line number="743" hits="0"/>
						<line number="746" hits="1"/>
						<line number="749" hits="1" branch="true" condition-coverage="100% (2/2)"/>
						<line number="750" hits="1"/>
						<line number="751" hits="1" branch="true" condition-coverage="50% (1/2)" missing-branches="752"/>
						<line number="752" hits="0"/>
						<line number="754" hits="1"/>
						<line number="758" hits="1"/>
						<line number="759" hits="1"/>
						<line number="760" hits="1"/>
						<line number="762" hits="1"/>
						<line number="765" hits="1"/>
						<line number="776" hits="1"/>
						<line number="778" hits="1"/>
						<line number="782" hits="1"/>
						<line number="784" hits="1"/>
						<line number="787" hits="1"/>
						<line number="789" hits="1"/>
						<line number="792" hits="1"/>
						<line number="794" hits="1"/>
						<line number="797" hits="1"/>
						<line number="799" hits="1"/>
						<line number="802" hits="1"/>
						<line number="804" hits="1"/>
						<line number="807" hits="1"/>
						<line number="809" hits="1"/>
						<line number="813" hits="1"/>
						<line number="820" hits="1"/>
						<line number="824" hits="1"/>
						<line number="825" hits="1" branch="true" condition-coverage="100% (2/2)"/>
						<line number="826" hits="1" branch="true" condition-coverage="100% (2/2)"/>
						<line number="827" hits="1"/>
						<line number="829" hits="1" branch="true" condition-coverage="100% (2/2)"/>
						<line number="830" hits="1"/>
						<line number="843" hits="1"/>
						<line number="846" hits="1"/>
						<line number="853" hits="1"/>
						<line number="856" hits="1" branch="true" condition-coverage="100% (2/2)"/>
						<line number="857" hits="1"/>
						<line number="858" hits="1"/>
					</lines>
				</class>
				<class name="config_context.py" filename="shared_context_server/config_context.py" complexity="0" line-rate="1" branch-rate="1">
					<methods/>
					<lines>
						<line number="16" hits="1"/>
						<line number="17" hits="1"/>
						<line number="19" hits="1"/>
						<line number="23" hits="1"/>
						<line number="28" hits="1"/>
						<line number="45" hits="1"/>
						<line number="46" hits="1" branch="true" condition-coverage="100% (2/2)"/>
						<line number="47" hits="1"/>
						<line number="48" hits="1"/>
						<line number="49" hits="1"/>
						<line number="52" hits="1"/>
						<line number="66" hits="1"/>
						<line number="69" hits="1"/>
						<line number="81" hits="1"/>
						<line number="84" hits="1"/>
						<line number="95" hits="1"/>
						<line number="98" hits="1"/>
						<line number="115" hits="1"/>
						<line number="116" hits="1"/>
						<line number="117" hits="1"/>
					</lines>
				</class>
				<class name="core_server.py" filename="shared_context_server/core_server.py" complexity="0" line-rate="0.8545" branch-rate="0.5">
					<methods/>
					<lines>
						<line number="8" hits="1"/>
						<line number="10" hits="1"/>
						<line number="11" hits="1"/>
						<line number="12" hits="1"/>
						<line number="13" hits="1"/>
						<line number="14" hits="1"/>
						<line number="16" hits="1" branch="true" condition-coverage="50% (1/2)" missing-branches="17"/>
						<line number="17" hits="0"/>
						<line number="19" hits="1"/>
						<line number="20" hits="1"/>
						<line number="21" hits="1"/>
						<line number="23" hits="1"/>
						<line number="24" hits="1"/>
						<line number="27" hits="1"/>
						<line number="34" hits="1"/>
						<line number="42" hits="1"/>
						<line number="49" hits="1"/>
						<line number="50" hits="1"/>
						<line number="51" hits="1"/>
						<line number="54" hits="1"/>
						<line number="55" hits="1"/>
						<line number="58" hits="1"/>
						<line number="61" hits="1"/>
						<line number="75" hits="1"/>
						<line number="76" hits="1"/>
						<line number="83" hits="1"/>
						<line number="85" hits="1"/>
						<line number="88" hits="1"/>
						<line number="90" hits="1"/>
						<line number="101" hits="1"/>
						<line number="102" hits="1"/>
						<line number="103" hits="1"/>
						<line number="118" hits="1"/>
						<line number="125" hits="1"/>
						<line number="128" hits="1"/>
						<line number="132" hits="0"/>
						<line number="136" hits="1"/>
						<line number="138" hits="1"/>
						<line number="139" hits="1"/>
						<line number="141" hits="1"/>
						<line number="142" hits="0"/>
						<line number="143" hits="0"/>
						<line number="146" hits="1"/>
						<line number="148" hits="1"/>
						<line number="150" hits="1"/>
						<line number="158" hits="1"/>
						<line number="159" hits="0"/>
						<line number="160" hits="0"/>
						<line number="162" hits="1"/>
						<line number="164" hits="1"/>
						<line number="170" hits="1"/>
						<line number="171" hits="0"/>
						<line number="172" hits="0"/>
						<line number="176" hits="1"/>
						<line number="177" hits="1"/>
					</lines>
				</class>
				<class name="database.py" filename="shared_context_server/database.py" complexity="0" line-rate="0.225" branch-rate="0.02941">
					<methods/>
					<lines>
						<line number="18" hits="1"/>
						<line number="20" hits="1"/>
						<line number="21" hits="1"/>
						<line number="22" hits="1"/>
						<line number="23" hits="1"/>
						<line number="24" hits="1"/>
						<line number="25" hits="1"/>
						<line number="26" hits="1"/>
						<line number="28" hits="1"/>
						<line number="37" hits="1"/>
						<line number="41" hits="1" branch="true" condition-coverage="50% (1/2)" missing-branches="42"/>
						<line number="42" hits="0"/>
						<line number="44" hits="1"/>
						<line number="48" hits="1"/>
						<line number="78" hits="1"/>
						<line number="80" hits="0"/>
						<line number="83" hits="1"/>
						<line number="85" hits="0"/>
						<line number="88" hits="1"/>
						<line number="90" hits="0"/>
						<line number="93" hits="1"/>
						<line number="95" hits="0"/>
						<line number="98" hits="1"/>
						<line number="100" hits="0"/>
						<line number="103" hits="1"/>
						<line number="105" hits="0"/>
						<line number="107" hits="0"/>
						<line number="116" hits="1"/>
						<line number="118" hits="0"/>
						<line number="121" hits="1"/>
						<line number="123" hits="0"/>
						<line number="126" hits="1"/>
						<line number="136" hits="0"/>
						<line number="138" hits="0" branch="true" condition-coverage="0% (0/2)" missing-branches="139,148"/>
						<line number="139" hits="0"/>
						<line number="141" hits="0" branch="true" condition-coverage="0% (0/2)" missing-branches="142,144"/>
						<line number="142" hits="0"/>
						<line number="144" hits="0"/>
						<line number="145" hits="0"/>
						<line number="148" hits="0"/>
						<line number="149" hits="0" branch="true" condition-coverage="0% (0/2)" missing-branches="150,151"/>
						<line number="150" hits="0"/>
						<line number="151" hits="0" branch="true" condition-coverage="0% (0/2)" missing-branches="152,154"/>
						<line number="152" hits="0"/>
						<line number="154" hits="0"/>
						<line number="157" hits="0" branch="true" condition-coverage="0% (0/2)" missing-branches="158,160"/>
						<line number="158" hits="0"/>
						<line number="160" hits="0"/>
						<line number="162" hits="0"/>
						<line number="163" hits="0"/>
						<line number="167" hits="0"/>
						<line number="171" hits="1"/>
						<line number="181" hits="0"/>
						<line number="183" hits="0"/>
						<line number="186" hits="1"/>
						<line number="196" hits="0" branch="true" condition-coverage="0% (0/2)" missing-branches="197,199"/>
						<line number="197" hits="0"/>
						<line number="199" hits="0"/>
						<line number="200" hits="0"/>
						<line number="201" hits="0"/>
						<line number="202" hits="0"/>
						<line number="204" hits="0"/>
						<line number="208" hits="1"/>
						<line number="209" hits="1"/>
						<line number="219" hits="1"/>
						<line number="220" hits="1"/>
						<line number="223" hits="1"/>
						<line number="230" hits="0"/>
						<line number="231" hits="0"/>
						<line number="232" hits="0"/>
						<line number="236" hits="1"/>
						<line number="249" hits="0"/>
						<line number="250" hits="0"/>
						<line number="251" hits="0"/>
						<line number="252" hits="0"/>
						<line number="255" hits="1"/>
						<line number="266" hits="0"/>
						<line number="267" hits="0"/>
						<line number="268" hits="0"/>
						<line number="269" hits="0"/>
						<line number="272" hits="1"/>
						<line number="283" hits="0"/>
						<line number="284" hits="0"/>
						<line number="285" hits="0"/>
						<line number="286" hits="0"/>
						<line number="290" hits="1"/>
						<line number="297" hits="0"/>
						<line number="298" hits="0"/>
						<line number="299" hits="0"/>
						<line number="300" hits="0"/>
						<line number="302" hits="0" branch="true" condition-coverage="0% (0/2)" missing-branches="303,306"/>
						<line number="303" hits="0"/>
						<line number="306" hits="0"/>
						<line number="307" hits="0"/>
						<line number="308" hits="0" branch="true" condition-coverage="0% (0/2)" missing-branches="309,310"/>
						<line number="309" hits="0"/>
						<line number="310" hits="0" branch="true" condition-coverage="0% (0/2)" missing-branches="313,318"/>
						<line number="313" hits="0"/>
						<line number="314" hits="0"/>
						<line number="315" hits="0"/>
						<line number="316" hits="0"/>
						<line number="318" hits="0"/>
						<line number="320" hits="0"/>
						<line number="321" hits="0"/>
						<line number="322" hits="0"/>
						<line number="324" hits="0"/>
						<line number="325" hits="0"/>
						<line number="329" hits="1"/>
						<line number="336" hits="0"/>
						<line number="338" hits="0"/>
						<line number="339" hits="0"/>
						<line number="340" hits="0"/>
						<line number="342" hits="0" branch="true" condition-coverage="0% (0/2)" missing-branches="343,346"/>
						<line number="343" hits="0"/>
						<line number="346" hits="0"/>
						<line number="347" hits="0"/>
						<line number="348" hits="0"/>
						<line number="349" hits="0" branch="true" condition-coverage="0% (0/2)" missing-branches="350,353"/>
						<line number="350" hits="0"/>
						<line number="351" hits="0"/>
						<line number="353" hits="0" branch="true" condition-coverage="0% (0/2)" missing-branches="354,361"/>
						<line number="354" hits="0"/>
						<line number="355" hits="0"/>
						<line number="356" hits="0" branch="true" condition-coverage="0% (0/2)" missing-branches="357,361"/>
						<line number="357" hits="0"/>
						<line number="358" hits="0"/>
						<line number="359" hits="0"/>
						<line number="361" hits="0" branch="true" condition-coverage="0% (0/2)" missing-branches="362,369"/>
						<line number="362" hits="0"/>
						<line number="363" hits="0"/>
						<line number="364" hits="0" branch="true" condition-coverage="0% (0/2)" missing-branches="365,369"/>
						<line number="365" hits="0"/>
						<line number="366" hits="0"/>
						<line number="367" hits="0"/>
						<line number="369" hits="0" branch="true" condition-coverage="0% (0/2)" missing-branches="370,375"/>
						<line number="370" hits="0"/>
						<line number="371" hits="0"/>
						<line number="372" hits="0"/>
						<line number="373" hits="0"/>
						<line number="375" hits="1"/>
						<line number="384" hits="0"/>
						<line number="385" hits="0"/>
						<line number="386" hits="0"/>
						<line number="389" hits="1"/>
						<line number="396" hits="0"/>
						<line number="398" hits="0"/>
						<line number="400" hits="0"/>
						<line number="408" hits="0"/>
						<line number="411" hits="0"/>
						<line number="412" hits="0"/>
						<line number="414" hits="0"/>
						<line number="415" hits="0"/>
						<line number="416" hits="0"/>
						<line number="418" hits="0"/>
						<line number="419" hits="0"/>
						<line number="427" hits="0"/>
						<line number="429" hits="0"/>
						<line number="431" hits="0"/>
						<line number="432" hits="0"/>
						<line number="434" hits="0"/>
					</lines>
				</class>
				<class name="database_manager.py" filename="shared_context_server/database_manager.py" complexity="0" line-rate="0.7341" branch-rate="0.5847">
					<methods/>
					<lines>
						<line number="16" hits="1"/>
						<line number="18" hits="1"/>
						<line number="19" hits="1"/>
						<line number="20" hits="1"/>
						<line number="21" hits="1"/>
						<line number="25" hits="1"/>
						<line number="26" hits="1"/>
						<line number="27" hits="1"/>
						<line number="28" hits="1"/>
						<line number="29" hits="1"/>
						<line number="30" hits="1"/>
						<line number="31" hits="1"/>
						<line number="32" hits="1"/>
						<line number="34" hits="1" branch="true" condition-coverage="50% (1/2)" missing-branches="35"/>
						<line number="35" hits="0"/>
						<line number="37" hits="1"/>
						<line number="38" hits="1"/>
						<line number="39" hits="1"/>
						<line number="41" hits="1"/>
						<line number="42" hits="1"/>
						<line number="44" hits="1" branch="true" condition-coverage="50% (1/2)" missing-branches="45"/>
						<line number="45" hits="0"/>
						<line number="47" hits="0"/>
						<line number="49" hits="1"/>
						<line number="52" hits="1"/>
						<line number="55" hits="1"/>
						<line number="58" hits="1"/>
						<line number="61" hits="1"/>
						<line number="64" hits="1"/>
						<line number="67" hits="1"/>
						<line number="71" hits="1"/>
						<line number="83" hits="1"/>
						<line number="85" hits="1"/>
						<line number="87" hits="1"/>
						<line number="97" hits="1"/>
						<line number="100" hits="1"/>
						<line number="103" hits="1"/>
						<line number="104" hits="1"/>
						<line number="106" hits="1" branch="true" condition-coverage="50% (1/2)" missing-branches="108"/>
						<line number="107" hits="1"/>
						<line number="108" hits="0" branch="true" condition-coverage="0% (0/2)" missing-branches="109,111"/>
						<line number="109" hits="0"/>
						<line number="111" hits="0"/>
						<line number="113" hits="1"/>
						<line number="114" hits="1" branch="true" condition-coverage="100% (2/2)"/>
						<line number="115" hits="1"/>
						<line number="121" hits="1" branch="true" condition-coverage="50% (1/2)" missing-branches="123"/>
						<line number="122" hits="1"/>
						<line number="123" hits="0"/>
						<line number="125" hits="1"/>
						<line number="126" hits="0"/>
						<line number="128" hits="1"/>
						<line number="129" hits="1"/>
						<line number="131" hits="1"/>
						<line number="133" hits="0" branch="true" condition-coverage="0% (0/2)" missing-branches="134,135"/>
						<line number="134" hits="0"/>
						<line number="135" hits="0"/>
						<line number="138" hits="1"/>
						<line number="141" hits="1"/>
						<line number="142" hits="1"/>
						<line number="143" hits="1"/>
						<line number="144" hits="1"/>
						<line number="146" hits="1"/>
						<line number="151" hits="1"/>
						<line number="154" hits="1"/>
						<line number="155" hits="1"/>
						<line number="157" hits="1"/>
						<line number="159" hits="1"/>
						<line number="161" hits="1"/>
						<line number="163" hits="0"/>
						<line number="165" hits="1"/>
						<line number="169" hits="1" branch="true" condition-coverage="100% (2/2)"/>
						<line number="170" hits="1"/>
						<line number="172" hits="1"/>
						<line number="173" hits="1"/>
						<line number="175" hits="1" branch="true" condition-coverage="100% (2/2)"/>
						<line number="176" hits="1"/>
						<line number="177" hits="1"/>
						<line number="178" hits="1"/>
						<line number="180" hits="1"/>
						<line number="183" hits="1"/>
						<line number="186" hits="1"/>
						<line number="187" hits="1"/>
						<line number="188" hits="1"/>
						<line number="189" hits="1"/>
						<line number="190" hits="1"/>
						<line number="192" hits="1"/>
						<line number="194" hits="1"/>
						<line number="195" hits="1" branch="true" condition-coverage="100% (2/2)"/>
						<line number="196" hits="1"/>
						<line number="198" hits="1" branch="true" condition-coverage="100% (2/2)"/>
						<line number="199" hits="1"/>
						<line number="200" hits="1"/>
						<line number="202" hits="1"/>
						<line number="204" hits="1"/>
						<line number="205" hits="1" branch="true" condition-coverage="100% (2/2)"/>
						<line number="206" hits="1"/>
						<line number="207" hits="1"/>
						<line number="210" hits="1"/>
						<line number="213" hits="1"/>
						<line number="214" hits="1"/>
						<line number="215" hits="1"/>
						<line number="216" hits="1"/>
						<line number="217" hits="1"/>
						<line number="218" hits="1"/>
						<line number="219" hits="1"/>
						<line number="222" hits="1" branch="true" condition-coverage="50% (1/2)" missing-branches="exit"/>
						<line number="223" hits="1"/>
						<line number="225" hits="1"/>
						<line number="228" hits="1"/>
						<line number="229" hits="1"/>
						<line number="232" hits="1" branch="true" condition-coverage="50% (1/2)" missing-branches="241"/>
						<line number="233" hits="1" branch="true" condition-coverage="100% (2/2)"/>
						<line number="235" hits="1"/>
						<line number="237" hits="1"/>
						<line number="238" hits="1"/>
						<line number="239" hits="1"/>
						<line number="241" hits="0"/>
						<line number="243" hits="1"/>
						<line number="245" hits="1"/>
						<line number="247" hits="1"/>
						<line number="250" hits="1"/>
						<line number="252" hits="1"/>
						<line number="253" hits="1"/>
						<line number="254" hits="0"/>
						<line number="255" hits="0"/>
						<line number="260" hits="1"/>
						<line number="262" hits="1" branch="true" condition-coverage="100% (2/2)"/>
						<line number="263" hits="1"/>
						<line number="266" hits="1" branch="true" condition-coverage="50% (1/2)" missing-branches="275"/>
						<line number="267" hits="1"/>
						<line number="268" hits="1"/>
						<line number="269" hits="1"/>
						<line number="270" hits="0"/>
						<line number="272" hits="0"/>
						<line number="275" hits="1"/>
						<line number="277" hits="1"/>
						<line number="279" hits="1" branch="true" condition-coverage="50% (1/2)" missing-branches="280"/>
						<line number="280" hits="0"/>
						<line number="282" hits="1"/>
						<line number="283" hits="1" branch="true" condition-coverage="100% (2/2)"/>
						<line number="284" hits="1"/>
						<line number="287" hits="1"/>
						<line number="289" hits="1" branch="true" condition-coverage="50% (1/2)" missing-branches="296"/>
						<line number="291" hits="1"/>
						<line number="296" hits="1"/>
						<line number="297" hits="1"/>
						<line number="299" hits="1" branch="true" condition-coverage="50% (1/2)" missing-branches="327"/>
						<line number="300" hits="1" branch="true" condition-coverage="50% (1/2)" missing-branches="314"/>
						<line number="302" hits="1"/>
						<line number="314" hits="0"/>
						<line number="327" hits="0"/>
						<line number="339" hits="1" branch="true" condition-coverage="50% (1/2)" missing-branches="351"/>
						<line number="341" hits="1"/>
						<line number="342" hits="1"/>
						<line number="345" hits="1"/>
						<line number="346" hits="1" branch="true" condition-coverage="50% (1/2)" missing-branches="348"/>
						<line number="347" hits="1"/>
						<line number="348" hits="0"/>
						<line number="351" hits="1"/>
						<line number="352" hits="1"/>
						<line number="355" hits="1"/>
						<line number="356" hits="1"/>
						<line number="362" hits="1" branch="true" condition-coverage="50% (1/2)" missing-branches="369"/>
						<line number="364" hits="1"/>
						<line number="369" hits="0" branch="true" condition-coverage="0% (0/2)" missing-branches="exit,370"/>
						<line number="370" hits="0"/>
						<line number="373" hits="0"/>
						<line number="375" hits="1"/>
						<line number="377" hits="1" branch="true" condition-coverage="50% (1/2)" missing-branches="378"/>
						<line number="378" hits="0"/>
						<line number="381" hits="1"/>
						<line number="383" hits="1"/>
						<line number="389" hits="1" branch="true" condition-coverage="100% (2/2)"/>
						<line number="391" hits="1"/>
						<line number="392" hits="1" branch="true" condition-coverage="50% (1/2)" missing-branches="exit"/>
						<line number="393" hits="1"/>
						<line number="395" hits="1"/>
						<line number="396" hits="1"/>
						<line number="397" hits="1"/>
						<line number="399" hits="1" branch="true" condition-coverage="100% (2/2)"/>
						<line number="400" hits="1"/>
						<line number="403" hits="1" branch="true" condition-coverage="100% (2/2)"/>
						<line number="404" hits="1"/>
						<line number="407" hits="1" branch="true" condition-coverage="100% (2/2)"/>
						<line number="408" hits="1"/>
						<line number="409" hits="1"/>
						<line number="410" hits="1" branch="true" condition-coverage="100% (2/2)"/>
						<line number="411" hits="1"/>
						<line number="412" hits="1" branch="true" condition-coverage="100% (2/2)"/>
						<line number="414" hits="1"/>
						<line number="415" hits="1"/>
						<line number="416" hits="1"/>
						<line number="419" hits="1"/>
						<line number="420" hits="1" branch="true" condition-coverage="100% (2/2)"/>
						<line number="422" hits="1"/>
						<line number="423" hits="1" branch="true" condition-coverage="50% (1/2)" missing-branches="425"/>
						<line number="424" hits="1"/>
						<line number="425" hits="1"/>
						<line number="428" hits="1" branch="true" condition-coverage="50% (1/2)" missing-branches="429"/>
						<line number="429" hits="0"/>
						<line number="430" hits="0" branch="true" condition-coverage="0% (0/2)" missing-branches="431,434"/>
						<line number="431" hits="0"/>
						<line number="434" hits="1" branch="true" condition-coverage="50% (1/2)" missing-branches="441"/>
						<line number="435" hits="1"/>
						<line number="436" hits="1"/>
						<line number="437" hits="1"/>
						<line number="438" hits="1"/>
						<line number="439" hits="1"/>
						<line number="441" hits="0"/>
						<line number="443" hits="1"/>
						<line number="446" hits="1"/>
						<line number="447" hits="1"/>
						<line number="450" hits="1"/>
						<line number="451" hits="1"/>
						<line number="452" hits="1" branch="true" condition-coverage="50% (1/2)" missing-branches="456"/>
						<line number="453" hits="1"/>
						<line number="456" hits="0"/>
						<line number="458" hits="1"/>
						<line number="459" hits="1"/>
						<line number="468" hits="1"/>
						<line number="470" hits="1" branch="true" condition-coverage="50% (1/2)" missing-branches="471"/>
						<line number="471" hits="0"/>
						<line number="488" hits="1"/>
						<line number="489" hits="1"/>
						<line number="491" hits="1" branch="true" condition-coverage="50% (1/2)" missing-branches="exit"/>
						<line number="492" hits="1"/>
						<line number="493" hits="1" branch="true" condition-coverage="50% (1/2)" missing-branches="495"/>
						<line number="495" hits="0"/>
						<line number="496" hits="0"/>
						<line number="499" hits="0"/>
						<line number="500" hits="0"/>
						<line number="501" hits="0"/>
						<line number="502" hits="0"/>
						<line number="503" hits="0"/>
						<line number="504" hits="0"/>
						<line number="505" hits="0"/>
						<line number="506" hits="0"/>
						<line number="509" hits="1"/>
						<line number="510" hits="1"/>
						<line number="511" hits="1"/>
						<line number="512" hits="1"/>
						<line number="513" hits="1"/>
						<line number="514" hits="1" branch="true" condition-coverage="50% (1/2)" missing-branches="519"/>
						<line number="519" hits="0"/>
						<line number="520" hits="0"/>
						<line number="522" hits="0"/>
						<line number="523" hits="1"/>
						<line number="525" hits="1"/>
						<line number="527" hits="1" branch="true" condition-coverage="50% (1/2)" missing-branches="exit"/>
						<line number="529" hits="1"/>
						<line number="530" hits="1" branch="true" condition-coverage="50% (1/2)" missing-branches="539"/>
						<line number="532" hits="1"/>
						<line number="533" hits="1"/>
						<line number="534" hits="0"/>
						<line number="535" hits="0"/>
						<line number="539" hits="0"/>
						<line number="540" hits="1"/>
						<line number="541" hits="1"/>
						<line number="543" hits="1"/>
						<line number="549" hits="0" branch="true" condition-coverage="0% (0/2)" missing-branches="550,552"/>
						<line number="550" hits="0"/>
						<line number="552" hits="0"/>
						<line number="553" hits="0"/>
						<line number="554" hits="0"/>
						<line number="555" hits="0"/>
						<line number="556" hits="0"/>
						<line number="557" hits="0"/>
						<line number="558" hits="0"/>
						<line number="560" hits="1"/>
[...]
						<line number="863" hits="1"/>
						<line number="864" hits="1"/>
						<line number="865" hits="1" branch="true" condition-coverage="50% (1/2)" missing-branches="866"/>
						<line number="866" hits="0"/>
						<line number="867" hits="0"/>
						<line number="868" hits="0"/>
						<line number="869" hits="0"/>
						<line number="870" hits="0"/>
						<line number="873" hits="1"/>
						<line number="876" hits="1"/>
						<line number="879" hits="1"/>
						<line number="880" hits="1" branch="true" condition-coverage="100% (2/2)"/>
						<line number="881" hits="1"/>
						<line number="882" hits="1"/>
						<line number="883" hits="1"/>
						<line number="884" hits="1"/>
						<line number="885" hits="1"/>
						<line number="886" hits="1"/>
						<line number="889" hits="1"/>
						<line number="890" hits="1"/>
						<line number="891" hits="1"/>
						<line number="892" hits="1"/>
						<line number="893" hits="1"/>
						<line number="896" hits="1"/>
						<line number="897" hits="1"/>
						<line number="898" hits="1"/>
						<line number="899" hits="0"/>
						<line number="900" hits="0"/>
						<line number="901" hits="0"/>
						<line number="904" hits="1"/>
						<line number="905" hits="1" branch="true" condition-coverage="100% (2/2)"/>
						<line number="906" hits="1"/>
						<line number="907" hits="1" branch="true" condition-coverage="50% (1/2)" missing-branches="exit"/>
						<line number="908" hits="1"/>
						<line number="909" hits="1"/>
						<line number="910" hits="1"/>
						<line number="911" hits="1"/>
						<line number="912" hits="1"/>
						<line number="913" hits="0"/>
						<line number="914" hits="0"/>
					</lines>
				</class>
			</classes>
		</package>
		<package name="shared_context_server.utils" line-rate="0.8772" branch-rate="0.7857" complexity="0">
			<classes>
				<class name="__init__.py" filename="shared_context_server/utils/__init__.py" complexity="0" line-rate="1" branch-rate="1">
					<methods/>
					<lines>
						<line number="7" hits="1"/>
						<line number="19" hits="1"/>
					</lines>
				</class>
				<class name="caching.py" filename="shared_context_server/utils/caching.py" complexity="0" line-rate="0.9355" branch-rate="0.9">
					<methods/>
					<lines>
						<line number="14" hits="1"/>
						<line number="16" hits="1"/>
						<line number="17" hits="1"/>
						<line number="18" hits="1"/>
						<line number="19" hits="1"/>
						<line number="20" hits="1"/>
						<line number="21" hits="1"/>
						<line number="22" hits="1"/>
						<line number="24" hits="1"/>
						<line number="28" hits="1"/>
						<line number="36" hits="1"/>
						<line number="39" hits="1"/>
						<line number="41" hits="1"/>
						<line number="42" hits="1"/>
						<line number="45" hits="1"/>
						<line number="46" hits="1"/>
						<line number="49" hits="1"/>
						<line number="60" hits="1"/>
						<line number="61" hits="1"/>
						<line number="64" hits="1"/>
						<line number="65" hits="1"/>
						<line number="67" hits="1"/>
						<line number="72" hits="1" branch="true" condition-coverage="100% (2/2)"/>
						<line number="74" hits="1"/>
						<line number="75" hits="1"/>
						<line number="78" hits="1"/>
						<line number="80" hits="1"/>
						<line number="82" hits="1"/>
						<line number="85" hits="1"/>
						<line number="86" hits="1"/>
						<line number="89" hits="1"/>
						<line number="90" hits="1" branch="true" condition-coverage="100% (2/2)"/>
						<line number="91" hits="1"/>
						<line number="94" hits="1" branch="true" condition-coverage="100% (2/2)"/>
						<line number="96" hits="1"/>
						<line number="97" hits="1"/>
						<line number="100" hits="1"/>
						<line number="101" hits="1"/>
						<line number="103" hits="1"/>
						<line number="106" hits="1"/>
						<line number="107" hits="1" branch="true" condition-coverage="100% (2/2)"/>
						<line number="108" hits="1"/>
						<line number="111" hits="1" branch="true" condition-coverage="50% (1/2)" missing-branches="123"/>
						<line number="113" hits="1"/>
						<line number="114" hits="1"/>
						<line number="117" hits="1"/>
						<line number="120" hits="1"/>
						<line number="121" hits="1"/>
						<line number="123" hits="0"/>
						<line number="126" hits="1"/>
						<line number="128" hits="1"/>
						<line number="129" hits="1"/>
						<line number="131" hits="1"/>
						<line number="141" hits="1"/>
						<line number="142" hits="1"/>
						<line number="145" hits="1" branch="true" condition-coverage="100% (2/2)"/>
						<line number="146" hits="1"/>
						<line number="148" hits="1"/>
						<line number="150" hits="1"/>
						<line number="159" hits="1" branch="true" condition-coverage="100% (2/2)"/>
						<line number="160" hits="1"/>
						<line number="161" hits="1" branch="true" condition-coverage="50% (1/2)" missing-branches="165"/>
						<line number="162" hits="1"/>
						<line number="165" hits="0"/>
						<line number="167" hits="1"/>
						<line number="169" hits="1"/>
						<line number="171" hits="1"/>
						<line number="174" hits="1"/>
						<line number="176" hits="1" branch="true" condition-coverage="100% (2/2)"/>
						<line number="177" hits="1"/>
						<line number="180" hits="1"/>
						<line number="182" hits="1"/>
						<line number="184" hits="1"/>
						<line number="186" hits="1"/>
						<line number="189" hits="1"/>
						<line number="191" hits="1" branch="true" condition-coverage="100% (2/2)"/>
						<line number="192" hits="1"/>
						<line number="195" hits="1"/>
						<line number="197" hits="1"/>
						<line number="199" hits="1"/>
						<line number="201" hits="1"/>
						<line number="205" hits="1" branch="true" condition-coverage="100% (2/2)"/>
						<line number="206" hits="1"/>
						<line number="214" hits="1"/>
						<line number="216" hits="1"/>
						<line number="219" hits="1"/>
						<line number="222" hits="1"/>
						<line number="223" hits="1" branch="true" condition-coverage="100% (2/2)"/>
						<line number="224" hits="1"/>
						<line number="225" hits="1"/>
						<line number="227" hits="1"/>
						<line number="230" hits="1"/>
						<line number="231" hits="1" branch="true" condition-coverage="100% (2/2)"/>
						<line number="232" hits="1"/>
						<line number="233" hits="1"/>
						<line number="235" hits="1"/>
						<line number="237" hits="1"/>
						<line number="240" hits="1"/>
						<line number="243" hits="1"/>
						<line number="245" hits="1"/>
						<line number="246" hits="1"/>
						<line number="248" hits="1"/>
						<line number="249" hits="1"/>
						<line number="252" hits="1" branch="true" condition-coverage="100% (2/2)"/>
						<line number="253" hits="1"/>
						<line number="254" hits="1"/>
						<line number="256" hits="1" branch="true" condition-coverage="100% (2/2)"/>
						<line number="258" hits="1"/>
						<line number="262" hits="1"/>
						<line number="264" hits="1"/>
						<line number="268" hits="1"/>
						<line number="269" hits="1" branch="true" condition-coverage="100% (2/2)"/>
						<line number="270" hits="1"/>
						<line number="271" hits="1"/>
						<line number="274" hits="1"/>
						<line number="275" hits="1" branch="true" condition-coverage="100% (2/2)"/>
						<line number="276" hits="1"/>
						<line number="277" hits="1"/>
						<line number="279" hits="1"/>
						<line number="282" hits="1"/>
						<line number="283" hits="1"/>
						<line number="286" hits="1"/>
						<line number="287" hits="1"/>
						<line number="293" hits="1" branch="true" condition-coverage="100% (2/2)"/>
						<line number="294" hits="1"/>
						<line number="295" hits="1"/>
						<line number="298" hits="1"/>
						<line number="299" hits="1"/>
						<line number="305" hits="1" branch="true" condition-coverage="100% (2/2)"/>
						<line number="306" hits="1"/>
						<line number="307" hits="1"/>
						<line number="309" hits="1" branch="true" condition-coverage="100% (2/2)"/>
						<line number="310" hits="1"/>
						<line number="312" hits="1"/>
						<line number="314" hits="1"/>
						<line number="316" hits="1"/>
						<line number="319" hits="1"/>
						<line number="325" hits="1"/>
						<line number="326" hits="1"/>
						<line number="327" hits="1"/>
						<line number="329" hits="1" branch="true" condition-coverage="100% (2/2)"/>
						<line number="330" hits="1"/>
						<line number="333" hits="1"/>
						<line number="334" hits="1"/>
						<line number="336" hits="1"/>
						<line number="357" hits="1"/>
						<line number="360" hits="1"/>
						<line number="366" hits="1"/>
						<line number="367" hits="1" branch="true" condition-coverage="100% (2/2)"/>
						<line number="368" hits="1"/>
						<line number="373" hits="1" branch="true" condition-coverage="100% (2/2)"/>
						<line number="374" hits="1"/>
						<line number="375" hits="1" branch="true" condition-coverage="100% (2/2)"/>
						<line number="376" hits="1"/>
						<line number="377" hits="1" branch="true" condition-coverage="100% (2/2)"/>
						<line number="378" hits="1"/>
						<line number="380" hits="1"/>
						<line number="382" hits="1"/>
						<line number="385" hits="1"/>
						<line number="386" hits="1"/>
						<line number="388" hits="1"/>
						<line number="389" hits="1"/>
						<line number="391" hits="1"/>
						<line number="393" hits="1"/>
						<line number="401" hits="1"/>
						<line number="402" hits="1"/>
						<line number="404" hits="1"/>
						<line number="405" hits="1"/>
						<line number="408" hits="1"/>
						<line number="418" hits="1"/>
						<line number="426" hits="1"/>
						<line number="428" hits="1"/>
						<line number="431" hits="1"/>
						<line number="440" hits="1"/>
						<line number="441" hits="1"/>
						<line number="444" hits="1"/>
						<line number="446" hits="1"/>
						<line number="454" hits="1"/>
						<line number="460" hits="1"/>
						<line number="465" hits="1"/>
						<line number="466" hits="1" branch="true" condition-coverage="100% (2/2)"/>
						<line number="467" hits="1"/>
						<line number="469" hits="1"/>
						<line number="474" hits="1"/>
						<line number="479" hits="1"/>
						<line number="480" hits="1"/>
						<line number="483" hits="1"/>
						<line number="492" hits="1"/>
						<line number="500" hits="1"/>
						<line number="503" hits="0"/>
						<line number="506" hits="0" branch="true" condition-coverage="0% (0/2)" missing-branches="exit,507"/>
						<line number="507" hits="0"/>
						<line number="508" hits="0"/>
						<line number="509" hits="0"/>
						<line number="511" hits="0"/>
						<line number="518" hits="0" branch="true" condition-coverage="0% (0/2)" missing-branches="exit,519"/>
						<line number="519" hits="0"/>
						<line number="522" hits="1"/>
						<line number="525" hits="1"/>
						<line number="527" hits="1"/>
						<line number="529" hits="1"/>
						<line number="531" hits="0"/>
						<line number="532" hits="0"/>
						<line number="533" hits="0"/>
						<line number="534" hits="0"/>
						<line number="538" hits="1"/>
						<line number="541" hits="1"/>
						<line number="549" hits="1"/>
						<line number="559" hits="1" branch="true" condition-coverage="100% (2/2)"/>
						<line number="560" hits="1"/>
						<line number="561" hits="1" branch="true" condition-coverage="100% (2/2)"/>
						<line number="562" hits="1"/>
						<line number="565" hits="1"/>
						<line number="568" hits="1"/>
						<line number="570" hits="1"/>
						<line number="573" hits="1"/>
						<line number="576" hits="1"/>
					</lines>
				</class>
				<class name="llm_errors.py" filename="shared_context_server/utils/llm_errors.py" complexity="0" line-rate="1" branch-rate="0.9444">
					<methods/>
					<lines>
						<line number="16" hits="1"/>
						<line number="18" hits="1"/>
						<line number="19" hits="1"/>
						<line number="20" hits="1"/>
						<line number="27" hits="1"/>
						<line number="30" hits="1"/>
						<line number="31" hits="1"/>
						<line number="32" hits="1"/>
						<line number="35" hits="1"/>
						<line number="38" hits="1"/>
						<line number="50" hits="1"/>
						<line number="51" hits="1"/>
						<line number="52" hits="1"/>
						<line number="53" hits="1"/>
						<line number="54" hits="1"/>
						<line number="55" hits="1"/>
						<line number="56" hits="1"/>
						<line number="57" hits="1"/>
						<line number="58" hits="1"/>
						<line number="59" hits="1"/>
						<line number="61" hits="1"/>
						<line number="63" hits="1"/>
						<line number="72" hits="1" branch="true" condition-coverage="100% (2/2)"/>
						<line number="73" hits="1"/>
						<line number="75" hits="1" branch="true" condition-coverage="100% (2/2)"/>
						<line number="76" hits="1"/>
						<line number="78" hits="1" branch="true" condition-coverage="100% (2/2)"/>
						<line number="79" hits="1"/>
						<line number="81" hits="1" branch="true" condition-coverage="100% (2/2)"/>
						<line number="82" hits="1"/>
						<line number="84" hits="1"/>
						<line number="85" hits="1"/>
						<line number="93" hits="1"/>
						<line number="98" hits="1"/>
						<line number="101" hits="1"/>
						<line number="104" hits="1"/>
						<line number="109" hits="1"/>
						<line number="115" hits="1"/>
						<line number="123" hits="1"/>
						<line number="133" hits="1"/>
						<line number="143" hits="1" branch="true" condition-coverage="100% (2/2)"/>
						<line number="144" hits="1"/>
						<line number="149" hits="1" branch="true" condition-coverage="100% (2/2)"/>
						<line number="150" hits="1"/>
						<line number="154" hits="1"/>
						<line number="159" hits="1" branch="true" condition-coverage="100% (2/2)"/>
						<line number="160" hits="1"/>
						<line number="164" hits="1"/>
						<line number="174" hits="1"/>
						<line number="183" hits="1" branch="true" condition-coverage="100% (2/2)"/>
						<line number="184" hits="1"/>
						<line number="190" hits="1" branch="true" condition-coverage="100% (2/2)"/>
						<line number="191" hits="1"/>
						<line number="195" hits="1"/>
						<line number="200" hits="1"/>
						<line number="212" hits="1"/>
						<line number="217" hits="1" branch="true" condition-coverage="100% (2/2)"/>
						<line number="218" hits="1"/>
						<line number="223" hits="1"/>
						<line number="224" hits="1"/>
						<line number="226" hits="1"/>
						<line number="231" hits="1"/>
						<line number="232" hits="1"/>
						<line number="234" hits="1"/>
						<line number="240" hits="1"/>
						<line number="258" hits="1"/>
						<line number="435" hits="1"/>
						<line number="439" hits="1" branch="true" condition-coverage="100% (2/2)"/>
						<line number="440" hits="1"/>
						<line number="441" hits="1"/>
						<line number="443" hits="1"/>
						<line number="445" hits="1"/>
						<line number="455" hits="1"/>
						<line number="465" hits="1"/>
						<line number="475" hits="1" branch="true" condition-coverage="100% (2/2)"/>
						<line number="476" hits="1" branch="true" condition-coverage="100% (2/2)"/>
						<line number="477" hits="1"/>
						<line number="480" hits="1" branch="true" condition-coverage="100% (2/2)"/>
						<line number="481" hits="1"/>
						<line number="484" hits="1" branch="true" condition-coverage="100% (2/2)"/>
						<line number="485" hits="1"/>
						<line number="488" hits="1"/>
						<line number="491" hits="1"/>
						<line number="509" hits="1"/>
						<line number="512" hits="1" branch="true" condition-coverage="50% (1/2)" missing-branches="515"/>
						<line number="513" hits="1"/>
						<line number="515" hits="1" branch="true" condition-coverage="50% (1/2)" missing-branches="518"/>
						<line number="516" hits="1"/>
						<line number="518" hits="1"/>
						<line number="519" hits="1"/>
						<line number="520" hits="1"/>
						<line number="522" hits="1"/>
						<line number="525" hits="1"/>
						<line number="538" hits="1"/>
						<line number="539" hits="1"/>
						<line number="541" hits="1" branch="true" condition-coverage="100% (2/2)"/>
						<line number="542" hits="1"/>
						<line number="543" hits="1"/>
						<line number="545" hits="1"/>
						<line number="546" hits="1"/>
						<line number="555" hits="1"/>
						<line number="563" hits="1"/>
						<line number="573" hits="1"/>
						<line number="583" hits="1"/>
						<line number="611" hits="1"/>
					</lines>
				</class>
				<class name="performance.py" filename="shared_context_server/utils/performance.py" complexity="0" line-rate="0.8846" branch-rate="1">
					<methods/>
					<lines>
						<line number="8" hits="1"/>
						<line number="10" hits="1"/>
						<line number="11" hits="1"/>
						<line number="12" hits="1"/>
						<line number="13" hits="1"/>
						<line number="14" hits="1"/>
						<line number="16" hits="1"/>
						<line number="19" hits="1"/>
						<line number="20" hits="1"/>
						<line number="22" hits="1"/>
						<line number="30" hits="1"/>
						<line number="32" hits="1"/>
						<line number="35" hits="1"/>
						<line number="36" hits="1"/>
						<line number="37" hits="1"/>
						<line number="39" hits="1"/>
						<line number="40" hits="1"/>
						<line number="41" hits="1"/>
						<line number="44" hits="1"/>
						<line number="46" hits="1"/>
						<line number="54" hits="1"/>
						<line number="57" hits="1"/>
						<line number="59" hits="1"/>
						<line number="102" hits="0"/>
						<line number="103" hits="0"/>
						<line number="104" hits="0"/>
					</lines>
				</class>
				<class name="security.py" filename="shared_context_server/utils/security.py" complexity="0" line-rate="0.3469" branch-rate="0">
					<methods/>
					<lines>
						<line number="8" hits="1"/>
						<line number="9" hits="1"/>
						<line number="10" hits="1"/>
						<line number="11" hits="1"/>
						<line number="14" hits="1"/>
						<line number="29" hits="0" branch="true" condition-coverage="0% (0/2)" missing-branches="30,32"/>
						<line number="30" hits="0"/>
						<line number="32" hits="0"/>
						<line number="35" hits="1"/>
						<line number="42" hits="0"/>
						<line number="45" hits="1"/>
						<line number="52" hits="0"/>
						<line number="55" hits="1"/>
						<line number="68" hits="0" branch="true" condition-coverage="0% (0/2)" missing-branches="69,72"/>
						<line number="69" hits="0"/>
						<line number="72" hits="0"/>
						<line number="74" hits="0"/>
						<line number="76" hits="0"/>
						<line number="78" hits="0"/>
						<line number="81" hits="0"/>
						<line number="82" hits="0"/>
						<line number="85" hits="0"/>
						<line number="88" hits="0"/>
						<line number="89" hits="0"/>
						<line number="92" hits="1"/>
						<line number="101" hits="0" branch="true" condition-coverage="0% (0/2)" missing-branches="102,103"/>
						<line number="102" hits="0"/>
						<line number="103" hits="0" branch="true" condition-coverage="0% (0/2)" missing-branches="104,105"/>
						<line number="104" hits="0"/>
						<line number="105" hits="0"/>
						<line number="108" hits="1"/>
						<line number="118" hits="0" branch="true" condition-coverage="0% (0/2)" missing-branches="119,122"/>
						<line number="119" hits="0"/>
						<line number="122" hits="0"/>
						<line number="125" hits="1"/>
						<line number="149" hits="1"/>
						<line number="152" hits="1"/>
						<line number="165" hits="1"/>
						<line number="168" hits="1"/>
						<line number="178" hits="0" branch="true" condition-coverage="0% (0/2)" missing-branches="exit,180"/>
						<line number="180" hits="0"/>
						<line number="183" hits="1"/>
						<line number="193" hits="0" branch="true" condition-coverage="0% (0/2)" missing-branches="exit,195"/>
						<line number="195" hits="0"/>
						<line number="198" hits="1"/>
						<line number="205" hits="0" branch="true" condition-coverage="0% (0/2)" missing-branches="206,209"/>
						<line number="206" hits="0"/>
						<line number="209" hits="0"/>
						<line number="218" hits="0"/>
					</lines>
				</class>
			</classes>
		</package>
	</packages>
</coverage>
